{
  "stats": {
    "suites": 11,
    "tests": 39,
    "passes": 39,
    "pending": 0,
    "failures": 0,
    "start": "2026-04-21T08:14:39.965Z",
    "end": "2026-04-21T08:14:40.038Z",
    "duration": 73,
    "testsRegistered": 39,
    "passPercent": 100,
    "pendingPercent": 0,
    "other": 0,
    "hasOther": false,
    "skipped": 0,
    "hasSkipped": false
  },
  "results": [
    {
      "uuid": "55bb10eb-8c30-4ed8-82a8-fc8c685826d7",
      "title": "",
      "fullFile": "/home/runner/work/semantic-release-docker/semantic-release-docker/test/lib/index.ts",
      "file": "/test/lib/index.ts",
      "beforeHooks": [],
      "afterHooks": [],
      "tests": [],
      "suites": [
        {
          "uuid": "ac5a183b-39a2-4b04-aae4-01005cd8d83d",
          "title": "@sebbo2002/semantic-release-docker",
          "fullFile": "/home/runner/work/semantic-release-docker/semantic-release-docker/test/lib/index.ts",
          "file": "/test/lib/index.ts",
          "beforeHooks": [],
          "afterHooks": [],
          "tests": [],
          "suites": [
            {
              "uuid": "b2fe2514-9950-4b92-a7d1-3041f0d54e2d",
              "title": "parseConfig",
              "fullFile": "/home/runner/work/semantic-release-docker/semantic-release-docker/test/lib/index.ts",
              "file": "/test/lib/index.ts",
              "beforeHooks": [],
              "afterHooks": [],
              "tests": [
                {
                  "title": "should work without any tags",
                  "fullTitle": "@sebbo2002/semantic-release-docker parseConfig should work without any tags",
                  "timedOut": false,
                  "duration": 2,
                  "state": "passed",
                  "speed": "fast",
                  "pass": true,
                  "fail": false,
                  "pending": false,
                  "context": null,
                  "code": "const result=parseConfig({images:[\"ubuntu\"]});assert.deepStrictEqual(result,{images:[\"ubuntu\"],tag:{channel:true,latest:true,major:true,minor:true,version:true}})",
                  "err": {},
                  "uuid": "00816401-2abc-414f-a04e-1a2e0f7d0183",
                  "parentUUID": "b2fe2514-9950-4b92-a7d1-3041f0d54e2d",
                  "isHook": false,
                  "skipped": false
                },
                {
                  "title": "should work with images string",
                  "fullTitle": "@sebbo2002/semantic-release-docker parseConfig should work with images string",
                  "timedOut": false,
                  "duration": 0,
                  "state": "passed",
                  "speed": "fast",
                  "pass": true,
                  "fail": false,
                  "pending": false,
                  "context": null,
                  "code": "const result=parseConfig({images:\"ubuntu\"});assert.deepStrictEqual(result,{images:[\"ubuntu\"],tag:{channel:true,latest:true,major:true,minor:true,version:true}})",
                  "err": {},
                  "uuid": "20e8fee2-9fcd-4e50-8c3a-c88b47d7ba0b",
                  "parentUUID": "b2fe2514-9950-4b92-a7d1-3041f0d54e2d",
                  "isHook": false,
                  "skipped": false
                },
                {
                  "title": "should merge tags",
                  "fullTitle": "@sebbo2002/semantic-release-docker parseConfig should merge tags",
                  "timedOut": false,
                  "duration": 0,
                  "state": "passed",
                  "speed": "fast",
                  "pass": true,
                  "fail": false,
                  "pending": false,
                  "context": null,
                  "code": "const result=parseConfig({images:[\"ubuntu\"],tag:{minor:false}});assert.deepStrictEqual(result,{images:[\"ubuntu\"],tag:{channel:true,latest:true,major:true,minor:false,version:true}})",
                  "err": {},
                  "uuid": "047c1bd0-e1db-4534-9855-6e2d66a72081",
                  "parentUUID": "b2fe2514-9950-4b92-a7d1-3041f0d54e2d",
                  "isHook": false,
                  "skipped": false
                },
                {
                  "title": "should throw error without image defined",
                  "fullTitle": "@sebbo2002/semantic-release-docker parseConfig should throw error without image defined",
                  "timedOut": false,
                  "duration": 0,
                  "state": "passed",
                  "speed": "fast",
                  "pass": true,
                  "fail": false,
                  "pending": false,
                  "context": null,
                  "code": "assert.throws(()=>{parseConfig({})},/Configuration invalid: No image defined!/)",
                  "err": {},
                  "uuid": "f727e185-72a9-4df2-bcf4-3bd8bee60d7f",
                  "parentUUID": "b2fe2514-9950-4b92-a7d1-3041f0d54e2d",
                  "isHook": false,
                  "skipped": false
                }
              ],
              "suites": [],
              "passes": [
                "00816401-2abc-414f-a04e-1a2e0f7d0183",
                "20e8fee2-9fcd-4e50-8c3a-c88b47d7ba0b",
                "047c1bd0-e1db-4534-9855-6e2d66a72081",
                "f727e185-72a9-4df2-bcf4-3bd8bee60d7f"
              ],
              "failures": [],
              "pending": [],
              "skipped": [],
              "duration": 2,
              "root": false,
              "rootEmpty": false,
              "_timeout": 2000
            },
            {
              "uuid": "0f63d6b4-391c-4d48-bdec-435e0ac1440f",
              "title": "getBaseImage",
              "fullFile": "/home/runner/work/semantic-release-docker/semantic-release-docker/test/lib/index.ts",
              "file": "/test/lib/index.ts",
              "beforeHooks": [],
              "afterHooks": [],
              "tests": [
                {
                  "title": "alpine",
                  "fullTitle": "@sebbo2002/semantic-release-docker getBaseImage alpine",
                  "timedOut": false,
                  "duration": 0,
                  "state": "passed",
                  "speed": "fast",
                  "pass": true,
                  "fail": false,
                  "pending": false,
                  "context": null,
                  "code": "assert.strictEqual(getBaseImage(\"alpine\"),\"alpine\")",
                  "err": {},
                  "uuid": "5903b52e-a4af-4cc5-9b04-ad63aac47636",
                  "parentUUID": "0f63d6b4-391c-4d48-bdec-435e0ac1440f",
                  "isHook": false,
                  "skipped": false
                },
                {
                  "title": "ubuntu:14",
                  "fullTitle": "@sebbo2002/semantic-release-docker getBaseImage ubuntu:14",
                  "timedOut": false,
                  "duration": 0,
                  "state": "passed",
                  "speed": "fast",
                  "pass": true,
                  "fail": false,
                  "pending": false,
                  "context": null,
                  "code": "assert.strictEqual(getBaseImage(\"ubuntu:14\"),\"ubuntu\")",
                  "err": {},
                  "uuid": "9d75b91e-d913-427a-8a60-5f38c7dc6483",
                  "parentUUID": "0f63d6b4-391c-4d48-bdec-435e0ac1440f",
                  "isHook": false,
                  "skipped": false
                },
                {
                  "title": "sebbo2002/test:14.04",
                  "fullTitle": "@sebbo2002/semantic-release-docker getBaseImage sebbo2002/test:14.04",
                  "timedOut": false,
                  "duration": 1,
                  "state": "passed",
                  "speed": "fast",
                  "pass": true,
                  "fail": false,
                  "pending": false,
                  "context": null,
                  "code": "assert.strictEqual(getBaseImage(\"sebbo2002/test:14.04\"),\"sebbo2002/test\")",
                  "err": {},
                  "uuid": "9e8a8c31-3456-422e-bcc3-da19d3855c5c",
                  "parentUUID": "0f63d6b4-391c-4d48-bdec-435e0ac1440f",
                  "isHook": false,
                  "skipped": false
                },
                {
                  "title": "ubuntu@14",
                  "fullTitle": "@sebbo2002/semantic-release-docker getBaseImage ubuntu@14",
                  "timedOut": false,
                  "duration": 0,
                  "state": "passed",
                  "speed": "fast",
                  "pass": true,
                  "fail": false,
                  "pending": false,
                  "context": null,
                  "code": "assert.strictEqual(getBaseImage(\"ubuntu@14\"),\"ubuntu\")",
                  "err": {},
                  "uuid": "a0194514-2ef8-4785-a4b4-9d0b144f1a56",
                  "parentUUID": "0f63d6b4-391c-4d48-bdec-435e0ac1440f",
                  "isHook": false,
                  "skipped": false
                },
                {
                  "title": "sebbo2002/test@14.04",
                  "fullTitle": "@sebbo2002/semantic-release-docker getBaseImage sebbo2002/test@14.04",
                  "timedOut": false,
                  "duration": 0,
                  "state": "passed",
                  "speed": "fast",
                  "pass": true,
                  "fail": false,
                  "pending": false,
                  "context": null,
                  "code": "assert.strictEqual(getBaseImage(\"sebbo2002/test@14.04\"),\"sebbo2002/test\")",
                  "err": {},
                  "uuid": "911c2cf5-bbfe-49f9-a559-22dfb5b69a5c",
                  "parentUUID": "0f63d6b4-391c-4d48-bdec-435e0ac1440f",
                  "isHook": false,
                  "skipped": false
                },
                {
                  "title": "alpine@sha256:aaaaf56b44807c64d294e6c8059b479f35350b454492398225034174808d1726",
                  "fullTitle": "@sebbo2002/semantic-release-docker getBaseImage alpine@sha256:aaaaf56b44807c64d294e6c8059b479f35350b454492398225034174808d1726",
                  "timedOut": false,
                  "duration": 0,
                  "state": "passed",
                  "speed": "fast",
                  "pass": true,
                  "fail": false,
                  "pending": false,
                  "context": null,
                  "code": "assert.strictEqual(getBaseImage(\"alpine@sha256:aaaaf56b44807c64d294e6c8059b479f35350b454492398225034174808d1726\"),\"alpine\")",
                  "err": {},
                  "uuid": "a7912123-7c13-42d2-a7ef-4750b172a737",
                  "parentUUID": "0f63d6b4-391c-4d48-bdec-435e0ac1440f",
                  "isHook": false,
                  "skipped": false
                },
                {
                  "title": "quay.io/signalfuse/zookeeper",
                  "fullTitle": "@sebbo2002/semantic-release-docker getBaseImage quay.io/signalfuse/zookeeper",
                  "timedOut": false,
                  "duration": 0,
                  "state": "passed",
                  "speed": "fast",
                  "pass": true,
                  "fail": false,
                  "pending": false,
                  "context": null,
                  "code": "assert.strictEqual(getBaseImage(\"quay.io/signalfuse/zookeeper\"),\"quay.io/signalfuse/zookeeper\")",
                  "err": {},
                  "uuid": "ae112241-66e4-4995-82b2-621d428776d7",
                  "parentUUID": "0f63d6b4-391c-4d48-bdec-435e0ac1440f",
                  "isHook": false,
                  "skipped": false
                },
                {
                  "title": "internal.mycorp.com:5000/revealjs",
                  "fullTitle": "@sebbo2002/semantic-release-docker getBaseImage internal.mycorp.com:5000/revealjs",
                  "timedOut": false,
                  "duration": 0,
                  "state": "passed",
                  "speed": "fast",
                  "pass": true,
                  "fail": false,
                  "pending": false,
                  "context": null,
                  "code": "assert.strictEqual(getBaseImage(\"internal.mycorp.com:5000/revealjs\"),\"internal.mycorp.com:5000/revealjs\")",
                  "err": {},
                  "uuid": "7b69b33a-2ddb-4caf-95c3-0b89c1bf5a97",
                  "parentUUID": "0f63d6b4-391c-4d48-bdec-435e0ac1440f",
                  "isHook": false,
                  "skipped": false
                },
                {
                  "title": "internal.mycorp.com:5000/revealjs:3.4.5-3-develop.5",
                  "fullTitle": "@sebbo2002/semantic-release-docker getBaseImage internal.mycorp.com:5000/revealjs:3.4.5-3-develop.5",
                  "timedOut": false,
                  "duration": 0,
                  "state": "passed",
                  "speed": "fast",
                  "pass": true,
                  "fail": false,
                  "pending": false,
                  "context": null,
                  "code": "assert.strictEqual(getBaseImage(\"internal.mycorp.com:5000/revealjs:3.4.5-3-develop.5\"),\"internal.mycorp.com:5000/revealjs\")",
                  "err": {},
                  "uuid": "a1402f4b-06f6-4606-8bd7-b31acd207a5d",
                  "parentUUID": "0f63d6b4-391c-4d48-bdec-435e0ac1440f",
                  "isHook": false,
                  "skipped": false
                }
              ],
              "suites": [],
              "passes": [
                "5903b52e-a4af-4cc5-9b04-ad63aac47636",
                "9d75b91e-d913-427a-8a60-5f38c7dc6483",
                "9e8a8c31-3456-422e-bcc3-da19d3855c5c",
                "a0194514-2ef8-4785-a4b4-9d0b144f1a56",
                "911c2cf5-bbfe-49f9-a559-22dfb5b69a5c",
                "a7912123-7c13-42d2-a7ef-4750b172a737",
                "ae112241-66e4-4995-82b2-621d428776d7",
                "7b69b33a-2ddb-4caf-95c3-0b89c1bf5a97",
                "a1402f4b-06f6-4606-8bd7-b31acd207a5d"
              ],
              "failures": [],
              "pending": [],
              "skipped": [],
              "duration": 1,
              "root": false,
              "rootEmpty": false,
              "_timeout": 2000
            },
            {
              "uuid": "59e0f861-facc-4af7-b82b-1e6d71c55b68",
              "title": "isPreRelease",
              "fullFile": "/home/runner/work/semantic-release-docker/semantic-release-docker/test/lib/index.ts",
              "file": "/test/lib/index.ts",
              "beforeHooks": [],
              "afterHooks": [],
              "tests": [
                {
                  "title": "with release",
                  "fullTitle": "@sebbo2002/semantic-release-docker isPreRelease with release",
                  "timedOut": false,
                  "duration": 0,
                  "state": "passed",
                  "speed": "fast",
                  "pass": true,
                  "fail": false,
                  "pending": false,
                  "context": null,
                  "code": "const result=isPreRelease({branch:{name:\"develop\"},env:{},logger:{await:__name(()=>{},\"await\"),complete:__name(()=>{},\"complete\"),debug:__name(()=>{},\"debug\"),error:__name(()=>{},\"error\"),fatal:__name(()=>{},\"fatal\"),fav:__name(()=>{},\"fav\"),info:__name(()=>{},\"info\"),log:__name(()=>{},\"log\"),note:__name(()=>{},\"note\"),pause:__name(()=>{},\"pause\"),pending:__name(()=>{},\"pending\"),star:__name(()=>{},\"star\"),start:__name(()=>{},\"start\"),success:__name(()=>{},\"success\"),wait:__name(()=>{},\"wait\"),warn:__name(()=>{},\"warn\"),watch:__name(()=>{},\"watch\")},nextRelease:{channel:\"\",gitHead:\"\",gitTag:\"\",notes:\"\",type:\"patch\",version:\"8.2.6\"}});assert.strictEqual(result,false)",
                  "err": {},
                  "uuid": "97289d28-79b6-4281-943b-e45784aa81ab",
                  "parentUUID": "59e0f861-facc-4af7-b82b-1e6d71c55b68",
                  "isHook": false,
                  "skipped": false
                },
                {
                  "title": "with pre-release",
                  "fullTitle": "@sebbo2002/semantic-release-docker isPreRelease with pre-release",
                  "timedOut": false,
                  "duration": 1,
                  "state": "passed",
                  "speed": "fast",
                  "pass": true,
                  "fail": false,
                  "pending": false,
                  "context": null,
                  "code": "const result=isPreRelease({branch:{name:\"develop\"},env:{},logger:{await:__name(()=>{},\"await\"),complete:__name(()=>{},\"complete\"),debug:__name(()=>{},\"debug\"),error:__name(()=>{},\"error\"),fatal:__name(()=>{},\"fatal\"),fav:__name(()=>{},\"fav\"),info:__name(()=>{},\"info\"),log:__name(()=>{},\"log\"),note:__name(()=>{},\"note\"),pause:__name(()=>{},\"pause\"),pending:__name(()=>{},\"pending\"),star:__name(()=>{},\"star\"),start:__name(()=>{},\"start\"),success:__name(()=>{},\"success\"),wait:__name(()=>{},\"wait\"),warn:__name(()=>{},\"warn\"),watch:__name(()=>{},\"watch\")},nextRelease:{gitHead:\"\",gitTag:\"\",name:\"\",notes:\"\",type:\"prerelease\",version:\"8.2.6-develop.1\"}});assert.strictEqual(result,true)",
                  "err": {},
                  "uuid": "9697f6ae-35f7-4a9f-af75-5fbd5b43ae41",
                  "parentUUID": "59e0f861-facc-4af7-b82b-1e6d71c55b68",
                  "isHook": false,
                  "skipped": false
                },
                {
                  "title": "without release",
                  "fullTitle": "@sebbo2002/semantic-release-docker isPreRelease without release",
                  "timedOut": false,
                  "duration": 0,
                  "state": "passed",
                  "speed": "fast",
                  "pass": true,
                  "fail": false,
                  "pending": false,
                  "context": null,
                  "code": "const result=isPreRelease({branch:{name:\"develop\"},env:{},logger:{await:__name(()=>{},\"await\"),complete:__name(()=>{},\"complete\"),debug:__name(()=>{},\"debug\"),error:__name(()=>{},\"error\"),fatal:__name(()=>{},\"fatal\"),fav:__name(()=>{},\"fav\"),info:__name(()=>{},\"info\"),log:__name(()=>{},\"log\"),note:__name(()=>{},\"note\"),pause:__name(()=>{},\"pause\"),pending:__name(()=>{},\"pending\"),star:__name(()=>{},\"star\"),start:__name(()=>{},\"start\"),success:__name(()=>{},\"success\"),wait:__name(()=>{},\"wait\"),warn:__name(()=>{},\"warn\"),watch:__name(()=>{},\"watch\")}});assert.strictEqual(result,false)",
                  "err": {},
                  "uuid": "b9ede3a8-70c4-45b1-93fd-24a3654a710a",
                  "parentUUID": "59e0f861-facc-4af7-b82b-1e6d71c55b68",
                  "isHook": false,
                  "skipped": false
                }
              ],
              "suites": [],
              "passes": [
                "97289d28-79b6-4281-943b-e45784aa81ab",
                "9697f6ae-35f7-4a9f-af75-5fbd5b43ae41",
                "b9ede3a8-70c4-45b1-93fd-24a3654a710a"
              ],
              "failures": [],
              "pending": [],
              "skipped": [],
              "duration": 1,
              "root": false,
              "rootEmpty": false,
              "_timeout": 2000
            },
            {
              "uuid": "4c85797f-b5d8-44fa-b7ef-360157d02f81",
              "title": "getMajorAndMinorPart",
              "fullFile": "/home/runner/work/semantic-release-docker/semantic-release-docker/test/lib/index.ts",
              "file": "/test/lib/index.ts",
              "beforeHooks": [],
              "afterHooks": [],
              "tests": [
                {
                  "title": "undefined",
                  "fullTitle": "@sebbo2002/semantic-release-docker getMajorAndMinorPart undefined",
                  "timedOut": false,
                  "duration": 0,
                  "state": "passed",
                  "speed": "fast",
                  "pass": true,
                  "fail": false,
                  "pending": false,
                  "context": null,
                  "code": "assert.deepStrictEqual(getMajorAndMinorPart(void 0),{major:null,minor:null})",
                  "err": {},
                  "uuid": "b5bc3cd4-add8-4832-a29d-d805d863662c",
                  "parentUUID": "4c85797f-b5d8-44fa-b7ef-360157d02f81",
                  "isHook": false,
                  "skipped": false
                },
                {
                  "title": "4.6.1",
                  "fullTitle": "@sebbo2002/semantic-release-docker getMajorAndMinorPart 4.6.1",
                  "timedOut": false,
                  "duration": 0,
                  "state": "passed",
                  "speed": "fast",
                  "pass": true,
                  "fail": false,
                  "pending": false,
                  "context": null,
                  "code": "assert.deepStrictEqual(getMajorAndMinorPart(\"4.6.1\"),{major:\"4\",minor:\"6\"})",
                  "err": {},
                  "uuid": "810fd8d9-d2d8-4994-aa11-3e731f2580a8",
                  "parentUUID": "4c85797f-b5d8-44fa-b7ef-360157d02f81",
                  "isHook": false,
                  "skipped": false
                },
                {
                  "title": "4.6.1-develop.12",
                  "fullTitle": "@sebbo2002/semantic-release-docker getMajorAndMinorPart 4.6.1-develop.12",
                  "timedOut": false,
                  "duration": 0,
                  "state": "passed",
                  "speed": "fast",
                  "pass": true,
                  "fail": false,
                  "pending": false,
                  "context": null,
                  "code": "assert.deepStrictEqual(getMajorAndMinorPart(\"4.6.1-develop.12\"),{major:\"4\",minor:\"6\"})",
                  "err": {},
                  "uuid": "f2b44b4d-aeb0-4d45-b4ac-97df93cdd1ad",
                  "parentUUID": "4c85797f-b5d8-44fa-b7ef-360157d02f81",
                  "isHook": false,
                  "skipped": false
                }
              ],
              "suites": [],
              "passes": [
                "b5bc3cd4-add8-4832-a29d-d805d863662c",
                "810fd8d9-d2d8-4994-aa11-3e731f2580a8",
                "f2b44b4d-aeb0-4d45-b4ac-97df93cdd1ad"
              ],
              "failures": [],
              "pending": [],
              "skipped": [],
              "duration": 0,
              "root": false,
              "rootEmpty": false,
              "_timeout": 2000
            },
            {
              "uuid": "86583cd1-ee1a-4d7e-9a2a-b87a543cca53",
              "title": "getTagTasks",
              "fullFile": "/home/runner/work/semantic-release-docker/semantic-release-docker/test/lib/index.ts",
              "file": "/test/lib/index.ts",
              "beforeHooks": [],
              "afterHooks": [],
              "tests": [
                {
                  "title": "should quietly abort if no release should be triggered",
                  "fullTitle": "@sebbo2002/semantic-release-docker getTagTasks should quietly abort if no release should be triggered",
                  "timedOut": false,
                  "duration": 0,
                  "state": "passed",
                  "speed": "fast",
                  "pass": true,
                  "fail": false,
                  "pending": false,
                  "context": null,
                  "code": "getTagTasks({images:[\"ubuntu\"],tag:{channel:true,latest:true,major:true,minor:true,version:true}},{branch:{name:\"develop\"},env:{},logger:{await:__name(()=>{},\"await\"),complete:__name(()=>{},\"complete\"),debug:__name(()=>{},\"debug\"),error:__name(()=>{},\"error\"),fatal:__name(()=>{},\"fatal\"),fav:__name(()=>{},\"fav\"),info:__name(()=>{},\"info\"),log:__name(()=>{},\"log\"),note:__name(()=>{},\"note\"),pause:__name(()=>{},\"pause\"),pending:__name(()=>{},\"pending\"),star:__name(()=>{},\"star\"),start:__name(()=>{},\"start\"),success:__name(()=>{},\"success\"),wait:__name(()=>{},\"wait\"),warn:__name(()=>{},\"warn\"),watch:__name(()=>{},\"watch\")}})",
                  "err": {},
                  "uuid": "e558eb9b-d828-4b51-9c9d-91a9bcbd3372",
                  "parentUUID": "86583cd1-ee1a-4d7e-9a2a-b87a543cca53",
                  "isHook": false,
                  "skipped": false
                },
                {
                  "title": "patch release",
                  "fullTitle": "@sebbo2002/semantic-release-docker getTagTasks patch release",
                  "timedOut": false,
                  "duration": 1,
                  "state": "passed",
                  "speed": "fast",
                  "pass": true,
                  "fail": false,
                  "pending": false,
                  "context": null,
                  "code": "const result=getTagTasks({images:[\"alpine@sha256:aaaaf56b44807c64d294e6c8059b479f35350b454492398225034174808d1726\",\"sebbo2002/test:1234567\"],tag:{channel:true,latest:true,major:true,minor:true,version:true}},{branch:{name:\"develop\"},env:{},logger:{await:__name(()=>{},\"await\"),complete:__name(()=>{},\"complete\"),debug:__name(()=>{},\"debug\"),error:__name(()=>{},\"error\"),fatal:__name(()=>{},\"fatal\"),fav:__name(()=>{},\"fav\"),info:__name(()=>{},\"info\"),log:__name(()=>{},\"log\"),note:__name(()=>{},\"note\"),pause:__name(()=>{},\"pause\"),pending:__name(()=>{},\"pending\"),star:__name(()=>{},\"star\"),start:__name(()=>{},\"start\"),success:__name(()=>{},\"success\"),wait:__name(()=>{},\"wait\"),warn:__name(()=>{},\"warn\"),watch:__name(()=>{},\"watch\")},nextRelease:{gitHead:\"\",gitTag:\"\",name:\"\",notes:\"\",type:\"patch\",version:\"8.2.6\"}});assert.deepStrictEqual(result,[{input:\"alpine@sha256:aaaaf56b44807c64d294e6c8059b479f35350b454492398225034174808d1726\",output:\"alpine:8.2.6\"},{input:\"alpine@sha256:aaaaf56b44807c64d294e6c8059b479f35350b454492398225034174808d1726\",output:\"alpine:latest\"},{input:\"alpine@sha256:aaaaf56b44807c64d294e6c8059b479f35350b454492398225034174808d1726\",output:\"alpine:8\"},{input:\"alpine@sha256:aaaaf56b44807c64d294e6c8059b479f35350b454492398225034174808d1726\",output:\"alpine:8.2\"},{input:\"sebbo2002/test:1234567\",output:\"sebbo2002/test:8.2.6\"},{input:\"sebbo2002/test:1234567\",output:\"sebbo2002/test:latest\"},{input:\"sebbo2002/test:1234567\",output:\"sebbo2002/test:8\"},{input:\"sebbo2002/test:1234567\",output:\"sebbo2002/test:8.2\"}])",
                  "err": {},
                  "uuid": "1899fdd7-c2e3-4a69-9f31-83f8c3bb92b6",
                  "parentUUID": "86583cd1-ee1a-4d7e-9a2a-b87a543cca53",
                  "isHook": false,
                  "skipped": false
                },
                {
                  "title": "pre release",
                  "fullTitle": "@sebbo2002/semantic-release-docker getTagTasks pre release",
                  "timedOut": false,
                  "duration": 0,
                  "state": "passed",
                  "speed": "fast",
                  "pass": true,
                  "fail": false,
                  "pending": false,
                  "context": null,
                  "code": "const result=getTagTasks({images:[\"alpine@sha256:aaaaf56b44807c64d294e6c8059b479f35350b454492398225034174808d1726\",\"sebbo2002/test:1234567\"],tag:{channel:true,latest:true,major:true,minor:true,version:true}},{branch:{name:\"develop\"},env:{},logger:{await:__name(()=>{},\"await\"),complete:__name(()=>{},\"complete\"),debug:__name(()=>{},\"debug\"),error:__name(()=>{},\"error\"),fatal:__name(()=>{},\"fatal\"),fav:__name(()=>{},\"fav\"),info:__name(()=>{},\"info\"),log:__name(()=>{},\"log\"),note:__name(()=>{},\"note\"),pause:__name(()=>{},\"pause\"),pending:__name(()=>{},\"pending\"),star:__name(()=>{},\"star\"),start:__name(()=>{},\"start\"),success:__name(()=>{},\"success\"),wait:__name(()=>{},\"wait\"),warn:__name(()=>{},\"warn\"),watch:__name(()=>{},\"watch\")},nextRelease:{channel:\"next\",gitHead:\"\",gitTag:\"\",name:\"\",notes:\"\",type:\"prerelease\",version:\"8.2.6-develop.3\"}});assert.deepStrictEqual(result,[{input:\"alpine@sha256:aaaaf56b44807c64d294e6c8059b479f35350b454492398225034174808d1726\",output:\"alpine:8.2.6-develop.3\"},{input:\"alpine@sha256:aaaaf56b44807c64d294e6c8059b479f35350b454492398225034174808d1726\",output:\"alpine:next\"},{input:\"sebbo2002/test:1234567\",output:\"sebbo2002/test:8.2.6-develop.3\"},{input:\"sebbo2002/test:1234567\",output:\"sebbo2002/test:next\"}])",
                  "err": {},
                  "uuid": "86f7ce46-9a9c-4e1a-b4d3-ec349910bbb0",
                  "parentUUID": "86583cd1-ee1a-4d7e-9a2a-b87a543cca53",
                  "isHook": false,
                  "skipped": false
                }
              ],
              "suites": [],
              "passes": [
                "e558eb9b-d828-4b51-9c9d-91a9bcbd3372",
                "1899fdd7-c2e3-4a69-9f31-83f8c3bb92b6",
                "86f7ce46-9a9c-4e1a-b4d3-ec349910bbb0"
              ],
              "failures": [],
              "pending": [],
              "skipped": [],
              "duration": 1,
              "root": false,
              "rootEmpty": false,
              "_timeout": 2000
            },
            {
              "uuid": "9d8bec80-064f-4bc2-8ca8-ee24d0c1f324",
              "title": "getUrlFromImage",
              "fullFile": "/home/runner/work/semantic-release-docker/semantic-release-docker/test/lib/index.ts",
              "file": "/test/lib/index.ts",
              "beforeHooks": [],
              "afterHooks": [],
              "tests": [
                {
                  "title": "alpine",
                  "fullTitle": "@sebbo2002/semantic-release-docker getUrlFromImage alpine",
                  "timedOut": false,
                  "duration": 0,
                  "state": "passed",
                  "speed": "fast",
                  "pass": true,
                  "fail": false,
                  "pending": false,
                  "context": null,
                  "code": "assert.strictEqual(getUrlFromImage(\"alpine\"),\"https://hub.docker.com/_/alpine/tags\")",
                  "err": {},
                  "uuid": "7018d654-790b-4fc2-b791-9e8bca9d37c8",
                  "parentUUID": "9d8bec80-064f-4bc2-8ca8-ee24d0c1f324",
                  "isHook": false,
                  "skipped": false
                },
                {
                  "title": "ubuntu:14",
                  "fullTitle": "@sebbo2002/semantic-release-docker getUrlFromImage ubuntu:14",
                  "timedOut": false,
                  "duration": 0,
                  "state": "passed",
                  "speed": "fast",
                  "pass": true,
                  "fail": false,
                  "pending": false,
                  "context": null,
                  "code": "assert.strictEqual(getUrlFromImage(\"ubuntu:14\"),\"https://hub.docker.com/_/ubuntu/tags\")",
                  "err": {},
                  "uuid": "467ba5b4-9297-4097-a516-935c4cf67180",
                  "parentUUID": "9d8bec80-064f-4bc2-8ca8-ee24d0c1f324",
                  "isHook": false,
                  "skipped": false
                },
                {
                  "title": "sebbo2002/gitlab-badges:14.04",
                  "fullTitle": "@sebbo2002/semantic-release-docker getUrlFromImage sebbo2002/gitlab-badges:14.04",
                  "timedOut": false,
                  "duration": 0,
                  "state": "passed",
                  "speed": "fast",
                  "pass": true,
                  "fail": false,
                  "pending": false,
                  "context": null,
                  "code": "assert.strictEqual(getUrlFromImage(\"sebbo2002/gitlab-badges:14.04\"),\"https://hub.docker.com/r/sebbo2002/gitlab-badges/tags\")",
                  "err": {},
                  "uuid": "f160e643-0152-40ea-9bc9-5799e6e1a306",
                  "parentUUID": "9d8bec80-064f-4bc2-8ca8-ee24d0c1f324",
                  "isHook": false,
                  "skipped": false
                },
                {
                  "title": "ubuntu@14",
                  "fullTitle": "@sebbo2002/semantic-release-docker getUrlFromImage ubuntu@14",
                  "timedOut": false,
                  "duration": 0,
                  "state": "passed",
                  "speed": "fast",
                  "pass": true,
                  "fail": false,
                  "pending": false,
                  "context": null,
                  "code": "assert.strictEqual(getUrlFromImage(\"ubuntu@14\"),\"https://hub.docker.com/_/ubuntu/tags\")",
                  "err": {},
                  "uuid": "e879f4b7-79e4-4f16-889c-7edaa4a1bdd3",
                  "parentUUID": "9d8bec80-064f-4bc2-8ca8-ee24d0c1f324",
                  "isHook": false,
                  "skipped": false
                },
                {
                  "title": "sebbo2002/gitlab-badges@14.04",
                  "fullTitle": "@sebbo2002/semantic-release-docker getUrlFromImage sebbo2002/gitlab-badges@14.04",
                  "timedOut": false,
                  "duration": 0,
                  "state": "passed",
                  "speed": "fast",
                  "pass": true,
                  "fail": false,
                  "pending": false,
                  "context": null,
                  "code": "assert.strictEqual(getUrlFromImage(\"sebbo2002/gitlab-badges@14.04\"),\"https://hub.docker.com/r/sebbo2002/gitlab-badges/tags\")",
                  "err": {},
                  "uuid": "4dca14d6-0def-4837-9901-2836c65fb8b8",
                  "parentUUID": "9d8bec80-064f-4bc2-8ca8-ee24d0c1f324",
                  "isHook": false,
                  "skipped": false
                },
                {
                  "title": "alpine@sha256:aaaaf56b44807c64d294e6c8059b479f35350b454492398225034174808d1726",
                  "fullTitle": "@sebbo2002/semantic-release-docker getUrlFromImage alpine@sha256:aaaaf56b44807c64d294e6c8059b479f35350b454492398225034174808d1726",
                  "timedOut": false,
                  "duration": 0,
                  "state": "passed",
                  "speed": "fast",
                  "pass": true,
                  "fail": false,
                  "pending": false,
                  "context": null,
                  "code": "assert.strictEqual(getUrlFromImage(\"alpine@sha256:aaaaf56b44807c64d294e6c8059b479f35350b454492398225034174808d1726\"),\"https://hub.docker.com/_/alpine/tags\")",
                  "err": {},
                  "uuid": "19d2b4ee-7f85-4625-a2f7-717361696f56",
                  "parentUUID": "9d8bec80-064f-4bc2-8ca8-ee24d0c1f324",
                  "isHook": false,
                  "skipped": false
                },
                {
                  "title": "ghcr.io/sebbo2002/ble2mqtt:ecf33e870c318e4f8a17555aeac14ab1dfaaaddd",
                  "fullTitle": "@sebbo2002/semantic-release-docker getUrlFromImage ghcr.io/sebbo2002/ble2mqtt:ecf33e870c318e4f8a17555aeac14ab1dfaaaddd",
                  "timedOut": false,
                  "duration": 0,
                  "state": "passed",
                  "speed": "fast",
                  "pass": true,
                  "fail": false,
                  "pending": false,
                  "context": null,
                  "code": "assert.strictEqual(getUrlFromImage(\"ghcr.io/sebbo2002/ble2mqtt:ecf33e870c318e4f8a17555aeac14ab1dfaaaddd\"),\"https://github.com/sebbo2002/ble2mqtt/pkgs/container/ble2mqtt\")",
                  "err": {},
                  "uuid": "c7887c99-4ae2-45f7-bfb5-81e550fc2558",
                  "parentUUID": "9d8bec80-064f-4bc2-8ca8-ee24d0c1f324",
                  "isHook": false,
                  "skipped": false
                },
                {
                  "title": "ghcr.io/sebbo2002/ble2mqtt@sha256:175c648b777d70f829196d67019ded98d74cf28f3fef08b00998b10485705e68",
                  "fullTitle": "@sebbo2002/semantic-release-docker getUrlFromImage ghcr.io/sebbo2002/ble2mqtt@sha256:175c648b777d70f829196d67019ded98d74cf28f3fef08b00998b10485705e68",
                  "timedOut": false,
                  "duration": 0,
                  "state": "passed",
                  "speed": "fast",
                  "pass": true,
                  "fail": false,
                  "pending": false,
                  "context": null,
                  "code": "assert.strictEqual(getUrlFromImage(\"ghcr.io/sebbo2002/ble2mqtt@sha256:175c648b777d70f829196d67019ded98d74cf28f3fef08b00998b10485705e68\"),\"https://github.com/sebbo2002/ble2mqtt/pkgs/container/ble2mqtt\")",
                  "err": {},
                  "uuid": "7ee0f78d-93d0-43d6-a5ea-abfafef1be10",
                  "parentUUID": "9d8bec80-064f-4bc2-8ca8-ee24d0c1f324",
                  "isHook": false,
                  "skipped": false
                },
                {
                  "title": "registry.gitlab.com/gitlab-org/gitlab-runner/ci:1.10.8-1",
                  "fullTitle": "@sebbo2002/semantic-release-docker getUrlFromImage registry.gitlab.com/gitlab-org/gitlab-runner/ci:1.10.8-1",
                  "timedOut": false,
                  "duration": 0,
                  "state": "passed",
                  "speed": "fast",
                  "pass": true,
                  "fail": false,
                  "pending": false,
                  "context": null,
                  "code": "assert.strictEqual(getUrlFromImage(\"registry.gitlab.com/gitlab-org/gitlab-runner/ci:1.10.8-1\"),\"https://gitlab.com/gitlab-org/gitlab-runner/container_registry\")",
                  "err": {},
                  "uuid": "9c457f54-a6cf-4c24-bf37-8fe9ac5a231b",
                  "parentUUID": "9d8bec80-064f-4bc2-8ca8-ee24d0c1f324",
                  "isHook": false,
                  "skipped": false
                },
                {
                  "title": "registry.gitlab.com/gitlab-org/gitlab-runner/ci@sha256:5abfd2a06fbc535581350290e5067cf49f908199b60e850015066f38c549622e",
                  "fullTitle": "@sebbo2002/semantic-release-docker getUrlFromImage registry.gitlab.com/gitlab-org/gitlab-runner/ci@sha256:5abfd2a06fbc535581350290e5067cf49f908199b60e850015066f38c549622e",
                  "timedOut": false,
                  "duration": 0,
                  "state": "passed",
                  "speed": "fast",
                  "pass": true,
                  "fail": false,
                  "pending": false,
                  "context": null,
                  "code": "assert.strictEqual(getUrlFromImage(\"registry.gitlab.com/gitlab-org/gitlab-runner/ci@sha256:5abfd2a06fbc535581350290e5067cf49f908199b60e850015066f38c549622e\"),\"https://gitlab.com/gitlab-org/gitlab-runner/container_registry\")",
                  "err": {},
                  "uuid": "f45d8442-ba3d-4cb0-b6c1-96afd6754b03",
                  "parentUUID": "9d8bec80-064f-4bc2-8ca8-ee24d0c1f324",
                  "isHook": false,
                  "skipped": false
                },
                {
                  "title": "containers.topsecret.evil.corp/server:2",
                  "fullTitle": "@sebbo2002/semantic-release-docker getUrlFromImage containers.topsecret.evil.corp/server:2",
                  "timedOut": false,
                  "duration": 0,
                  "state": "passed",
                  "speed": "fast",
                  "pass": true,
                  "fail": false,
                  "pending": false,
                  "context": null,
                  "code": "assert.strictEqual(getUrlFromImage(\"containers.topsecret.evil.corp/server:2\"),void 0)",
                  "err": {},
                  "uuid": "beda3953-41ba-4ce9-ace0-b800e3896adf",
                  "parentUUID": "9d8bec80-064f-4bc2-8ca8-ee24d0c1f324",
                  "isHook": false,
                  "skipped": false
                }
              ],
              "suites": [],
              "passes": [
                "7018d654-790b-4fc2-b791-9e8bca9d37c8",
                "467ba5b4-9297-4097-a516-935c4cf67180",
                "f160e643-0152-40ea-9bc9-5799e6e1a306",
                "e879f4b7-79e4-4f16-889c-7edaa4a1bdd3",
                "4dca14d6-0def-4837-9901-2836c65fb8b8",
                "19d2b4ee-7f85-4625-a2f7-717361696f56",
                "c7887c99-4ae2-45f7-bfb5-81e550fc2558",
                "7ee0f78d-93d0-43d6-a5ea-abfafef1be10",
                "9c457f54-a6cf-4c24-bf37-8fe9ac5a231b",
                "f45d8442-ba3d-4cb0-b6c1-96afd6754b03",
                "beda3953-41ba-4ce9-ace0-b800e3896adf"
              ],
              "failures": [],
              "pending": [],
              "skipped": [],
              "duration": 0,
              "root": false,
              "rootEmpty": false,
              "_timeout": 2000
            },
            {
              "uuid": "a76b63f6-5ffc-40fb-9858-123d68f58b04",
              "title": "exec",
              "fullFile": "/home/runner/work/semantic-release-docker/semantic-release-docker/test/lib/index.ts",
              "file": "/test/lib/index.ts",
              "beforeHooks": [],
              "afterHooks": [],
              "tests": [
                {
                  "title": "should run commands",
                  "fullTitle": "@sebbo2002/semantic-release-docker exec should run commands",
                  "timedOut": false,
                  "duration": 15,
                  "state": "passed",
                  "speed": "fast",
                  "pass": true,
                  "fail": false,
                  "pending": false,
                  "context": null,
                  "code": "assert.strictEqual(await exec(\"echo\",[\"hello\"]),void 0)",
                  "err": {},
                  "uuid": "f23018f2-3277-467c-8da0-d8f158561588",
                  "parentUUID": "a76b63f6-5ffc-40fb-9858-123d68f58b04",
                  "isHook": false,
                  "skipped": false
                },
                {
                  "title": "should fail on exit code > 0",
                  "fullTitle": "@sebbo2002/semantic-release-docker exec should fail on exit code > 0",
                  "timedOut": false,
                  "duration": 4,
                  "state": "passed",
                  "speed": "fast",
                  "pass": true,
                  "fail": false,
                  "pending": false,
                  "context": null,
                  "code": "assert.rejects(async()=>{assert.strictEqual(await exec(\"exit\",[\"1\"]),void 0)},/Unable to run \"exit 1\": Command failed with ENOENT: exit 1/)",
                  "err": {},
                  "uuid": "b4ea8b29-63a2-42f3-9f1d-e28585c0770f",
                  "parentUUID": "a76b63f6-5ffc-40fb-9858-123d68f58b04",
                  "isHook": false,
                  "skipped": false
                }
              ],
              "suites": [],
              "passes": [
                "f23018f2-3277-467c-8da0-d8f158561588",
                "b4ea8b29-63a2-42f3-9f1d-e28585c0770f"
              ],
              "failures": [],
              "pending": [],
              "skipped": [],
              "duration": 19,
              "root": false,
              "rootEmpty": false,
              "_timeout": 2000
            },
            {
              "uuid": "2726caf5-229d-4bf7-aebc-1b0c40de24f9",
              "title": "isRegCtlAvailable",
              "fullFile": "/home/runner/work/semantic-release-docker/semantic-release-docker/test/lib/index.ts",
              "file": "/test/lib/index.ts",
              "beforeHooks": [],
              "afterHooks": [],
              "tests": [
                {
                  "title": "should run command without failing (result unknown)",
                  "fullTitle": "@sebbo2002/semantic-release-docker isRegCtlAvailable should run command without failing (result unknown)",
                  "timedOut": false,
                  "duration": 5,
                  "state": "passed",
                  "speed": "fast",
                  "pass": true,
                  "fail": false,
                  "pending": false,
                  "context": null,
                  "code": "const result=await isRegCtlAvailable();assert.ok(typeof result,\"boolean\");assert.strictEqual(await isRegCtlAvailable(),result)",
                  "err": {},
                  "uuid": "c8773507-d8de-4e67-9e9c-5bec7a8d240a",
                  "parentUUID": "2726caf5-229d-4bf7-aebc-1b0c40de24f9",
                  "isHook": false,
                  "skipped": false
                }
              ],
              "suites": [],
              "passes": [
                "c8773507-d8de-4e67-9e9c-5bec7a8d240a"
              ],
              "failures": [],
              "pending": [],
              "skipped": [],
              "duration": 5,
              "root": false,
              "rootEmpty": false,
              "_timeout": 2000
            },
            {
              "uuid": "7ab1c220-6cce-4558-b834-5edbca3c44f5",
              "title": "tagImage",
              "fullFile": "/home/runner/work/semantic-release-docker/semantic-release-docker/test/lib/index.ts",
              "file": "/test/lib/index.ts",
              "beforeHooks": [],
              "afterHooks": [],
              "tests": [
                {
                  "title": "tag ubuntu",
                  "fullTitle": "@sebbo2002/semantic-release-docker tagImage tag ubuntu",
                  "timedOut": false,
                  "duration": 21,
                  "state": "passed",
                  "speed": "fast",
                  "pass": true,
                  "fail": false,
                  "pending": false,
                  "context": null,
                  "code": "await tagImage(\"alpine\",\"alpine:tagging-test\")",
                  "err": {},
                  "uuid": "3a74e373-04e3-437f-9920-b574fa044090",
                  "parentUUID": "7ab1c220-6cce-4558-b834-5edbca3c44f5",
                  "isHook": false,
                  "skipped": false
                }
              ],
              "suites": [],
              "passes": [
                "3a74e373-04e3-437f-9920-b574fa044090"
              ],
              "failures": [],
              "pending": [],
              "skipped": [],
              "duration": 21,
              "root": false,
              "rootEmpty": false,
              "_timeout": 2000
            },
            {
              "uuid": "a3979a90-0bd9-4a41-a601-e824ff530352",
              "title": "publish",
              "fullFile": "/home/runner/work/semantic-release-docker/semantic-release-docker/test/lib/index.ts",
              "file": "/test/lib/index.ts",
              "beforeHooks": [],
              "afterHooks": [],
              "tests": [
                {
                  "title": "should return false if no release is scheduled",
                  "fullTitle": "@sebbo2002/semantic-release-docker publish should return false if no release is scheduled",
                  "timedOut": false,
                  "duration": 0,
                  "state": "passed",
                  "speed": "fast",
                  "pass": true,
                  "fail": false,
                  "pending": false,
                  "context": null,
                  "code": "const result=await publish({images:[]},{branch:{name:\"develop\"},env:{},logger:{await:__name(()=>{},\"await\"),complete:__name(()=>{},\"complete\"),debug:__name(()=>{},\"debug\"),error:__name(()=>{},\"error\"),fatal:__name(()=>{},\"fatal\"),fav:__name(()=>{},\"fav\"),info:__name(()=>{},\"info\"),log:__name(()=>{},\"log\"),note:__name(()=>{},\"note\"),pause:__name(()=>{},\"pause\"),pending:__name(()=>{},\"pending\"),star:__name(()=>{},\"star\"),start:__name(()=>{},\"start\"),success:__name(()=>{},\"success\"),wait:__name(()=>{},\"wait\"),warn:__name(()=>{},\"warn\"),watch:__name(()=>{},\"watch\")}});assert.strictEqual(result,false)",
                  "err": {},
                  "uuid": "eff0d86b-f807-42c6-af86-9b33185e1d0f",
                  "parentUUID": "a3979a90-0bd9-4a41-a601-e824ff530352",
                  "isHook": false,
                  "skipped": false
                },
                {
                  "title": "should return false if there's nothing to do",
                  "fullTitle": "@sebbo2002/semantic-release-docker publish should return false if there's nothing to do",
                  "timedOut": false,
                  "duration": 1,
                  "state": "passed",
                  "speed": "fast",
                  "pass": true,
                  "fail": false,
                  "pending": false,
                  "context": null,
                  "code": "const result=await publish({images:\"foo/bar:1234\",tag:{channel:false,latest:false,major:false,minor:false,version:false}},{branch:{name:\"develop\"},env:{},logger:{await:__name(()=>{},\"await\"),complete:__name(()=>{},\"complete\"),debug:__name(()=>{},\"debug\"),error:__name(()=>{},\"error\"),fatal:__name(()=>{},\"fatal\"),fav:__name(()=>{},\"fav\"),info:__name(()=>{},\"info\"),log:__name(()=>{},\"log\"),note:__name(()=>{},\"note\"),pause:__name(()=>{},\"pause\"),pending:__name(()=>{},\"pending\"),star:__name(()=>{},\"star\"),start:__name(()=>{},\"start\"),success:__name(()=>{},\"success\"),wait:__name(()=>{},\"wait\"),warn:__name(()=>{},\"warn\"),watch:__name(()=>{},\"watch\")},nextRelease:{gitHead:\"\",gitTag:\"\",name:\"\",notes:\"\",type:\"patch\",version:\"8.2.7\"}});assert.strictEqual(result,false)",
                  "err": {},
                  "uuid": "e22b0c38-a2e6-46ed-9277-a74b497fa5f5",
                  "parentUUID": "a3979a90-0bd9-4a41-a601-e824ff530352",
                  "isHook": false,
                  "skipped": false
                }
              ],
              "suites": [],
              "passes": [
                "eff0d86b-f807-42c6-af86-9b33185e1d0f",
                "e22b0c38-a2e6-46ed-9277-a74b497fa5f5"
              ],
              "failures": [],
              "pending": [],
              "skipped": [],
              "duration": 1,
              "root": false,
              "rootEmpty": false,
              "_timeout": 2000
            }
          ],
          "passes": [],
          "failures": [],
          "pending": [],
          "skipped": [],
          "duration": 0,
          "root": false,
          "rootEmpty": false,
          "_timeout": 2000
        }
      ],
      "passes": [],
      "failures": [],
      "pending": [],
      "skipped": [],
      "duration": 0,
      "root": true,
      "rootEmpty": true,
      "_timeout": 2000
    }
  ],
  "meta": {
    "mocha": {
      "version": "11.7.5"
    },
    "mochawesome": {
      "options": {
        "quiet": false,
        "reportFilename": "mochawesome",
        "saveHtml": true,
        "saveJson": true,
        "consoleReporter": "spec",
        "useInlineDiffs": false,
        "code": true
      },
      "version": "7.1.4"
    },
    "marge": {
      "options": null,
      "version": "6.3.2"
    }
  }
}