{
  "stats": {
    "suites": 11,
    "tests": 39,
    "passes": 39,
    "pending": 0,
    "failures": 0,
    "start": "2026-05-24T09:13:05.134Z",
    "end": "2026-05-24T09:13:05.199Z",
    "duration": 65,
    "testsRegistered": 39,
    "passPercent": 100,
    "pendingPercent": 0,
    "other": 0,
    "hasOther": false,
    "skipped": 0,
    "hasSkipped": false
  },
  "results": [
    {
      "uuid": "ec91fdde-5a0a-4c69-99bb-f52b4168f466",
      "title": "",
      "fullFile": "/home/runner/work/semantic-release-docker/semantic-release-docker/test/lib/index.ts",
      "file": "/test/lib/index.ts",
      "beforeHooks": [],
      "afterHooks": [],
      "tests": [],
      "suites": [
        {
          "uuid": "e402f823-c7bb-4607-bedd-2f55236e4e4f",
          "title": "@sebbo2002/semantic-release-docker",
          "fullFile": "/home/runner/work/semantic-release-docker/semantic-release-docker/test/lib/index.ts",
          "file": "/test/lib/index.ts",
          "beforeHooks": [],
          "afterHooks": [],
          "tests": [],
          "suites": [
            {
              "uuid": "77892b64-3218-4195-8205-7fa328db057d",
              "title": "parseConfig",
              "fullFile": "/home/runner/work/semantic-release-docker/semantic-release-docker/test/lib/index.ts",
              "file": "/test/lib/index.ts",
              "beforeHooks": [],
              "afterHooks": [],
              "tests": [
                {
                  "title": "should work without any tags",
                  "fullTitle": "@sebbo2002/semantic-release-docker parseConfig should work without any tags",
                  "timedOut": false,
                  "duration": 1,
                  "state": "passed",
                  "speed": "fast",
                  "pass": true,
                  "fail": false,
                  "pending": false,
                  "context": null,
                  "code": "const result=parseConfig({images:[\"ubuntu\"]});assert.deepStrictEqual(result,{images:[\"ubuntu\"],tag:{channel:true,latest:true,major:true,minor:true,version:true}})",
                  "err": {},
                  "uuid": "1042ca51-1dbd-4508-891b-eba534080be1",
                  "parentUUID": "77892b64-3218-4195-8205-7fa328db057d",
                  "isHook": false,
                  "skipped": false
                },
                {
                  "title": "should work with images string",
                  "fullTitle": "@sebbo2002/semantic-release-docker parseConfig should work with images string",
                  "timedOut": false,
                  "duration": 0,
                  "state": "passed",
                  "speed": "fast",
                  "pass": true,
                  "fail": false,
                  "pending": false,
                  "context": null,
                  "code": "const result=parseConfig({images:\"ubuntu\"});assert.deepStrictEqual(result,{images:[\"ubuntu\"],tag:{channel:true,latest:true,major:true,minor:true,version:true}})",
                  "err": {},
                  "uuid": "1d1d30ee-bf5a-40a0-bec0-bdd11ff1e632",
                  "parentUUID": "77892b64-3218-4195-8205-7fa328db057d",
                  "isHook": false,
                  "skipped": false
                },
                {
                  "title": "should merge tags",
                  "fullTitle": "@sebbo2002/semantic-release-docker parseConfig should merge tags",
                  "timedOut": false,
                  "duration": 0,
                  "state": "passed",
                  "speed": "fast",
                  "pass": true,
                  "fail": false,
                  "pending": false,
                  "context": null,
                  "code": "const result=parseConfig({images:[\"ubuntu\"],tag:{minor:false}});assert.deepStrictEqual(result,{images:[\"ubuntu\"],tag:{channel:true,latest:true,major:true,minor:false,version:true}})",
                  "err": {},
                  "uuid": "a760d360-4bf3-4e96-b0e6-f0e9721dab71",
                  "parentUUID": "77892b64-3218-4195-8205-7fa328db057d",
                  "isHook": false,
                  "skipped": false
                },
                {
                  "title": "should throw error without image defined",
                  "fullTitle": "@sebbo2002/semantic-release-docker parseConfig should throw error without image defined",
                  "timedOut": false,
                  "duration": 0,
                  "state": "passed",
                  "speed": "fast",
                  "pass": true,
                  "fail": false,
                  "pending": false,
                  "context": null,
                  "code": "assert.throws(()=>{parseConfig({})},/Configuration invalid: No image defined!/)",
                  "err": {},
                  "uuid": "c56f5e55-b961-4395-bcaf-cf16e00897f1",
                  "parentUUID": "77892b64-3218-4195-8205-7fa328db057d",
                  "isHook": false,
                  "skipped": false
                }
              ],
              "suites": [],
              "passes": [
                "1042ca51-1dbd-4508-891b-eba534080be1",
                "1d1d30ee-bf5a-40a0-bec0-bdd11ff1e632",
                "a760d360-4bf3-4e96-b0e6-f0e9721dab71",
                "c56f5e55-b961-4395-bcaf-cf16e00897f1"
              ],
              "failures": [],
              "pending": [],
              "skipped": [],
              "duration": 1,
              "root": false,
              "rootEmpty": false,
              "_timeout": 2000
            },
            {
              "uuid": "464543fb-a308-440b-aef2-4217f122652c",
              "title": "getBaseImage",
              "fullFile": "/home/runner/work/semantic-release-docker/semantic-release-docker/test/lib/index.ts",
              "file": "/test/lib/index.ts",
              "beforeHooks": [],
              "afterHooks": [],
              "tests": [
                {
                  "title": "alpine",
                  "fullTitle": "@sebbo2002/semantic-release-docker getBaseImage alpine",
                  "timedOut": false,
                  "duration": 0,
                  "state": "passed",
                  "speed": "fast",
                  "pass": true,
                  "fail": false,
                  "pending": false,
                  "context": null,
                  "code": "assert.strictEqual(getBaseImage(\"alpine\"),\"alpine\")",
                  "err": {},
                  "uuid": "930bd84a-ea3b-4a11-b459-42b3a75063d9",
                  "parentUUID": "464543fb-a308-440b-aef2-4217f122652c",
                  "isHook": false,
                  "skipped": false
                },
                {
                  "title": "ubuntu:14",
                  "fullTitle": "@sebbo2002/semantic-release-docker getBaseImage ubuntu:14",
                  "timedOut": false,
                  "duration": 0,
                  "state": "passed",
                  "speed": "fast",
                  "pass": true,
                  "fail": false,
                  "pending": false,
                  "context": null,
                  "code": "assert.strictEqual(getBaseImage(\"ubuntu:14\"),\"ubuntu\")",
                  "err": {},
                  "uuid": "2c6395d3-f668-40f8-81aa-60f081e6fe33",
                  "parentUUID": "464543fb-a308-440b-aef2-4217f122652c",
                  "isHook": false,
                  "skipped": false
                },
                {
                  "title": "sebbo2002/test:14.04",
                  "fullTitle": "@sebbo2002/semantic-release-docker getBaseImage sebbo2002/test:14.04",
                  "timedOut": false,
                  "duration": 0,
                  "state": "passed",
                  "speed": "fast",
                  "pass": true,
                  "fail": false,
                  "pending": false,
                  "context": null,
                  "code": "assert.strictEqual(getBaseImage(\"sebbo2002/test:14.04\"),\"sebbo2002/test\")",
                  "err": {},
                  "uuid": "77b44020-c622-4cee-9d9c-bf82caeb20fd",
                  "parentUUID": "464543fb-a308-440b-aef2-4217f122652c",
                  "isHook": false,
                  "skipped": false
                },
                {
                  "title": "ubuntu@14",
                  "fullTitle": "@sebbo2002/semantic-release-docker getBaseImage ubuntu@14",
                  "timedOut": false,
                  "duration": 0,
                  "state": "passed",
                  "speed": "fast",
                  "pass": true,
                  "fail": false,
                  "pending": false,
                  "context": null,
                  "code": "assert.strictEqual(getBaseImage(\"ubuntu@14\"),\"ubuntu\")",
                  "err": {},
                  "uuid": "6ab4576c-bf2a-401c-9fb0-37c40c0989d7",
                  "parentUUID": "464543fb-a308-440b-aef2-4217f122652c",
                  "isHook": false,
                  "skipped": false
                },
                {
                  "title": "sebbo2002/test@14.04",
                  "fullTitle": "@sebbo2002/semantic-release-docker getBaseImage sebbo2002/test@14.04",
                  "timedOut": false,
                  "duration": 0,
                  "state": "passed",
                  "speed": "fast",
                  "pass": true,
                  "fail": false,
                  "pending": false,
                  "context": null,
                  "code": "assert.strictEqual(getBaseImage(\"sebbo2002/test@14.04\"),\"sebbo2002/test\")",
                  "err": {},
                  "uuid": "39fad82c-1fc4-4a79-afda-07018b1374f6",
                  "parentUUID": "464543fb-a308-440b-aef2-4217f122652c",
                  "isHook": false,
                  "skipped": false
                },
                {
                  "title": "alpine@sha256:aaaaf56b44807c64d294e6c8059b479f35350b454492398225034174808d1726",
                  "fullTitle": "@sebbo2002/semantic-release-docker getBaseImage alpine@sha256:aaaaf56b44807c64d294e6c8059b479f35350b454492398225034174808d1726",
                  "timedOut": false,
                  "duration": 0,
                  "state": "passed",
                  "speed": "fast",
                  "pass": true,
                  "fail": false,
                  "pending": false,
                  "context": null,
                  "code": "assert.strictEqual(getBaseImage(\"alpine@sha256:aaaaf56b44807c64d294e6c8059b479f35350b454492398225034174808d1726\"),\"alpine\")",
                  "err": {},
                  "uuid": "fd2e0c74-bc90-4d9b-98b8-8b87e4a03dcb",
                  "parentUUID": "464543fb-a308-440b-aef2-4217f122652c",
                  "isHook": false,
                  "skipped": false
                },
                {
                  "title": "quay.io/signalfuse/zookeeper",
                  "fullTitle": "@sebbo2002/semantic-release-docker getBaseImage quay.io/signalfuse/zookeeper",
                  "timedOut": false,
                  "duration": 1,
                  "state": "passed",
                  "speed": "fast",
                  "pass": true,
                  "fail": false,
                  "pending": false,
                  "context": null,
                  "code": "assert.strictEqual(getBaseImage(\"quay.io/signalfuse/zookeeper\"),\"quay.io/signalfuse/zookeeper\")",
                  "err": {},
                  "uuid": "8c3e00d2-3d87-4b2c-b100-223a928886a5",
                  "parentUUID": "464543fb-a308-440b-aef2-4217f122652c",
                  "isHook": false,
                  "skipped": false
                },
                {
                  "title": "internal.mycorp.com:5000/revealjs",
                  "fullTitle": "@sebbo2002/semantic-release-docker getBaseImage internal.mycorp.com:5000/revealjs",
                  "timedOut": false,
                  "duration": 0,
                  "state": "passed",
                  "speed": "fast",
                  "pass": true,
                  "fail": false,
                  "pending": false,
                  "context": null,
                  "code": "assert.strictEqual(getBaseImage(\"internal.mycorp.com:5000/revealjs\"),\"internal.mycorp.com:5000/revealjs\")",
                  "err": {},
                  "uuid": "95523277-5a8d-49b9-90e8-674071f13c23",
                  "parentUUID": "464543fb-a308-440b-aef2-4217f122652c",
                  "isHook": false,
                  "skipped": false
                },
                {
                  "title": "internal.mycorp.com:5000/revealjs:3.4.5-3-develop.5",
                  "fullTitle": "@sebbo2002/semantic-release-docker getBaseImage internal.mycorp.com:5000/revealjs:3.4.5-3-develop.5",
                  "timedOut": false,
                  "duration": 0,
                  "state": "passed",
                  "speed": "fast",
                  "pass": true,
                  "fail": false,
                  "pending": false,
                  "context": null,
                  "code": "assert.strictEqual(getBaseImage(\"internal.mycorp.com:5000/revealjs:3.4.5-3-develop.5\"),\"internal.mycorp.com:5000/revealjs\")",
                  "err": {},
                  "uuid": "fdbf3e99-e8a5-47c2-b776-4ded3143316e",
                  "parentUUID": "464543fb-a308-440b-aef2-4217f122652c",
                  "isHook": false,
                  "skipped": false
                }
              ],
              "suites": [],
              "passes": [
                "930bd84a-ea3b-4a11-b459-42b3a75063d9",
                "2c6395d3-f668-40f8-81aa-60f081e6fe33",
                "77b44020-c622-4cee-9d9c-bf82caeb20fd",
                "6ab4576c-bf2a-401c-9fb0-37c40c0989d7",
                "39fad82c-1fc4-4a79-afda-07018b1374f6",
                "fd2e0c74-bc90-4d9b-98b8-8b87e4a03dcb",
                "8c3e00d2-3d87-4b2c-b100-223a928886a5",
                "95523277-5a8d-49b9-90e8-674071f13c23",
                "fdbf3e99-e8a5-47c2-b776-4ded3143316e"
              ],
              "failures": [],
              "pending": [],
              "skipped": [],
              "duration": 1,
              "root": false,
              "rootEmpty": false,
              "_timeout": 2000
            },
            {
              "uuid": "84689a33-c4ca-456d-948b-fae5d37439a4",
              "title": "isPreRelease",
              "fullFile": "/home/runner/work/semantic-release-docker/semantic-release-docker/test/lib/index.ts",
              "file": "/test/lib/index.ts",
              "beforeHooks": [],
              "afterHooks": [],
              "tests": [
                {
                  "title": "with release",
                  "fullTitle": "@sebbo2002/semantic-release-docker isPreRelease with release",
                  "timedOut": false,
                  "duration": 0,
                  "state": "passed",
                  "speed": "fast",
                  "pass": true,
                  "fail": false,
                  "pending": false,
                  "context": null,
                  "code": "const result=isPreRelease({branch:{name:\"develop\"},env:{},logger:{await:__name(()=>{},\"await\"),complete:__name(()=>{},\"complete\"),debug:__name(()=>{},\"debug\"),error:__name(()=>{},\"error\"),fatal:__name(()=>{},\"fatal\"),fav:__name(()=>{},\"fav\"),info:__name(()=>{},\"info\"),log:__name(()=>{},\"log\"),note:__name(()=>{},\"note\"),pause:__name(()=>{},\"pause\"),pending:__name(()=>{},\"pending\"),star:__name(()=>{},\"star\"),start:__name(()=>{},\"start\"),success:__name(()=>{},\"success\"),wait:__name(()=>{},\"wait\"),warn:__name(()=>{},\"warn\"),watch:__name(()=>{},\"watch\")},nextRelease:{channel:\"\",gitHead:\"\",gitTag:\"\",notes:\"\",type:\"patch\",version:\"8.2.6\"}});assert.strictEqual(result,false)",
                  "err": {},
                  "uuid": "88f1eb20-8545-465b-885f-27906e33aa49",
                  "parentUUID": "84689a33-c4ca-456d-948b-fae5d37439a4",
                  "isHook": false,
                  "skipped": false
                },
                {
                  "title": "with pre-release",
                  "fullTitle": "@sebbo2002/semantic-release-docker isPreRelease with pre-release",
                  "timedOut": false,
                  "duration": 0,
                  "state": "passed",
                  "speed": "fast",
                  "pass": true,
                  "fail": false,
                  "pending": false,
                  "context": null,
                  "code": "const result=isPreRelease({branch:{name:\"develop\"},env:{},logger:{await:__name(()=>{},\"await\"),complete:__name(()=>{},\"complete\"),debug:__name(()=>{},\"debug\"),error:__name(()=>{},\"error\"),fatal:__name(()=>{},\"fatal\"),fav:__name(()=>{},\"fav\"),info:__name(()=>{},\"info\"),log:__name(()=>{},\"log\"),note:__name(()=>{},\"note\"),pause:__name(()=>{},\"pause\"),pending:__name(()=>{},\"pending\"),star:__name(()=>{},\"star\"),start:__name(()=>{},\"start\"),success:__name(()=>{},\"success\"),wait:__name(()=>{},\"wait\"),warn:__name(()=>{},\"warn\"),watch:__name(()=>{},\"watch\")},nextRelease:{gitHead:\"\",gitTag:\"\",name:\"\",notes:\"\",type:\"prerelease\",version:\"8.2.6-develop.1\"}});assert.strictEqual(result,true)",
                  "err": {},
                  "uuid": "7816e604-c988-448a-976c-d6975f490ac3",
                  "parentUUID": "84689a33-c4ca-456d-948b-fae5d37439a4",
                  "isHook": false,
                  "skipped": false
                },
                {
                  "title": "without release",
                  "fullTitle": "@sebbo2002/semantic-release-docker isPreRelease without release",
                  "timedOut": false,
                  "duration": 0,
                  "state": "passed",
                  "speed": "fast",
                  "pass": true,
                  "fail": false,
                  "pending": false,
                  "context": null,
                  "code": "const result=isPreRelease({branch:{name:\"develop\"},env:{},logger:{await:__name(()=>{},\"await\"),complete:__name(()=>{},\"complete\"),debug:__name(()=>{},\"debug\"),error:__name(()=>{},\"error\"),fatal:__name(()=>{},\"fatal\"),fav:__name(()=>{},\"fav\"),info:__name(()=>{},\"info\"),log:__name(()=>{},\"log\"),note:__name(()=>{},\"note\"),pause:__name(()=>{},\"pause\"),pending:__name(()=>{},\"pending\"),star:__name(()=>{},\"star\"),start:__name(()=>{},\"start\"),success:__name(()=>{},\"success\"),wait:__name(()=>{},\"wait\"),warn:__name(()=>{},\"warn\"),watch:__name(()=>{},\"watch\")}});assert.strictEqual(result,false)",
                  "err": {},
                  "uuid": "e5c65819-d58e-4072-b2f7-03357e24e2a0",
                  "parentUUID": "84689a33-c4ca-456d-948b-fae5d37439a4",
                  "isHook": false,
                  "skipped": false
                }
              ],
              "suites": [],
              "passes": [
                "88f1eb20-8545-465b-885f-27906e33aa49",
                "7816e604-c988-448a-976c-d6975f490ac3",
                "e5c65819-d58e-4072-b2f7-03357e24e2a0"
              ],
              "failures": [],
              "pending": [],
              "skipped": [],
              "duration": 0,
              "root": false,
              "rootEmpty": false,
              "_timeout": 2000
            },
            {
              "uuid": "d5128e30-ed08-49b1-9e73-391f7bce8580",
              "title": "getMajorAndMinorPart",
              "fullFile": "/home/runner/work/semantic-release-docker/semantic-release-docker/test/lib/index.ts",
              "file": "/test/lib/index.ts",
              "beforeHooks": [],
              "afterHooks": [],
              "tests": [
                {
                  "title": "undefined",
                  "fullTitle": "@sebbo2002/semantic-release-docker getMajorAndMinorPart undefined",
                  "timedOut": false,
                  "duration": 0,
                  "state": "passed",
                  "speed": "fast",
                  "pass": true,
                  "fail": false,
                  "pending": false,
                  "context": null,
                  "code": "assert.deepStrictEqual(getMajorAndMinorPart(void 0),{major:null,minor:null})",
                  "err": {},
                  "uuid": "284e207b-929c-439f-bbfb-2ed757ea612c",
                  "parentUUID": "d5128e30-ed08-49b1-9e73-391f7bce8580",
                  "isHook": false,
                  "skipped": false
                },
                {
                  "title": "4.6.1",
                  "fullTitle": "@sebbo2002/semantic-release-docker getMajorAndMinorPart 4.6.1",
                  "timedOut": false,
                  "duration": 0,
                  "state": "passed",
                  "speed": "fast",
                  "pass": true,
                  "fail": false,
                  "pending": false,
                  "context": null,
                  "code": "assert.deepStrictEqual(getMajorAndMinorPart(\"4.6.1\"),{major:\"4\",minor:\"6\"})",
                  "err": {},
                  "uuid": "03019620-be7d-4c13-8b7c-b92fae691e6f",
                  "parentUUID": "d5128e30-ed08-49b1-9e73-391f7bce8580",
                  "isHook": false,
                  "skipped": false
                },
                {
                  "title": "4.6.1-develop.12",
                  "fullTitle": "@sebbo2002/semantic-release-docker getMajorAndMinorPart 4.6.1-develop.12",
                  "timedOut": false,
                  "duration": 0,
                  "state": "passed",
                  "speed": "fast",
                  "pass": true,
                  "fail": false,
                  "pending": false,
                  "context": null,
                  "code": "assert.deepStrictEqual(getMajorAndMinorPart(\"4.6.1-develop.12\"),{major:\"4\",minor:\"6\"})",
                  "err": {},
                  "uuid": "b1667bd8-af02-4f2b-b0f9-ee4b34922ede",
                  "parentUUID": "d5128e30-ed08-49b1-9e73-391f7bce8580",
                  "isHook": false,
                  "skipped": false
                }
              ],
              "suites": [],
              "passes": [
                "284e207b-929c-439f-bbfb-2ed757ea612c",
                "03019620-be7d-4c13-8b7c-b92fae691e6f",
                "b1667bd8-af02-4f2b-b0f9-ee4b34922ede"
              ],
              "failures": [],
              "pending": [],
              "skipped": [],
              "duration": 0,
              "root": false,
              "rootEmpty": false,
              "_timeout": 2000
            },
            {
              "uuid": "ccc80887-dc9b-4309-b2e2-fb71674ebffa",
              "title": "getTagTasks",
              "fullFile": "/home/runner/work/semantic-release-docker/semantic-release-docker/test/lib/index.ts",
              "file": "/test/lib/index.ts",
              "beforeHooks": [],
              "afterHooks": [],
              "tests": [
                {
                  "title": "should quietly abort if no release should be triggered",
                  "fullTitle": "@sebbo2002/semantic-release-docker getTagTasks should quietly abort if no release should be triggered",
                  "timedOut": false,
                  "duration": 0,
                  "state": "passed",
                  "speed": "fast",
                  "pass": true,
                  "fail": false,
                  "pending": false,
                  "context": null,
                  "code": "getTagTasks({images:[\"ubuntu\"],tag:{channel:true,latest:true,major:true,minor:true,version:true}},{branch:{name:\"develop\"},env:{},logger:{await:__name(()=>{},\"await\"),complete:__name(()=>{},\"complete\"),debug:__name(()=>{},\"debug\"),error:__name(()=>{},\"error\"),fatal:__name(()=>{},\"fatal\"),fav:__name(()=>{},\"fav\"),info:__name(()=>{},\"info\"),log:__name(()=>{},\"log\"),note:__name(()=>{},\"note\"),pause:__name(()=>{},\"pause\"),pending:__name(()=>{},\"pending\"),star:__name(()=>{},\"star\"),start:__name(()=>{},\"start\"),success:__name(()=>{},\"success\"),wait:__name(()=>{},\"wait\"),warn:__name(()=>{},\"warn\"),watch:__name(()=>{},\"watch\")}})",
                  "err": {},
                  "uuid": "72928819-8217-4a61-a82a-6ed05c20fcb7",
                  "parentUUID": "ccc80887-dc9b-4309-b2e2-fb71674ebffa",
                  "isHook": false,
                  "skipped": false
                },
                {
                  "title": "patch release",
                  "fullTitle": "@sebbo2002/semantic-release-docker getTagTasks patch release",
                  "timedOut": false,
                  "duration": 1,
                  "state": "passed",
                  "speed": "fast",
                  "pass": true,
                  "fail": false,
                  "pending": false,
                  "context": null,
                  "code": "const result=getTagTasks({images:[\"alpine@sha256:aaaaf56b44807c64d294e6c8059b479f35350b454492398225034174808d1726\",\"sebbo2002/test:1234567\"],tag:{channel:true,latest:true,major:true,minor:true,version:true}},{branch:{name:\"develop\"},env:{},logger:{await:__name(()=>{},\"await\"),complete:__name(()=>{},\"complete\"),debug:__name(()=>{},\"debug\"),error:__name(()=>{},\"error\"),fatal:__name(()=>{},\"fatal\"),fav:__name(()=>{},\"fav\"),info:__name(()=>{},\"info\"),log:__name(()=>{},\"log\"),note:__name(()=>{},\"note\"),pause:__name(()=>{},\"pause\"),pending:__name(()=>{},\"pending\"),star:__name(()=>{},\"star\"),start:__name(()=>{},\"start\"),success:__name(()=>{},\"success\"),wait:__name(()=>{},\"wait\"),warn:__name(()=>{},\"warn\"),watch:__name(()=>{},\"watch\")},nextRelease:{gitHead:\"\",gitTag:\"\",name:\"\",notes:\"\",type:\"patch\",version:\"8.2.6\"}});assert.deepStrictEqual(result,[{input:\"alpine@sha256:aaaaf56b44807c64d294e6c8059b479f35350b454492398225034174808d1726\",output:\"alpine:8.2.6\"},{input:\"alpine@sha256:aaaaf56b44807c64d294e6c8059b479f35350b454492398225034174808d1726\",output:\"alpine:latest\"},{input:\"alpine@sha256:aaaaf56b44807c64d294e6c8059b479f35350b454492398225034174808d1726\",output:\"alpine:8\"},{input:\"alpine@sha256:aaaaf56b44807c64d294e6c8059b479f35350b454492398225034174808d1726\",output:\"alpine:8.2\"},{input:\"sebbo2002/test:1234567\",output:\"sebbo2002/test:8.2.6\"},{input:\"sebbo2002/test:1234567\",output:\"sebbo2002/test:latest\"},{input:\"sebbo2002/test:1234567\",output:\"sebbo2002/test:8\"},{input:\"sebbo2002/test:1234567\",output:\"sebbo2002/test:8.2\"}])",
                  "err": {},
                  "uuid": "a69df445-3eab-4d87-902f-da425e4c5fe0",
                  "parentUUID": "ccc80887-dc9b-4309-b2e2-fb71674ebffa",
                  "isHook": false,
                  "skipped": false
                },
                {
                  "title": "pre release",
                  "fullTitle": "@sebbo2002/semantic-release-docker getTagTasks pre release",
                  "timedOut": false,
                  "duration": 0,
                  "state": "passed",
                  "speed": "fast",
                  "pass": true,
                  "fail": false,
                  "pending": false,
                  "context": null,
                  "code": "const result=getTagTasks({images:[\"alpine@sha256:aaaaf56b44807c64d294e6c8059b479f35350b454492398225034174808d1726\",\"sebbo2002/test:1234567\"],tag:{channel:true,latest:true,major:true,minor:true,version:true}},{branch:{name:\"develop\"},env:{},logger:{await:__name(()=>{},\"await\"),complete:__name(()=>{},\"complete\"),debug:__name(()=>{},\"debug\"),error:__name(()=>{},\"error\"),fatal:__name(()=>{},\"fatal\"),fav:__name(()=>{},\"fav\"),info:__name(()=>{},\"info\"),log:__name(()=>{},\"log\"),note:__name(()=>{},\"note\"),pause:__name(()=>{},\"pause\"),pending:__name(()=>{},\"pending\"),star:__name(()=>{},\"star\"),start:__name(()=>{},\"start\"),success:__name(()=>{},\"success\"),wait:__name(()=>{},\"wait\"),warn:__name(()=>{},\"warn\"),watch:__name(()=>{},\"watch\")},nextRelease:{channel:\"next\",gitHead:\"\",gitTag:\"\",name:\"\",notes:\"\",type:\"prerelease\",version:\"8.2.6-develop.3\"}});assert.deepStrictEqual(result,[{input:\"alpine@sha256:aaaaf56b44807c64d294e6c8059b479f35350b454492398225034174808d1726\",output:\"alpine:8.2.6-develop.3\"},{input:\"alpine@sha256:aaaaf56b44807c64d294e6c8059b479f35350b454492398225034174808d1726\",output:\"alpine:next\"},{input:\"sebbo2002/test:1234567\",output:\"sebbo2002/test:8.2.6-develop.3\"},{input:\"sebbo2002/test:1234567\",output:\"sebbo2002/test:next\"}])",
                  "err": {},
                  "uuid": "3a7e3f4c-79ce-467e-a09a-7eabdef84a9b",
                  "parentUUID": "ccc80887-dc9b-4309-b2e2-fb71674ebffa",
                  "isHook": false,
                  "skipped": false
                }
              ],
              "suites": [],
              "passes": [
                "72928819-8217-4a61-a82a-6ed05c20fcb7",
                "a69df445-3eab-4d87-902f-da425e4c5fe0",
                "3a7e3f4c-79ce-467e-a09a-7eabdef84a9b"
              ],
              "failures": [],
              "pending": [],
              "skipped": [],
              "duration": 1,
              "root": false,
              "rootEmpty": false,
              "_timeout": 2000
            },
            {
              "uuid": "03b42880-de95-418e-856a-6999b6bef0bc",
              "title": "getUrlFromImage",
              "fullFile": "/home/runner/work/semantic-release-docker/semantic-release-docker/test/lib/index.ts",
              "file": "/test/lib/index.ts",
              "beforeHooks": [],
              "afterHooks": [],
              "tests": [
                {
                  "title": "alpine",
                  "fullTitle": "@sebbo2002/semantic-release-docker getUrlFromImage alpine",
                  "timedOut": false,
                  "duration": 1,
                  "state": "passed",
                  "speed": "fast",
                  "pass": true,
                  "fail": false,
                  "pending": false,
                  "context": null,
                  "code": "assert.strictEqual(getUrlFromImage(\"alpine\"),\"https://hub.docker.com/_/alpine/tags\")",
                  "err": {},
                  "uuid": "f4b969bd-132a-4c5d-bee9-a5aaff5fc708",
                  "parentUUID": "03b42880-de95-418e-856a-6999b6bef0bc",
                  "isHook": false,
                  "skipped": false
                },
                {
                  "title": "ubuntu:14",
                  "fullTitle": "@sebbo2002/semantic-release-docker getUrlFromImage ubuntu:14",
                  "timedOut": false,
                  "duration": 0,
                  "state": "passed",
                  "speed": "fast",
                  "pass": true,
                  "fail": false,
                  "pending": false,
                  "context": null,
                  "code": "assert.strictEqual(getUrlFromImage(\"ubuntu:14\"),\"https://hub.docker.com/_/ubuntu/tags\")",
                  "err": {},
                  "uuid": "3494d31d-b690-4c74-b528-a54b23abf377",
                  "parentUUID": "03b42880-de95-418e-856a-6999b6bef0bc",
                  "isHook": false,
                  "skipped": false
                },
                {
                  "title": "sebbo2002/gitlab-badges:14.04",
                  "fullTitle": "@sebbo2002/semantic-release-docker getUrlFromImage sebbo2002/gitlab-badges:14.04",
                  "timedOut": false,
                  "duration": 0,
                  "state": "passed",
                  "speed": "fast",
                  "pass": true,
                  "fail": false,
                  "pending": false,
                  "context": null,
                  "code": "assert.strictEqual(getUrlFromImage(\"sebbo2002/gitlab-badges:14.04\"),\"https://hub.docker.com/r/sebbo2002/gitlab-badges/tags\")",
                  "err": {},
                  "uuid": "beeafca9-6753-4c76-85f5-d2e266e7cd44",
                  "parentUUID": "03b42880-de95-418e-856a-6999b6bef0bc",
                  "isHook": false,
                  "skipped": false
                },
                {
                  "title": "ubuntu@14",
                  "fullTitle": "@sebbo2002/semantic-release-docker getUrlFromImage ubuntu@14",
                  "timedOut": false,
                  "duration": 0,
                  "state": "passed",
                  "speed": "fast",
                  "pass": true,
                  "fail": false,
                  "pending": false,
                  "context": null,
                  "code": "assert.strictEqual(getUrlFromImage(\"ubuntu@14\"),\"https://hub.docker.com/_/ubuntu/tags\")",
                  "err": {},
                  "uuid": "a573f12f-c3e0-4852-929c-aa78649cb8cb",
                  "parentUUID": "03b42880-de95-418e-856a-6999b6bef0bc",
                  "isHook": false,
                  "skipped": false
                },
                {
                  "title": "sebbo2002/gitlab-badges@14.04",
                  "fullTitle": "@sebbo2002/semantic-release-docker getUrlFromImage sebbo2002/gitlab-badges@14.04",
                  "timedOut": false,
                  "duration": 0,
                  "state": "passed",
                  "speed": "fast",
                  "pass": true,
                  "fail": false,
                  "pending": false,
                  "context": null,
                  "code": "assert.strictEqual(getUrlFromImage(\"sebbo2002/gitlab-badges@14.04\"),\"https://hub.docker.com/r/sebbo2002/gitlab-badges/tags\")",
                  "err": {},
                  "uuid": "ef5e6458-4863-40a0-b3d2-143d3cbe725e",
                  "parentUUID": "03b42880-de95-418e-856a-6999b6bef0bc",
                  "isHook": false,
                  "skipped": false
                },
                {
                  "title": "alpine@sha256:aaaaf56b44807c64d294e6c8059b479f35350b454492398225034174808d1726",
                  "fullTitle": "@sebbo2002/semantic-release-docker getUrlFromImage alpine@sha256:aaaaf56b44807c64d294e6c8059b479f35350b454492398225034174808d1726",
                  "timedOut": false,
                  "duration": 0,
                  "state": "passed",
                  "speed": "fast",
                  "pass": true,
                  "fail": false,
                  "pending": false,
                  "context": null,
                  "code": "assert.strictEqual(getUrlFromImage(\"alpine@sha256:aaaaf56b44807c64d294e6c8059b479f35350b454492398225034174808d1726\"),\"https://hub.docker.com/_/alpine/tags\")",
                  "err": {},
                  "uuid": "69b87f66-e847-41eb-a43a-8c6d4c3fd34c",
                  "parentUUID": "03b42880-de95-418e-856a-6999b6bef0bc",
                  "isHook": false,
                  "skipped": false
                },
                {
                  "title": "ghcr.io/sebbo2002/ble2mqtt:ecf33e870c318e4f8a17555aeac14ab1dfaaaddd",
                  "fullTitle": "@sebbo2002/semantic-release-docker getUrlFromImage ghcr.io/sebbo2002/ble2mqtt:ecf33e870c318e4f8a17555aeac14ab1dfaaaddd",
                  "timedOut": false,
                  "duration": 0,
                  "state": "passed",
                  "speed": "fast",
                  "pass": true,
                  "fail": false,
                  "pending": false,
                  "context": null,
                  "code": "assert.strictEqual(getUrlFromImage(\"ghcr.io/sebbo2002/ble2mqtt:ecf33e870c318e4f8a17555aeac14ab1dfaaaddd\"),\"https://github.com/sebbo2002/ble2mqtt/pkgs/container/ble2mqtt\")",
                  "err": {},
                  "uuid": "5da3cfec-e9fa-4514-9fc2-8c6f80625a3d",
                  "parentUUID": "03b42880-de95-418e-856a-6999b6bef0bc",
                  "isHook": false,
                  "skipped": false
                },
                {
                  "title": "ghcr.io/sebbo2002/ble2mqtt@sha256:175c648b777d70f829196d67019ded98d74cf28f3fef08b00998b10485705e68",
                  "fullTitle": "@sebbo2002/semantic-release-docker getUrlFromImage ghcr.io/sebbo2002/ble2mqtt@sha256:175c648b777d70f829196d67019ded98d74cf28f3fef08b00998b10485705e68",
                  "timedOut": false,
                  "duration": 0,
                  "state": "passed",
                  "speed": "fast",
                  "pass": true,
                  "fail": false,
                  "pending": false,
                  "context": null,
                  "code": "assert.strictEqual(getUrlFromImage(\"ghcr.io/sebbo2002/ble2mqtt@sha256:175c648b777d70f829196d67019ded98d74cf28f3fef08b00998b10485705e68\"),\"https://github.com/sebbo2002/ble2mqtt/pkgs/container/ble2mqtt\")",
                  "err": {},
                  "uuid": "a2244c7b-811e-4b61-af33-52368b1caca0",
                  "parentUUID": "03b42880-de95-418e-856a-6999b6bef0bc",
                  "isHook": false,
                  "skipped": false
                },
                {
                  "title": "registry.gitlab.com/gitlab-org/gitlab-runner/ci:1.10.8-1",
                  "fullTitle": "@sebbo2002/semantic-release-docker getUrlFromImage registry.gitlab.com/gitlab-org/gitlab-runner/ci:1.10.8-1",
                  "timedOut": false,
                  "duration": 0,
                  "state": "passed",
                  "speed": "fast",
                  "pass": true,
                  "fail": false,
                  "pending": false,
                  "context": null,
                  "code": "assert.strictEqual(getUrlFromImage(\"registry.gitlab.com/gitlab-org/gitlab-runner/ci:1.10.8-1\"),\"https://gitlab.com/gitlab-org/gitlab-runner/container_registry\")",
                  "err": {},
                  "uuid": "895a0577-9280-4f63-9bd4-564c9ce12759",
                  "parentUUID": "03b42880-de95-418e-856a-6999b6bef0bc",
                  "isHook": false,
                  "skipped": false
                },
                {
                  "title": "registry.gitlab.com/gitlab-org/gitlab-runner/ci@sha256:5abfd2a06fbc535581350290e5067cf49f908199b60e850015066f38c549622e",
                  "fullTitle": "@sebbo2002/semantic-release-docker getUrlFromImage registry.gitlab.com/gitlab-org/gitlab-runner/ci@sha256:5abfd2a06fbc535581350290e5067cf49f908199b60e850015066f38c549622e",
                  "timedOut": false,
                  "duration": 0,
                  "state": "passed",
                  "speed": "fast",
                  "pass": true,
                  "fail": false,
                  "pending": false,
                  "context": null,
                  "code": "assert.strictEqual(getUrlFromImage(\"registry.gitlab.com/gitlab-org/gitlab-runner/ci@sha256:5abfd2a06fbc535581350290e5067cf49f908199b60e850015066f38c549622e\"),\"https://gitlab.com/gitlab-org/gitlab-runner/container_registry\")",
                  "err": {},
                  "uuid": "dce7b594-75b2-4d58-b684-7aee12815b37",
                  "parentUUID": "03b42880-de95-418e-856a-6999b6bef0bc",
                  "isHook": false,
                  "skipped": false
                },
                {
                  "title": "containers.topsecret.evil.corp/server:2",
                  "fullTitle": "@sebbo2002/semantic-release-docker getUrlFromImage containers.topsecret.evil.corp/server:2",
                  "timedOut": false,
                  "duration": 0,
                  "state": "passed",
                  "speed": "fast",
                  "pass": true,
                  "fail": false,
                  "pending": false,
                  "context": null,
                  "code": "assert.strictEqual(getUrlFromImage(\"containers.topsecret.evil.corp/server:2\"),void 0)",
                  "err": {},
                  "uuid": "58b4667a-8775-46e1-b6da-3ef6f9ff3ec3",
                  "parentUUID": "03b42880-de95-418e-856a-6999b6bef0bc",
                  "isHook": false,
                  "skipped": false
                }
              ],
              "suites": [],
              "passes": [
                "f4b969bd-132a-4c5d-bee9-a5aaff5fc708",
                "3494d31d-b690-4c74-b528-a54b23abf377",
                "beeafca9-6753-4c76-85f5-d2e266e7cd44",
                "a573f12f-c3e0-4852-929c-aa78649cb8cb",
                "ef5e6458-4863-40a0-b3d2-143d3cbe725e",
                "69b87f66-e847-41eb-a43a-8c6d4c3fd34c",
                "5da3cfec-e9fa-4514-9fc2-8c6f80625a3d",
                "a2244c7b-811e-4b61-af33-52368b1caca0",
                "895a0577-9280-4f63-9bd4-564c9ce12759",
                "dce7b594-75b2-4d58-b684-7aee12815b37",
                "58b4667a-8775-46e1-b6da-3ef6f9ff3ec3"
              ],
              "failures": [],
              "pending": [],
              "skipped": [],
              "duration": 1,
              "root": false,
              "rootEmpty": false,
              "_timeout": 2000
            },
            {
              "uuid": "5036b179-87e0-4d69-a719-66bba4311870",
              "title": "exec",
              "fullFile": "/home/runner/work/semantic-release-docker/semantic-release-docker/test/lib/index.ts",
              "file": "/test/lib/index.ts",
              "beforeHooks": [],
              "afterHooks": [],
              "tests": [
                {
                  "title": "should run commands",
                  "fullTitle": "@sebbo2002/semantic-release-docker exec should run commands",
                  "timedOut": false,
                  "duration": 14,
                  "state": "passed",
                  "speed": "fast",
                  "pass": true,
                  "fail": false,
                  "pending": false,
                  "context": null,
                  "code": "assert.strictEqual(await exec(\"echo\",[\"hello\"]),void 0)",
                  "err": {},
                  "uuid": "9c48f9fd-8bd2-42a7-bfd8-987e869f8733",
                  "parentUUID": "5036b179-87e0-4d69-a719-66bba4311870",
                  "isHook": false,
                  "skipped": false
                },
                {
                  "title": "should fail on exit code > 0",
                  "fullTitle": "@sebbo2002/semantic-release-docker exec should fail on exit code > 0",
                  "timedOut": false,
                  "duration": 4,
                  "state": "passed",
                  "speed": "fast",
                  "pass": true,
                  "fail": false,
                  "pending": false,
                  "context": null,
                  "code": "assert.rejects(async()=>{assert.strictEqual(await exec(\"exit\",[\"1\"]),void 0)},/Unable to run \"exit 1\": Command failed with ENOENT: exit 1/)",
                  "err": {},
                  "uuid": "6e49dfc3-81fc-40c7-89d8-094c38558f28",
                  "parentUUID": "5036b179-87e0-4d69-a719-66bba4311870",
                  "isHook": false,
                  "skipped": false
                }
              ],
              "suites": [],
              "passes": [
                "9c48f9fd-8bd2-42a7-bfd8-987e869f8733",
                "6e49dfc3-81fc-40c7-89d8-094c38558f28"
              ],
              "failures": [],
              "pending": [],
              "skipped": [],
              "duration": 18,
              "root": false,
              "rootEmpty": false,
              "_timeout": 2000
            },
            {
              "uuid": "b73bb1a4-73d1-440a-9d60-7e9d036275ef",
              "title": "isRegCtlAvailable",
              "fullFile": "/home/runner/work/semantic-release-docker/semantic-release-docker/test/lib/index.ts",
              "file": "/test/lib/index.ts",
              "beforeHooks": [],
              "afterHooks": [],
              "tests": [
                {
                  "title": "should run command without failing (result unknown)",
                  "fullTitle": "@sebbo2002/semantic-release-docker isRegCtlAvailable should run command without failing (result unknown)",
                  "timedOut": false,
                  "duration": 5,
                  "state": "passed",
                  "speed": "fast",
                  "pass": true,
                  "fail": false,
                  "pending": false,
                  "context": null,
                  "code": "const result=await isRegCtlAvailable();assert.ok(typeof result,\"boolean\");assert.strictEqual(await isRegCtlAvailable(),result)",
                  "err": {},
                  "uuid": "3f370e19-5d66-4540-85bd-fb739758d0b2",
                  "parentUUID": "b73bb1a4-73d1-440a-9d60-7e9d036275ef",
                  "isHook": false,
                  "skipped": false
                }
              ],
              "suites": [],
              "passes": [
                "3f370e19-5d66-4540-85bd-fb739758d0b2"
              ],
              "failures": [],
              "pending": [],
              "skipped": [],
              "duration": 5,
              "root": false,
              "rootEmpty": false,
              "_timeout": 2000
            },
            {
              "uuid": "fd38fe25-9242-480a-bfb1-c53f488631a4",
              "title": "tagImage",
              "fullFile": "/home/runner/work/semantic-release-docker/semantic-release-docker/test/lib/index.ts",
              "file": "/test/lib/index.ts",
              "beforeHooks": [],
              "afterHooks": [],
              "tests": [
                {
                  "title": "tag ubuntu",
                  "fullTitle": "@sebbo2002/semantic-release-docker tagImage tag ubuntu",
                  "timedOut": false,
                  "duration": 23,
                  "state": "passed",
                  "speed": "fast",
                  "pass": true,
                  "fail": false,
                  "pending": false,
                  "context": null,
                  "code": "await tagImage(\"alpine\",\"alpine:tagging-test\")",
                  "err": {},
                  "uuid": "9337957f-6910-460e-bee9-e0e1b150adf9",
                  "parentUUID": "fd38fe25-9242-480a-bfb1-c53f488631a4",
                  "isHook": false,
                  "skipped": false
                }
              ],
              "suites": [],
              "passes": [
                "9337957f-6910-460e-bee9-e0e1b150adf9"
              ],
              "failures": [],
              "pending": [],
              "skipped": [],
              "duration": 23,
              "root": false,
              "rootEmpty": false,
              "_timeout": 2000
            },
            {
              "uuid": "449fdd79-dceb-449e-bca9-617190b2044f",
              "title": "publish",
              "fullFile": "/home/runner/work/semantic-release-docker/semantic-release-docker/test/lib/index.ts",
              "file": "/test/lib/index.ts",
              "beforeHooks": [],
              "afterHooks": [],
              "tests": [
                {
                  "title": "should return false if no release is scheduled",
                  "fullTitle": "@sebbo2002/semantic-release-docker publish should return false if no release is scheduled",
                  "timedOut": false,
                  "duration": 1,
                  "state": "passed",
                  "speed": "fast",
                  "pass": true,
                  "fail": false,
                  "pending": false,
                  "context": null,
                  "code": "const result=await publish({images:[]},{branch:{name:\"develop\"},env:{},logger:{await:__name(()=>{},\"await\"),complete:__name(()=>{},\"complete\"),debug:__name(()=>{},\"debug\"),error:__name(()=>{},\"error\"),fatal:__name(()=>{},\"fatal\"),fav:__name(()=>{},\"fav\"),info:__name(()=>{},\"info\"),log:__name(()=>{},\"log\"),note:__name(()=>{},\"note\"),pause:__name(()=>{},\"pause\"),pending:__name(()=>{},\"pending\"),star:__name(()=>{},\"star\"),start:__name(()=>{},\"start\"),success:__name(()=>{},\"success\"),wait:__name(()=>{},\"wait\"),warn:__name(()=>{},\"warn\"),watch:__name(()=>{},\"watch\")}});assert.strictEqual(result,false)",
                  "err": {},
                  "uuid": "e02aef33-3e39-4ac3-aec7-079d112266d6",
                  "parentUUID": "449fdd79-dceb-449e-bca9-617190b2044f",
                  "isHook": false,
                  "skipped": false
                },
                {
                  "title": "should return false if there's nothing to do",
                  "fullTitle": "@sebbo2002/semantic-release-docker publish should return false if there's nothing to do",
                  "timedOut": false,
                  "duration": 0,
                  "state": "passed",
                  "speed": "fast",
                  "pass": true,
                  "fail": false,
                  "pending": false,
                  "context": null,
                  "code": "const result=await publish({images:\"foo/bar:1234\",tag:{channel:false,latest:false,major:false,minor:false,version:false}},{branch:{name:\"develop\"},env:{},logger:{await:__name(()=>{},\"await\"),complete:__name(()=>{},\"complete\"),debug:__name(()=>{},\"debug\"),error:__name(()=>{},\"error\"),fatal:__name(()=>{},\"fatal\"),fav:__name(()=>{},\"fav\"),info:__name(()=>{},\"info\"),log:__name(()=>{},\"log\"),note:__name(()=>{},\"note\"),pause:__name(()=>{},\"pause\"),pending:__name(()=>{},\"pending\"),star:__name(()=>{},\"star\"),start:__name(()=>{},\"start\"),success:__name(()=>{},\"success\"),wait:__name(()=>{},\"wait\"),warn:__name(()=>{},\"warn\"),watch:__name(()=>{},\"watch\")},nextRelease:{gitHead:\"\",gitTag:\"\",name:\"\",notes:\"\",type:\"patch\",version:\"8.2.7\"}});assert.strictEqual(result,false)",
                  "err": {},
                  "uuid": "82add487-77cc-45b0-90be-97574e5ac512",
                  "parentUUID": "449fdd79-dceb-449e-bca9-617190b2044f",
                  "isHook": false,
                  "skipped": false
                }
              ],
              "suites": [],
              "passes": [
                "e02aef33-3e39-4ac3-aec7-079d112266d6",
                "82add487-77cc-45b0-90be-97574e5ac512"
              ],
              "failures": [],
              "pending": [],
              "skipped": [],
              "duration": 1,
              "root": false,
              "rootEmpty": false,
              "_timeout": 2000
            }
          ],
          "passes": [],
          "failures": [],
          "pending": [],
          "skipped": [],
          "duration": 0,
          "root": false,
          "rootEmpty": false,
          "_timeout": 2000
        }
      ],
      "passes": [],
      "failures": [],
      "pending": [],
      "skipped": [],
      "duration": 0,
      "root": true,
      "rootEmpty": true,
      "_timeout": 2000
    }
  ],
  "meta": {
    "mocha": {
      "version": "11.7.5"
    },
    "mochawesome": {
      "options": {
        "quiet": false,
        "reportFilename": "mochawesome",
        "saveHtml": true,
        "saveJson": true,
        "consoleReporter": "spec",
        "useInlineDiffs": false,
        "code": true
      },
      "version": "7.1.4"
    },
    "marge": {
      "options": null,
      "version": "6.3.2"
    }
  }
}