{
  "stats": {
    "suites": 9,
    "tests": 36,
    "passes": 36,
    "pending": 0,
    "failures": 0,
    "start": "2022-04-25T07:54:23.051Z",
    "end": "2022-04-25T07:54:23.168Z",
    "duration": 117,
    "testsRegistered": 36,
    "passPercent": 100,
    "pendingPercent": 0,
    "other": 0,
    "hasOther": false,
    "skipped": 0,
    "hasSkipped": false
  },
  "results": [
    {
      "uuid": "4ed8aa6c-27ee-4b45-8188-e28c4a3ed755",
      "title": "",
      "fullFile": "/home/runner/work/semantic-release-docker/semantic-release-docker/test/lib/index.ts",
      "file": "/test/lib/index.ts",
      "beforeHooks": [],
      "afterHooks": [],
      "tests": [],
      "suites": [
        {
          "uuid": "9feeeb40-796d-47d8-8fcc-9c47730ef375",
          "title": "@sebbo2002/semantic-release-docker",
          "fullFile": "/home/runner/work/semantic-release-docker/semantic-release-docker/test/lib/index.ts",
          "file": "/test/lib/index.ts",
          "beforeHooks": [],
          "afterHooks": [],
          "tests": [],
          "suites": [
            {
              "uuid": "f17b6ebe-b6ec-44db-ae13-7c7e044e0a67",
              "title": "parseConfig",
              "fullFile": "/home/runner/work/semantic-release-docker/semantic-release-docker/test/lib/index.ts",
              "file": "/test/lib/index.ts",
              "beforeHooks": [],
              "afterHooks": [],
              "tests": [
                {
                  "title": "should work without any tags",
                  "fullTitle": "@sebbo2002/semantic-release-docker parseConfig should work without any tags",
                  "timedOut": false,
                  "duration": 12,
                  "state": "passed",
                  "speed": "fast",
                  "pass": true,
                  "fail": false,
                  "pending": false,
                  "context": null,
                  "code": "const result = (0, lib_1.parseConfig)({\n    images: ['ubuntu']\n});\nassert_1.default.deepStrictEqual(result, {\n    images: ['ubuntu'],\n    tag: {\n        latest: true,\n        major: true,\n        minor: true,\n        version: true,\n        channel: true\n    }\n});",
                  "err": {},
                  "uuid": "a0f28967-9742-4962-a9fb-b36e2cc42b17",
                  "parentUUID": "f17b6ebe-b6ec-44db-ae13-7c7e044e0a67",
                  "isHook": false,
                  "skipped": false
                },
                {
                  "title": "should work with images string",
                  "fullTitle": "@sebbo2002/semantic-release-docker parseConfig should work with images string",
                  "timedOut": false,
                  "duration": 0,
                  "state": "passed",
                  "speed": "fast",
                  "pass": true,
                  "fail": false,
                  "pending": false,
                  "context": null,
                  "code": "const result = (0, lib_1.parseConfig)({\n    images: 'ubuntu'\n});\nassert_1.default.deepStrictEqual(result, {\n    images: ['ubuntu'],\n    tag: {\n        latest: true,\n        major: true,\n        minor: true,\n        version: true,\n        channel: true\n    }\n});",
                  "err": {},
                  "uuid": "9160783b-e788-4f3b-ae30-4ff192a9a5e4",
                  "parentUUID": "f17b6ebe-b6ec-44db-ae13-7c7e044e0a67",
                  "isHook": false,
                  "skipped": false
                },
                {
                  "title": "should merge tags",
                  "fullTitle": "@sebbo2002/semantic-release-docker parseConfig should merge tags",
                  "timedOut": false,
                  "duration": 1,
                  "state": "passed",
                  "speed": "fast",
                  "pass": true,
                  "fail": false,
                  "pending": false,
                  "context": null,
                  "code": "const result = (0, lib_1.parseConfig)({\n    images: ['ubuntu'],\n    tag: {\n        minor: false\n    }\n});\nassert_1.default.deepStrictEqual(result, {\n    images: ['ubuntu'],\n    tag: {\n        latest: true,\n        major: true,\n        minor: false,\n        version: true,\n        channel: true\n    }\n});",
                  "err": {},
                  "uuid": "b79e9377-c432-44f0-8ace-f45a11f0f0cc",
                  "parentUUID": "f17b6ebe-b6ec-44db-ae13-7c7e044e0a67",
                  "isHook": false,
                  "skipped": false
                },
                {
                  "title": "should throw error without image defined",
                  "fullTitle": "@sebbo2002/semantic-release-docker parseConfig should throw error without image defined",
                  "timedOut": false,
                  "duration": 0,
                  "state": "passed",
                  "speed": "fast",
                  "pass": true,
                  "fail": false,
                  "pending": false,
                  "context": null,
                  "code": "assert_1.default.throws(() => {\n    // @ts-ignore\n    (0, lib_1.parseConfig)({});\n}, /Configuration invalid: No image defined!/);",
                  "err": {},
                  "uuid": "0ced14d3-4c89-453f-a53a-d1414fe30811",
                  "parentUUID": "f17b6ebe-b6ec-44db-ae13-7c7e044e0a67",
                  "isHook": false,
                  "skipped": false
                }
              ],
              "suites": [],
              "passes": [
                "a0f28967-9742-4962-a9fb-b36e2cc42b17",
                "9160783b-e788-4f3b-ae30-4ff192a9a5e4",
                "b79e9377-c432-44f0-8ace-f45a11f0f0cc",
                "0ced14d3-4c89-453f-a53a-d1414fe30811"
              ],
              "failures": [],
              "pending": [],
              "skipped": [],
              "duration": 13,
              "root": false,
              "rootEmpty": false,
              "_timeout": 2000
            },
            {
              "uuid": "014f3a9f-640f-41cd-b955-1cd99f5d8b02",
              "title": "getBaseImage",
              "fullFile": "/home/runner/work/semantic-release-docker/semantic-release-docker/test/lib/index.ts",
              "file": "/test/lib/index.ts",
              "beforeHooks": [],
              "afterHooks": [],
              "tests": [
                {
                  "title": "alpine",
                  "fullTitle": "@sebbo2002/semantic-release-docker getBaseImage alpine",
                  "timedOut": false,
                  "duration": 1,
                  "state": "passed",
                  "speed": "fast",
                  "pass": true,
                  "fail": false,
                  "pending": false,
                  "context": null,
                  "code": "assert_1.default.strictEqual((0, lib_1.getBaseImage)('alpine'), 'alpine');",
                  "err": {},
                  "uuid": "9bcfffa6-f22d-4399-9384-625c39268708",
                  "parentUUID": "014f3a9f-640f-41cd-b955-1cd99f5d8b02",
                  "isHook": false,
                  "skipped": false
                },
                {
                  "title": "ubuntu:14",
                  "fullTitle": "@sebbo2002/semantic-release-docker getBaseImage ubuntu:14",
                  "timedOut": false,
                  "duration": 0,
                  "state": "passed",
                  "speed": "fast",
                  "pass": true,
                  "fail": false,
                  "pending": false,
                  "context": null,
                  "code": "assert_1.default.strictEqual((0, lib_1.getBaseImage)('ubuntu:14'), 'ubuntu');",
                  "err": {},
                  "uuid": "7895066e-0722-4df8-8610-42b1a0c323a8",
                  "parentUUID": "014f3a9f-640f-41cd-b955-1cd99f5d8b02",
                  "isHook": false,
                  "skipped": false
                },
                {
                  "title": "sebbo2002/test:14.04",
                  "fullTitle": "@sebbo2002/semantic-release-docker getBaseImage sebbo2002/test:14.04",
                  "timedOut": false,
                  "duration": 1,
                  "state": "passed",
                  "speed": "fast",
                  "pass": true,
                  "fail": false,
                  "pending": false,
                  "context": null,
                  "code": "assert_1.default.strictEqual((0, lib_1.getBaseImage)('sebbo2002/test:14.04'), 'sebbo2002/test');",
                  "err": {},
                  "uuid": "ea0717b2-1a6d-4a26-b823-66db6abbcd3f",
                  "parentUUID": "014f3a9f-640f-41cd-b955-1cd99f5d8b02",
                  "isHook": false,
                  "skipped": false
                },
                {
                  "title": "ubuntu@14",
                  "fullTitle": "@sebbo2002/semantic-release-docker getBaseImage ubuntu@14",
                  "timedOut": false,
                  "duration": 0,
                  "state": "passed",
                  "speed": "fast",
                  "pass": true,
                  "fail": false,
                  "pending": false,
                  "context": null,
                  "code": "assert_1.default.strictEqual((0, lib_1.getBaseImage)('ubuntu@14'), 'ubuntu');",
                  "err": {},
                  "uuid": "ba625f94-3ee7-444d-b45d-e5e59e48644f",
                  "parentUUID": "014f3a9f-640f-41cd-b955-1cd99f5d8b02",
                  "isHook": false,
                  "skipped": false
                },
                {
                  "title": "sebbo2002/test@14.04",
                  "fullTitle": "@sebbo2002/semantic-release-docker getBaseImage sebbo2002/test@14.04",
                  "timedOut": false,
                  "duration": 0,
                  "state": "passed",
                  "speed": "fast",
                  "pass": true,
                  "fail": false,
                  "pending": false,
                  "context": null,
                  "code": "assert_1.default.strictEqual((0, lib_1.getBaseImage)('sebbo2002/test@14.04'), 'sebbo2002/test');",
                  "err": {},
                  "uuid": "cb7e9c6b-0da5-4799-94f1-afcacee62b30",
                  "parentUUID": "014f3a9f-640f-41cd-b955-1cd99f5d8b02",
                  "isHook": false,
                  "skipped": false
                },
                {
                  "title": "alpine@sha256:aaaaf56b44807c64d294e6c8059b479f35350b454492398225034174808d1726",
                  "fullTitle": "@sebbo2002/semantic-release-docker getBaseImage alpine@sha256:aaaaf56b44807c64d294e6c8059b479f35350b454492398225034174808d1726",
                  "timedOut": false,
                  "duration": 0,
                  "state": "passed",
                  "speed": "fast",
                  "pass": true,
                  "fail": false,
                  "pending": false,
                  "context": null,
                  "code": "assert_1.default.strictEqual((0, lib_1.getBaseImage)('alpine@sha256:aaaaf56b44807c64d294e6c8059b479f35350b454492398225034174808d1726'), 'alpine');",
                  "err": {},
                  "uuid": "a94f6aef-3454-4df6-bfdd-76aebe1db26d",
                  "parentUUID": "014f3a9f-640f-41cd-b955-1cd99f5d8b02",
                  "isHook": false,
                  "skipped": false
                },
                {
                  "title": "quay.io/signalfuse/zookeeper",
                  "fullTitle": "@sebbo2002/semantic-release-docker getBaseImage quay.io/signalfuse/zookeeper",
                  "timedOut": false,
                  "duration": 0,
                  "state": "passed",
                  "speed": "fast",
                  "pass": true,
                  "fail": false,
                  "pending": false,
                  "context": null,
                  "code": "assert_1.default.strictEqual((0, lib_1.getBaseImage)('quay.io/signalfuse/zookeeper'), 'quay.io/signalfuse/zookeeper');",
                  "err": {},
                  "uuid": "5ef5e68f-9295-42d5-8a64-efc97b9724fe",
                  "parentUUID": "014f3a9f-640f-41cd-b955-1cd99f5d8b02",
                  "isHook": false,
                  "skipped": false
                },
                {
                  "title": "internal.mycorp.com:5000/revealjs",
                  "fullTitle": "@sebbo2002/semantic-release-docker getBaseImage internal.mycorp.com:5000/revealjs",
                  "timedOut": false,
                  "duration": 0,
                  "state": "passed",
                  "speed": "fast",
                  "pass": true,
                  "fail": false,
                  "pending": false,
                  "context": null,
                  "code": "assert_1.default.strictEqual((0, lib_1.getBaseImage)('internal.mycorp.com:5000/revealjs'), 'internal.mycorp.com:5000/revealjs');",
                  "err": {},
                  "uuid": "6acd0aeb-a997-449f-8b2e-e939bf4c8218",
                  "parentUUID": "014f3a9f-640f-41cd-b955-1cd99f5d8b02",
                  "isHook": false,
                  "skipped": false
                },
                {
                  "title": "internal.mycorp.com:5000/revealjs:3.4.5-3-develop.5",
                  "fullTitle": "@sebbo2002/semantic-release-docker getBaseImage internal.mycorp.com:5000/revealjs:3.4.5-3-develop.5",
                  "timedOut": false,
                  "duration": 0,
                  "state": "passed",
                  "speed": "fast",
                  "pass": true,
                  "fail": false,
                  "pending": false,
                  "context": null,
                  "code": "assert_1.default.strictEqual((0, lib_1.getBaseImage)('internal.mycorp.com:5000/revealjs:3.4.5-3-develop.5'), 'internal.mycorp.com:5000/revealjs');",
                  "err": {},
                  "uuid": "5fde186b-f8ce-407c-9b17-e26821ef7b7c",
                  "parentUUID": "014f3a9f-640f-41cd-b955-1cd99f5d8b02",
                  "isHook": false,
                  "skipped": false
                }
              ],
              "suites": [],
              "passes": [
                "9bcfffa6-f22d-4399-9384-625c39268708",
                "7895066e-0722-4df8-8610-42b1a0c323a8",
                "ea0717b2-1a6d-4a26-b823-66db6abbcd3f",
                "ba625f94-3ee7-444d-b45d-e5e59e48644f",
                "cb7e9c6b-0da5-4799-94f1-afcacee62b30",
                "a94f6aef-3454-4df6-bfdd-76aebe1db26d",
                "5ef5e68f-9295-42d5-8a64-efc97b9724fe",
                "6acd0aeb-a997-449f-8b2e-e939bf4c8218",
                "5fde186b-f8ce-407c-9b17-e26821ef7b7c"
              ],
              "failures": [],
              "pending": [],
              "skipped": [],
              "duration": 2,
              "root": false,
              "rootEmpty": false,
              "_timeout": 2000
            },
            {
              "uuid": "923d8a26-346a-4b28-b982-e05af639aa62",
              "title": "isPreRelease",
              "fullFile": "/home/runner/work/semantic-release-docker/semantic-release-docker/test/lib/index.ts",
              "file": "/test/lib/index.ts",
              "beforeHooks": [],
              "afterHooks": [],
              "tests": [
                {
                  "title": "with release",
                  "fullTitle": "@sebbo2002/semantic-release-docker isPreRelease with release",
                  "timedOut": false,
                  "duration": 0,
                  "state": "passed",
                  "speed": "fast",
                  "pass": true,
                  "fail": false,
                  "pending": false,
                  "context": null,
                  "code": "const result = (0, lib_1.isPreRelease)({\n    logger: {\n        log: () => { },\n        error: () => { }\n    },\n    env: {},\n    nextRelease: {\n        type: 'patch',\n        version: '8.2.6',\n        notes: '',\n        gitHead: '',\n        gitTag: '',\n        name: ''\n    }\n});\nassert_1.default.strictEqual(result, false);",
                  "err": {},
                  "uuid": "318a1920-199a-4db4-adc9-b121c6f4bd01",
                  "parentUUID": "923d8a26-346a-4b28-b982-e05af639aa62",
                  "isHook": false,
                  "skipped": false
                },
                {
                  "title": "with pre-release",
                  "fullTitle": "@sebbo2002/semantic-release-docker isPreRelease with pre-release",
                  "timedOut": false,
                  "duration": 0,
                  "state": "passed",
                  "speed": "fast",
                  "pass": true,
                  "fail": false,
                  "pending": false,
                  "context": null,
                  "code": "const result = (0, lib_1.isPreRelease)({\n    logger: {\n        log: () => { },\n        error: () => { }\n    },\n    env: {},\n    nextRelease: {\n        type: 'prerelease',\n        version: '8.2.6-develop.1',\n        notes: '',\n        gitHead: '',\n        gitTag: '',\n        name: ''\n    }\n});\nassert_1.default.strictEqual(result, true);",
                  "err": {},
                  "uuid": "5911a9e3-c4df-4892-a4ad-03f8df53b52e",
                  "parentUUID": "923d8a26-346a-4b28-b982-e05af639aa62",
                  "isHook": false,
                  "skipped": false
                },
                {
                  "title": "without release",
                  "fullTitle": "@sebbo2002/semantic-release-docker isPreRelease without release",
                  "timedOut": false,
                  "duration": 0,
                  "state": "passed",
                  "speed": "fast",
                  "pass": true,
                  "fail": false,
                  "pending": false,
                  "context": null,
                  "code": "const result = (0, lib_1.isPreRelease)({\n    logger: {\n        log: () => { },\n        error: () => { }\n    },\n    env: {}\n});\nassert_1.default.strictEqual(result, false);",
                  "err": {},
                  "uuid": "36f00053-62da-4f2c-87a8-17532bbbbbb7",
                  "parentUUID": "923d8a26-346a-4b28-b982-e05af639aa62",
                  "isHook": false,
                  "skipped": false
                }
              ],
              "suites": [],
              "passes": [
                "318a1920-199a-4db4-adc9-b121c6f4bd01",
                "5911a9e3-c4df-4892-a4ad-03f8df53b52e",
                "36f00053-62da-4f2c-87a8-17532bbbbbb7"
              ],
              "failures": [],
              "pending": [],
              "skipped": [],
              "duration": 0,
              "root": false,
              "rootEmpty": false,
              "_timeout": 2000
            },
            {
              "uuid": "5667f8a9-83c0-4fd9-b450-b743cb055940",
              "title": "getMajorAndMinorPart",
              "fullFile": "/home/runner/work/semantic-release-docker/semantic-release-docker/test/lib/index.ts",
              "file": "/test/lib/index.ts",
              "beforeHooks": [],
              "afterHooks": [],
              "tests": [
                {
                  "title": "undefined",
                  "fullTitle": "@sebbo2002/semantic-release-docker getMajorAndMinorPart undefined",
                  "timedOut": false,
                  "duration": 0,
                  "state": "passed",
                  "speed": "fast",
                  "pass": true,
                  "fail": false,
                  "pending": false,
                  "context": null,
                  "code": "assert_1.default.deepStrictEqual((0, lib_1.getMajorAndMinorPart)(undefined), {\n    major: null,\n    minor: null\n});",
                  "err": {},
                  "uuid": "ba1ff8af-27fa-425d-94dd-aced5edb8d58",
                  "parentUUID": "5667f8a9-83c0-4fd9-b450-b743cb055940",
                  "isHook": false,
                  "skipped": false
                },
                {
                  "title": "4.6.1",
                  "fullTitle": "@sebbo2002/semantic-release-docker getMajorAndMinorPart 4.6.1",
                  "timedOut": false,
                  "duration": 0,
                  "state": "passed",
                  "speed": "fast",
                  "pass": true,
                  "fail": false,
                  "pending": false,
                  "context": null,
                  "code": "assert_1.default.deepStrictEqual((0, lib_1.getMajorAndMinorPart)('4.6.1'), {\n    major: '4',\n    minor: '6'\n});",
                  "err": {},
                  "uuid": "14aba13c-4ac6-40d6-b76e-44123ea0acfd",
                  "parentUUID": "5667f8a9-83c0-4fd9-b450-b743cb055940",
                  "isHook": false,
                  "skipped": false
                },
                {
                  "title": "4.6.1-develop.12",
                  "fullTitle": "@sebbo2002/semantic-release-docker getMajorAndMinorPart 4.6.1-develop.12",
                  "timedOut": false,
                  "duration": 0,
                  "state": "passed",
                  "speed": "fast",
                  "pass": true,
                  "fail": false,
                  "pending": false,
                  "context": null,
                  "code": "assert_1.default.deepStrictEqual((0, lib_1.getMajorAndMinorPart)('4.6.1-develop.12'), {\n    major: '4',\n    minor: '6'\n});",
                  "err": {},
                  "uuid": "d573ab61-bced-4870-a060-1fa8685e2dda",
                  "parentUUID": "5667f8a9-83c0-4fd9-b450-b743cb055940",
                  "isHook": false,
                  "skipped": false
                }
              ],
              "suites": [],
              "passes": [
                "ba1ff8af-27fa-425d-94dd-aced5edb8d58",
                "14aba13c-4ac6-40d6-b76e-44123ea0acfd",
                "d573ab61-bced-4870-a060-1fa8685e2dda"
              ],
              "failures": [],
              "pending": [],
              "skipped": [],
              "duration": 0,
              "root": false,
              "rootEmpty": false,
              "_timeout": 2000
            },
            {
              "uuid": "00d78ff0-77a3-4a68-bdd7-a0232900deb4",
              "title": "getTagTasks",
              "fullFile": "/home/runner/work/semantic-release-docker/semantic-release-docker/test/lib/index.ts",
              "file": "/test/lib/index.ts",
              "beforeHooks": [],
              "afterHooks": [],
              "tests": [
                {
                  "title": "should quietly abort if no release should be triggered",
                  "fullTitle": "@sebbo2002/semantic-release-docker getTagTasks should quietly abort if no release should be triggered",
                  "timedOut": false,
                  "duration": 0,
                  "state": "passed",
                  "speed": "fast",
                  "pass": true,
                  "fail": false,
                  "pending": false,
                  "context": null,
                  "code": "(0, lib_1.getTagTasks)({\n    images: ['ubuntu'],\n    tag: {\n        latest: true,\n        major: true,\n        minor: true,\n        version: true,\n        channel: true\n    }\n}, {\n    logger: {\n        log: () => { },\n        error: () => { }\n    },\n    env: {}\n});",
                  "err": {},
                  "uuid": "8ec0582a-9fd0-4e95-9c91-b7aadf0ede7d",
                  "parentUUID": "00d78ff0-77a3-4a68-bdd7-a0232900deb4",
                  "isHook": false,
                  "skipped": false
                },
                {
                  "title": "patch release",
                  "fullTitle": "@sebbo2002/semantic-release-docker getTagTasks patch release",
                  "timedOut": false,
                  "duration": 1,
                  "state": "passed",
                  "speed": "fast",
                  "pass": true,
                  "fail": false,
                  "pending": false,
                  "context": null,
                  "code": "const result = (0, lib_1.getTagTasks)({\n    images: [\n        'alpine@sha256:aaaaf56b44807c64d294e6c8059b479f35350b454492398225034174808d1726',\n        'sebbo2002/test:1234567'\n    ],\n    tag: {\n        latest: true,\n        major: true,\n        minor: true,\n        version: true,\n        channel: true\n    }\n}, {\n    logger: {\n        log: () => { },\n        error: () => { }\n    },\n    env: {},\n    nextRelease: {\n        type: 'patch',\n        version: '8.2.6',\n        notes: '',\n        gitHead: '',\n        gitTag: '',\n        name: ''\n    }\n});\nassert_1.default.deepStrictEqual(result, [\n    {\n        input: 'alpine@sha256:aaaaf56b44807c64d294e6c8059b479f35350b454492398225034174808d1726',\n        output: 'alpine:8.2.6'\n    },\n    {\n        input: 'alpine@sha256:aaaaf56b44807c64d294e6c8059b479f35350b454492398225034174808d1726',\n        output: 'alpine:latest'\n    },\n    {\n        input: 'alpine@sha256:aaaaf56b44807c64d294e6c8059b479f35350b454492398225034174808d1726',\n        output: 'alpine:8'\n    },\n    {\n        input: 'alpine@sha256:aaaaf56b44807c64d294e6c8059b479f35350b454492398225034174808d1726',\n        output: 'alpine:8.2'\n    },\n    {\n        input: 'sebbo2002/test:1234567',\n        output: 'sebbo2002/test:8.2.6'\n    },\n    {\n        input: 'sebbo2002/test:1234567',\n        output: 'sebbo2002/test:latest'\n    },\n    {\n        input: 'sebbo2002/test:1234567',\n        output: 'sebbo2002/test:8'\n    },\n    {\n        input: 'sebbo2002/test:1234567',\n        output: 'sebbo2002/test:8.2'\n    }\n]);",
                  "err": {},
                  "uuid": "61f4b2b5-ed53-4dce-bd5b-dce2245eea99",
                  "parentUUID": "00d78ff0-77a3-4a68-bdd7-a0232900deb4",
                  "isHook": false,
                  "skipped": false
                },
                {
                  "title": "pre release",
                  "fullTitle": "@sebbo2002/semantic-release-docker getTagTasks pre release",
                  "timedOut": false,
                  "duration": 0,
                  "state": "passed",
                  "speed": "fast",
                  "pass": true,
                  "fail": false,
                  "pending": false,
                  "context": null,
                  "code": "const result = (0, lib_1.getTagTasks)({\n    images: [\n        'alpine@sha256:aaaaf56b44807c64d294e6c8059b479f35350b454492398225034174808d1726',\n        'sebbo2002/test:1234567'\n    ],\n    tag: {\n        latest: true,\n        major: true,\n        minor: true,\n        version: true,\n        channel: true\n    }\n}, {\n    logger: {\n        log: () => { },\n        error: () => { }\n    },\n    env: {},\n    nextRelease: {\n        type: 'prerelease',\n        version: '8.2.6-develop.3',\n        notes: '',\n        name: '',\n        gitHead: '',\n        gitTag: '',\n        channel: 'next'\n    }\n});\nassert_1.default.deepStrictEqual(result, [\n    {\n        input: 'alpine@sha256:aaaaf56b44807c64d294e6c8059b479f35350b454492398225034174808d1726',\n        output: 'alpine:8.2.6-develop.3'\n    },\n    {\n        input: 'alpine@sha256:aaaaf56b44807c64d294e6c8059b479f35350b454492398225034174808d1726',\n        output: 'alpine:next'\n    },\n    {\n        input: 'sebbo2002/test:1234567',\n        output: 'sebbo2002/test:8.2.6-develop.3'\n    },\n    {\n        input: 'sebbo2002/test:1234567',\n        output: 'sebbo2002/test:next'\n    }\n]);",
                  "err": {},
                  "uuid": "07a42b2d-f2e3-44b7-93f3-da4a4ace3c5e",
                  "parentUUID": "00d78ff0-77a3-4a68-bdd7-a0232900deb4",
                  "isHook": false,
                  "skipped": false
                }
              ],
              "suites": [],
              "passes": [
                "8ec0582a-9fd0-4e95-9c91-b7aadf0ede7d",
                "61f4b2b5-ed53-4dce-bd5b-dce2245eea99",
                "07a42b2d-f2e3-44b7-93f3-da4a4ace3c5e"
              ],
              "failures": [],
              "pending": [],
              "skipped": [],
              "duration": 1,
              "root": false,
              "rootEmpty": false,
              "_timeout": 2000
            },
            {
              "uuid": "5bd89167-0e30-4e41-b772-aba0149bb677",
              "title": "getUrlFromImage",
              "fullFile": "/home/runner/work/semantic-release-docker/semantic-release-docker/test/lib/index.ts",
              "file": "/test/lib/index.ts",
              "beforeHooks": [],
              "afterHooks": [],
              "tests": [
                {
                  "title": "alpine",
                  "fullTitle": "@sebbo2002/semantic-release-docker getUrlFromImage alpine",
                  "timedOut": false,
                  "duration": 1,
                  "state": "passed",
                  "speed": "fast",
                  "pass": true,
                  "fail": false,
                  "pending": false,
                  "context": null,
                  "code": "assert_1.default.strictEqual((0, lib_1.getUrlFromImage)('alpine'), 'https://hub.docker.com/_/alpine/tags');",
                  "err": {},
                  "uuid": "9c52549e-9e59-4277-b281-4816d11e8c31",
                  "parentUUID": "5bd89167-0e30-4e41-b772-aba0149bb677",
                  "isHook": false,
                  "skipped": false
                },
                {
                  "title": "ubuntu:14",
                  "fullTitle": "@sebbo2002/semantic-release-docker getUrlFromImage ubuntu:14",
                  "timedOut": false,
                  "duration": 0,
                  "state": "passed",
                  "speed": "fast",
                  "pass": true,
                  "fail": false,
                  "pending": false,
                  "context": null,
                  "code": "assert_1.default.strictEqual((0, lib_1.getUrlFromImage)('ubuntu:14'), 'https://hub.docker.com/_/ubuntu/tags');",
                  "err": {},
                  "uuid": "b4b87afd-67ab-430e-a895-6849aee6c9c5",
                  "parentUUID": "5bd89167-0e30-4e41-b772-aba0149bb677",
                  "isHook": false,
                  "skipped": false
                },
                {
                  "title": "sebbo2002/gitlab-badges:14.04",
                  "fullTitle": "@sebbo2002/semantic-release-docker getUrlFromImage sebbo2002/gitlab-badges:14.04",
                  "timedOut": false,
                  "duration": 0,
                  "state": "passed",
                  "speed": "fast",
                  "pass": true,
                  "fail": false,
                  "pending": false,
                  "context": null,
                  "code": "assert_1.default.strictEqual((0, lib_1.getUrlFromImage)('sebbo2002/gitlab-badges:14.04'), 'https://hub.docker.com/r/sebbo2002/gitlab-badges/tags');",
                  "err": {},
                  "uuid": "b9735d37-a2ce-4f2c-8ca1-baedcdc68a56",
                  "parentUUID": "5bd89167-0e30-4e41-b772-aba0149bb677",
                  "isHook": false,
                  "skipped": false
                },
                {
                  "title": "ubuntu@14",
                  "fullTitle": "@sebbo2002/semantic-release-docker getUrlFromImage ubuntu@14",
                  "timedOut": false,
                  "duration": 0,
                  "state": "passed",
                  "speed": "fast",
                  "pass": true,
                  "fail": false,
                  "pending": false,
                  "context": null,
                  "code": "assert_1.default.strictEqual((0, lib_1.getUrlFromImage)('ubuntu@14'), 'https://hub.docker.com/_/ubuntu/tags');",
                  "err": {},
                  "uuid": "ad639b5b-897a-45f3-937a-0c36202ebd33",
                  "parentUUID": "5bd89167-0e30-4e41-b772-aba0149bb677",
                  "isHook": false,
                  "skipped": false
                },
                {
                  "title": "sebbo2002/gitlab-badges@14.04",
                  "fullTitle": "@sebbo2002/semantic-release-docker getUrlFromImage sebbo2002/gitlab-badges@14.04",
                  "timedOut": false,
                  "duration": 0,
                  "state": "passed",
                  "speed": "fast",
                  "pass": true,
                  "fail": false,
                  "pending": false,
                  "context": null,
                  "code": "assert_1.default.strictEqual((0, lib_1.getUrlFromImage)('sebbo2002/gitlab-badges@14.04'), 'https://hub.docker.com/r/sebbo2002/gitlab-badges/tags');",
                  "err": {},
                  "uuid": "4f54af16-d544-4454-bf82-0aac06329bf4",
                  "parentUUID": "5bd89167-0e30-4e41-b772-aba0149bb677",
                  "isHook": false,
                  "skipped": false
                },
                {
                  "title": "alpine@sha256:aaaaf56b44807c64d294e6c8059b479f35350b454492398225034174808d1726",
                  "fullTitle": "@sebbo2002/semantic-release-docker getUrlFromImage alpine@sha256:aaaaf56b44807c64d294e6c8059b479f35350b454492398225034174808d1726",
                  "timedOut": false,
                  "duration": 0,
                  "state": "passed",
                  "speed": "fast",
                  "pass": true,
                  "fail": false,
                  "pending": false,
                  "context": null,
                  "code": "assert_1.default.strictEqual((0, lib_1.getUrlFromImage)('alpine@sha256:aaaaf56b44807c64d294e6c8059b479f35350b454492398225034174808d1726'), 'https://hub.docker.com/_/alpine/tags');",
                  "err": {},
                  "uuid": "2f78929f-d555-41a8-8e65-a226ff2b0d63",
                  "parentUUID": "5bd89167-0e30-4e41-b772-aba0149bb677",
                  "isHook": false,
                  "skipped": false
                },
                {
                  "title": "ghcr.io/sebbo2002/ble2mqtt:ecf33e870c318e4f8a17555aeac14ab1dfaaaddd",
                  "fullTitle": "@sebbo2002/semantic-release-docker getUrlFromImage ghcr.io/sebbo2002/ble2mqtt:ecf33e870c318e4f8a17555aeac14ab1dfaaaddd",
                  "timedOut": false,
                  "duration": 0,
                  "state": "passed",
                  "speed": "fast",
                  "pass": true,
                  "fail": false,
                  "pending": false,
                  "context": null,
                  "code": "assert_1.default.strictEqual((0, lib_1.getUrlFromImage)('ghcr.io/sebbo2002/ble2mqtt:ecf33e870c318e4f8a17555aeac14ab1dfaaaddd'), 'https://github.com/sebbo2002/ble2mqtt/pkgs/container/ble2mqtt');",
                  "err": {},
                  "uuid": "4d3b3461-0897-484e-9bbb-a97939daf8a9",
                  "parentUUID": "5bd89167-0e30-4e41-b772-aba0149bb677",
                  "isHook": false,
                  "skipped": false
                },
                {
                  "title": "ghcr.io/sebbo2002/ble2mqtt@sha256:175c648b777d70f829196d67019ded98d74cf28f3fef08b00998b10485705e68",
                  "fullTitle": "@sebbo2002/semantic-release-docker getUrlFromImage ghcr.io/sebbo2002/ble2mqtt@sha256:175c648b777d70f829196d67019ded98d74cf28f3fef08b00998b10485705e68",
                  "timedOut": false,
                  "duration": 0,
                  "state": "passed",
                  "speed": "fast",
                  "pass": true,
                  "fail": false,
                  "pending": false,
                  "context": null,
                  "code": "assert_1.default.strictEqual((0, lib_1.getUrlFromImage)('ghcr.io/sebbo2002/ble2mqtt@sha256:175c648b777d70f829196d67019ded98d74cf28f3fef08b00998b10485705e68'), 'https://github.com/sebbo2002/ble2mqtt/pkgs/container/ble2mqtt');",
                  "err": {},
                  "uuid": "eb5adadd-4a03-48d4-ab87-838db9af9000",
                  "parentUUID": "5bd89167-0e30-4e41-b772-aba0149bb677",
                  "isHook": false,
                  "skipped": false
                },
                {
                  "title": "registry.gitlab.com/gitlab-org/gitlab-runner/ci:1.10.8-1",
                  "fullTitle": "@sebbo2002/semantic-release-docker getUrlFromImage registry.gitlab.com/gitlab-org/gitlab-runner/ci:1.10.8-1",
                  "timedOut": false,
                  "duration": 0,
                  "state": "passed",
                  "speed": "fast",
                  "pass": true,
                  "fail": false,
                  "pending": false,
                  "context": null,
                  "code": "assert_1.default.strictEqual((0, lib_1.getUrlFromImage)('registry.gitlab.com/gitlab-org/gitlab-runner/ci:1.10.8-1'), 'https://gitlab.com/gitlab-org/gitlab-runner/container_registry');",
                  "err": {},
                  "uuid": "4f055faa-ea3c-4aa2-967b-39dff755138f",
                  "parentUUID": "5bd89167-0e30-4e41-b772-aba0149bb677",
                  "isHook": false,
                  "skipped": false
                },
                {
                  "title": "registry.gitlab.com/gitlab-org/gitlab-runner/ci@sha256:5abfd2a06fbc535581350290e5067cf49f908199b60e850015066f38c549622e",
                  "fullTitle": "@sebbo2002/semantic-release-docker getUrlFromImage registry.gitlab.com/gitlab-org/gitlab-runner/ci@sha256:5abfd2a06fbc535581350290e5067cf49f908199b60e850015066f38c549622e",
                  "timedOut": false,
                  "duration": 0,
                  "state": "passed",
                  "speed": "fast",
                  "pass": true,
                  "fail": false,
                  "pending": false,
                  "context": null,
                  "code": "assert_1.default.strictEqual((0, lib_1.getUrlFromImage)('registry.gitlab.com/gitlab-org/gitlab-runner/ci@sha256:5abfd2a06fbc535581350290e5067cf49f908199b60e850015066f38c549622e'), 'https://gitlab.com/gitlab-org/gitlab-runner/container_registry');",
                  "err": {},
                  "uuid": "965b19ca-5ba4-4724-917c-1a5a135b3e1a",
                  "parentUUID": "5bd89167-0e30-4e41-b772-aba0149bb677",
                  "isHook": false,
                  "skipped": false
                },
                {
                  "title": "containers.topsecret.evil.corp/server:2",
                  "fullTitle": "@sebbo2002/semantic-release-docker getUrlFromImage containers.topsecret.evil.corp/server:2",
                  "timedOut": false,
                  "duration": 0,
                  "state": "passed",
                  "speed": "fast",
                  "pass": true,
                  "fail": false,
                  "pending": false,
                  "context": null,
                  "code": "assert_1.default.strictEqual((0, lib_1.getUrlFromImage)('containers.topsecret.evil.corp/server:2'), undefined);",
                  "err": {},
                  "uuid": "a7e62c7d-4f24-46ca-872a-c2a9338ac049",
                  "parentUUID": "5bd89167-0e30-4e41-b772-aba0149bb677",
                  "isHook": false,
                  "skipped": false
                }
              ],
              "suites": [],
              "passes": [
                "9c52549e-9e59-4277-b281-4816d11e8c31",
                "b4b87afd-67ab-430e-a895-6849aee6c9c5",
                "b9735d37-a2ce-4f2c-8ca1-baedcdc68a56",
                "ad639b5b-897a-45f3-937a-0c36202ebd33",
                "4f54af16-d544-4454-bf82-0aac06329bf4",
                "2f78929f-d555-41a8-8e65-a226ff2b0d63",
                "4d3b3461-0897-484e-9bbb-a97939daf8a9",
                "eb5adadd-4a03-48d4-ab87-838db9af9000",
                "4f055faa-ea3c-4aa2-967b-39dff755138f",
                "965b19ca-5ba4-4724-917c-1a5a135b3e1a",
                "a7e62c7d-4f24-46ca-872a-c2a9338ac049"
              ],
              "failures": [],
              "pending": [],
              "skipped": [],
              "duration": 1,
              "root": false,
              "rootEmpty": false,
              "_timeout": 2000
            },
            {
              "uuid": "84176a2f-6046-46d2-b075-ecb898164a50",
              "title": "tagImage",
              "fullFile": "/home/runner/work/semantic-release-docker/semantic-release-docker/test/lib/index.ts",
              "file": "/test/lib/index.ts",
              "beforeHooks": [],
              "afterHooks": [],
              "tests": [
                {
                  "title": "tag ubuntu",
                  "fullTitle": "@sebbo2002/semantic-release-docker tagImage tag ubuntu",
                  "timedOut": false,
                  "duration": 84,
                  "state": "passed",
                  "speed": "slow",
                  "pass": true,
                  "fail": false,
                  "pending": false,
                  "context": null,
                  "code": "return __awaiter(this, void 0, void 0, function* () {\n    yield (0, lib_1.tagImage)('alpine', 'alpine:tagging-test');\n});",
                  "err": {},
                  "uuid": "dfe42fdb-df3e-4815-b52d-bebb1af46be4",
                  "parentUUID": "84176a2f-6046-46d2-b075-ecb898164a50",
                  "isHook": false,
                  "skipped": false
                }
              ],
              "suites": [],
              "passes": [
                "dfe42fdb-df3e-4815-b52d-bebb1af46be4"
              ],
              "failures": [],
              "pending": [],
              "skipped": [],
              "duration": 84,
              "root": false,
              "rootEmpty": false,
              "_timeout": 2000
            },
            {
              "uuid": "1b9c3b62-ab7c-4231-b277-d69267819f70",
              "title": "publish",
              "fullFile": "/home/runner/work/semantic-release-docker/semantic-release-docker/test/lib/index.ts",
              "file": "/test/lib/index.ts",
              "beforeHooks": [],
              "afterHooks": [],
              "tests": [
                {
                  "title": "should return false if no release is scheduled",
                  "fullTitle": "@sebbo2002/semantic-release-docker publish should return false if no release is scheduled",
                  "timedOut": false,
                  "duration": 0,
                  "state": "passed",
                  "speed": "fast",
                  "pass": true,
                  "fail": false,
                  "pending": false,
                  "context": null,
                  "code": "return __awaiter(this, void 0, void 0, function* () {\n    const result = yield (0, lib_1.publish)({\n        images: []\n    }, {\n        logger: {\n            log: () => { },\n            error: () => { }\n        },\n        env: {}\n    });\n    assert_1.default.strictEqual(result, false);\n});",
                  "err": {},
                  "uuid": "53c8025f-2d78-4566-b974-743e074eac13",
                  "parentUUID": "1b9c3b62-ab7c-4231-b277-d69267819f70",
                  "isHook": false,
                  "skipped": false
                },
                {
                  "title": "should return false if there's nothing to do",
                  "fullTitle": "@sebbo2002/semantic-release-docker publish should return false if there's nothing to do",
                  "timedOut": false,
                  "duration": 1,
                  "state": "passed",
                  "speed": "fast",
                  "pass": true,
                  "fail": false,
                  "pending": false,
                  "context": null,
                  "code": "return __awaiter(this, void 0, void 0, function* () {\n    const result = yield (0, lib_1.publish)({\n        images: 'foo/bar:1234',\n        tag: {\n            latest: false,\n            major: false,\n            minor: false,\n            version: false,\n            channel: false\n        }\n    }, {\n        logger: {\n            log: () => { },\n            error: () => { }\n        },\n        env: {},\n        nextRelease: {\n            type: 'patch',\n            version: '8.2.7',\n            notes: '',\n            gitHead: '',\n            gitTag: '',\n            name: ''\n        }\n    });\n    assert_1.default.strictEqual(result, false);\n});",
                  "err": {},
                  "uuid": "aa39945a-28ee-4004-820c-ea06054923d3",
                  "parentUUID": "1b9c3b62-ab7c-4231-b277-d69267819f70",
                  "isHook": false,
                  "skipped": false
                }
              ],
              "suites": [],
              "passes": [
                "53c8025f-2d78-4566-b974-743e074eac13",
                "aa39945a-28ee-4004-820c-ea06054923d3"
              ],
              "failures": [],
              "pending": [],
              "skipped": [],
              "duration": 1,
              "root": false,
              "rootEmpty": false,
              "_timeout": 2000
            }
          ],
          "passes": [],
          "failures": [],
          "pending": [],
          "skipped": [],
          "duration": 0,
          "root": false,
          "rootEmpty": false,
          "_timeout": 2000
        }
      ],
      "passes": [],
      "failures": [],
      "pending": [],
      "skipped": [],
      "duration": 0,
      "root": true,
      "rootEmpty": true,
      "_timeout": 2000
    }
  ],
  "meta": {
    "mocha": {
      "version": "9.2.2"
    },
    "mochawesome": {
      "options": {
        "quiet": false,
        "reportFilename": "mochawesome",
        "saveHtml": true,
        "saveJson": true,
        "consoleReporter": "spec",
        "useInlineDiffs": false,
        "code": true
      },
      "version": "7.1.3"
    },
    "marge": {
      "options": null,
      "version": "6.2.0"
    }
  }
}