{
  "stats": {
    "suites": 11,
    "tests": 39,
    "passes": 39,
    "pending": 0,
    "failures": 0,
    "start": "2025-05-20T16:24:15.486Z",
    "end": "2025-05-20T16:24:15.550Z",
    "duration": 64,
    "testsRegistered": 39,
    "passPercent": 100,
    "pendingPercent": 0,
    "other": 0,
    "hasOther": false,
    "skipped": 0,
    "hasSkipped": false
  },
  "results": [
    {
      "uuid": "050466d7-ce32-4232-a3ab-f5f32ae56ccb",
      "title": "",
      "fullFile": "/home/runner/work/semantic-release-docker/semantic-release-docker/test/lib/index.ts",
      "file": "/test/lib/index.ts",
      "beforeHooks": [],
      "afterHooks": [],
      "tests": [],
      "suites": [
        {
          "uuid": "82385b7a-932e-4c74-94fb-d8daa61a18f0",
          "title": "@sebbo2002/semantic-release-docker",
          "fullFile": "/home/runner/work/semantic-release-docker/semantic-release-docker/test/lib/index.ts",
          "file": "/test/lib/index.ts",
          "beforeHooks": [],
          "afterHooks": [],
          "tests": [],
          "suites": [
            {
              "uuid": "e8565ff7-e423-429c-9e37-ef3c663e5a0f",
              "title": "parseConfig",
              "fullFile": "/home/runner/work/semantic-release-docker/semantic-release-docker/test/lib/index.ts",
              "file": "/test/lib/index.ts",
              "beforeHooks": [],
              "afterHooks": [],
              "tests": [
                {
                  "title": "should work without any tags",
                  "fullTitle": "@sebbo2002/semantic-release-docker parseConfig should work without any tags",
                  "timedOut": false,
                  "duration": 0,
                  "state": "passed",
                  "speed": "fast",
                  "pass": true,
                  "fail": false,
                  "pending": false,
                  "context": null,
                  "code": "const result=parseConfig({images:[\"ubuntu\"]});assert.deepStrictEqual(result,{images:[\"ubuntu\"],tag:{channel:true,latest:true,major:true,minor:true,version:true}})",
                  "err": {},
                  "uuid": "501b0942-69d6-4c0a-a27c-75292e8af5a6",
                  "parentUUID": "e8565ff7-e423-429c-9e37-ef3c663e5a0f",
                  "isHook": false,
                  "skipped": false
                },
                {
                  "title": "should work with images string",
                  "fullTitle": "@sebbo2002/semantic-release-docker parseConfig should work with images string",
                  "timedOut": false,
                  "duration": 0,
                  "state": "passed",
                  "speed": "fast",
                  "pass": true,
                  "fail": false,
                  "pending": false,
                  "context": null,
                  "code": "const result=parseConfig({images:\"ubuntu\"});assert.deepStrictEqual(result,{images:[\"ubuntu\"],tag:{channel:true,latest:true,major:true,minor:true,version:true}})",
                  "err": {},
                  "uuid": "9bb7c20d-3abc-4e38-bde1-8264f3348dad",
                  "parentUUID": "e8565ff7-e423-429c-9e37-ef3c663e5a0f",
                  "isHook": false,
                  "skipped": false
                },
                {
                  "title": "should merge tags",
                  "fullTitle": "@sebbo2002/semantic-release-docker parseConfig should merge tags",
                  "timedOut": false,
                  "duration": 0,
                  "state": "passed",
                  "speed": "fast",
                  "pass": true,
                  "fail": false,
                  "pending": false,
                  "context": null,
                  "code": "const result=parseConfig({images:[\"ubuntu\"],tag:{minor:false}});assert.deepStrictEqual(result,{images:[\"ubuntu\"],tag:{channel:true,latest:true,major:true,minor:false,version:true}})",
                  "err": {},
                  "uuid": "b3d3abe2-f94e-4707-bea8-df38e6306f0e",
                  "parentUUID": "e8565ff7-e423-429c-9e37-ef3c663e5a0f",
                  "isHook": false,
                  "skipped": false
                },
                {
                  "title": "should throw error without image defined",
                  "fullTitle": "@sebbo2002/semantic-release-docker parseConfig should throw error without image defined",
                  "timedOut": false,
                  "duration": 0,
                  "state": "passed",
                  "speed": "fast",
                  "pass": true,
                  "fail": false,
                  "pending": false,
                  "context": null,
                  "code": "assert.throws(()=>{parseConfig({})},/Configuration invalid: No image defined!/)",
                  "err": {},
                  "uuid": "5e82f538-e7e4-499e-93ac-069a3a918058",
                  "parentUUID": "e8565ff7-e423-429c-9e37-ef3c663e5a0f",
                  "isHook": false,
                  "skipped": false
                }
              ],
              "suites": [],
              "passes": [
                "501b0942-69d6-4c0a-a27c-75292e8af5a6",
                "9bb7c20d-3abc-4e38-bde1-8264f3348dad",
                "b3d3abe2-f94e-4707-bea8-df38e6306f0e",
                "5e82f538-e7e4-499e-93ac-069a3a918058"
              ],
              "failures": [],
              "pending": [],
              "skipped": [],
              "duration": 0,
              "root": false,
              "rootEmpty": false,
              "_timeout": 2000
            },
            {
              "uuid": "1a723469-e828-4a9a-ae96-2869f21bf3da",
              "title": "getBaseImage",
              "fullFile": "/home/runner/work/semantic-release-docker/semantic-release-docker/test/lib/index.ts",
              "file": "/test/lib/index.ts",
              "beforeHooks": [],
              "afterHooks": [],
              "tests": [
                {
                  "title": "alpine",
                  "fullTitle": "@sebbo2002/semantic-release-docker getBaseImage alpine",
                  "timedOut": false,
                  "duration": 0,
                  "state": "passed",
                  "speed": "fast",
                  "pass": true,
                  "fail": false,
                  "pending": false,
                  "context": null,
                  "code": "assert.strictEqual(getBaseImage(\"alpine\"),\"alpine\")",
                  "err": {},
                  "uuid": "959958bf-f6ed-40a7-97fe-a66e83869448",
                  "parentUUID": "1a723469-e828-4a9a-ae96-2869f21bf3da",
                  "isHook": false,
                  "skipped": false
                },
                {
                  "title": "ubuntu:14",
                  "fullTitle": "@sebbo2002/semantic-release-docker getBaseImage ubuntu:14",
                  "timedOut": false,
                  "duration": 0,
                  "state": "passed",
                  "speed": "fast",
                  "pass": true,
                  "fail": false,
                  "pending": false,
                  "context": null,
                  "code": "assert.strictEqual(getBaseImage(\"ubuntu:14\"),\"ubuntu\")",
                  "err": {},
                  "uuid": "ef7e5587-0595-4d8e-a51c-ded4cad81721",
                  "parentUUID": "1a723469-e828-4a9a-ae96-2869f21bf3da",
                  "isHook": false,
                  "skipped": false
                },
                {
                  "title": "sebbo2002/test:14.04",
                  "fullTitle": "@sebbo2002/semantic-release-docker getBaseImage sebbo2002/test:14.04",
                  "timedOut": false,
                  "duration": 0,
                  "state": "passed",
                  "speed": "fast",
                  "pass": true,
                  "fail": false,
                  "pending": false,
                  "context": null,
                  "code": "assert.strictEqual(getBaseImage(\"sebbo2002/test:14.04\"),\"sebbo2002/test\")",
                  "err": {},
                  "uuid": "0ca09bd0-d16a-4269-83b6-8f00f6440dc3",
                  "parentUUID": "1a723469-e828-4a9a-ae96-2869f21bf3da",
                  "isHook": false,
                  "skipped": false
                },
                {
                  "title": "ubuntu@14",
                  "fullTitle": "@sebbo2002/semantic-release-docker getBaseImage ubuntu@14",
                  "timedOut": false,
                  "duration": 0,
                  "state": "passed",
                  "speed": "fast",
                  "pass": true,
                  "fail": false,
                  "pending": false,
                  "context": null,
                  "code": "assert.strictEqual(getBaseImage(\"ubuntu@14\"),\"ubuntu\")",
                  "err": {},
                  "uuid": "e455eebc-833f-4771-aeba-cb83891e8e39",
                  "parentUUID": "1a723469-e828-4a9a-ae96-2869f21bf3da",
                  "isHook": false,
                  "skipped": false
                },
                {
                  "title": "sebbo2002/test@14.04",
                  "fullTitle": "@sebbo2002/semantic-release-docker getBaseImage sebbo2002/test@14.04",
                  "timedOut": false,
                  "duration": 0,
                  "state": "passed",
                  "speed": "fast",
                  "pass": true,
                  "fail": false,
                  "pending": false,
                  "context": null,
                  "code": "assert.strictEqual(getBaseImage(\"sebbo2002/test@14.04\"),\"sebbo2002/test\")",
                  "err": {},
                  "uuid": "643d23d9-45a3-44b3-992e-d0bcf85b8cc9",
                  "parentUUID": "1a723469-e828-4a9a-ae96-2869f21bf3da",
                  "isHook": false,
                  "skipped": false
                },
                {
                  "title": "alpine@sha256:aaaaf56b44807c64d294e6c8059b479f35350b454492398225034174808d1726",
                  "fullTitle": "@sebbo2002/semantic-release-docker getBaseImage alpine@sha256:aaaaf56b44807c64d294e6c8059b479f35350b454492398225034174808d1726",
                  "timedOut": false,
                  "duration": 0,
                  "state": "passed",
                  "speed": "fast",
                  "pass": true,
                  "fail": false,
                  "pending": false,
                  "context": null,
                  "code": "assert.strictEqual(getBaseImage(\"alpine@sha256:aaaaf56b44807c64d294e6c8059b479f35350b454492398225034174808d1726\"),\"alpine\")",
                  "err": {},
                  "uuid": "36d23e01-1362-4233-9fda-3479c32958ff",
                  "parentUUID": "1a723469-e828-4a9a-ae96-2869f21bf3da",
                  "isHook": false,
                  "skipped": false
                },
                {
                  "title": "quay.io/signalfuse/zookeeper",
                  "fullTitle": "@sebbo2002/semantic-release-docker getBaseImage quay.io/signalfuse/zookeeper",
                  "timedOut": false,
                  "duration": 0,
                  "state": "passed",
                  "speed": "fast",
                  "pass": true,
                  "fail": false,
                  "pending": false,
                  "context": null,
                  "code": "assert.strictEqual(getBaseImage(\"quay.io/signalfuse/zookeeper\"),\"quay.io/signalfuse/zookeeper\")",
                  "err": {},
                  "uuid": "081a6ad3-8703-470a-8a83-9ac13b21fd1a",
                  "parentUUID": "1a723469-e828-4a9a-ae96-2869f21bf3da",
                  "isHook": false,
                  "skipped": false
                },
                {
                  "title": "internal.mycorp.com:5000/revealjs",
                  "fullTitle": "@sebbo2002/semantic-release-docker getBaseImage internal.mycorp.com:5000/revealjs",
                  "timedOut": false,
                  "duration": 0,
                  "state": "passed",
                  "speed": "fast",
                  "pass": true,
                  "fail": false,
                  "pending": false,
                  "context": null,
                  "code": "assert.strictEqual(getBaseImage(\"internal.mycorp.com:5000/revealjs\"),\"internal.mycorp.com:5000/revealjs\")",
                  "err": {},
                  "uuid": "4a01e53d-aa03-4c10-a437-9b921a6da7df",
                  "parentUUID": "1a723469-e828-4a9a-ae96-2869f21bf3da",
                  "isHook": false,
                  "skipped": false
                },
                {
                  "title": "internal.mycorp.com:5000/revealjs:3.4.5-3-develop.5",
                  "fullTitle": "@sebbo2002/semantic-release-docker getBaseImage internal.mycorp.com:5000/revealjs:3.4.5-3-develop.5",
                  "timedOut": false,
                  "duration": 0,
                  "state": "passed",
                  "speed": "fast",
                  "pass": true,
                  "fail": false,
                  "pending": false,
                  "context": null,
                  "code": "assert.strictEqual(getBaseImage(\"internal.mycorp.com:5000/revealjs:3.4.5-3-develop.5\"),\"internal.mycorp.com:5000/revealjs\")",
                  "err": {},
                  "uuid": "a007479c-7beb-4244-89ad-63269ec13e11",
                  "parentUUID": "1a723469-e828-4a9a-ae96-2869f21bf3da",
                  "isHook": false,
                  "skipped": false
                }
              ],
              "suites": [],
              "passes": [
                "959958bf-f6ed-40a7-97fe-a66e83869448",
                "ef7e5587-0595-4d8e-a51c-ded4cad81721",
                "0ca09bd0-d16a-4269-83b6-8f00f6440dc3",
                "e455eebc-833f-4771-aeba-cb83891e8e39",
                "643d23d9-45a3-44b3-992e-d0bcf85b8cc9",
                "36d23e01-1362-4233-9fda-3479c32958ff",
                "081a6ad3-8703-470a-8a83-9ac13b21fd1a",
                "4a01e53d-aa03-4c10-a437-9b921a6da7df",
                "a007479c-7beb-4244-89ad-63269ec13e11"
              ],
              "failures": [],
              "pending": [],
              "skipped": [],
              "duration": 0,
              "root": false,
              "rootEmpty": false,
              "_timeout": 2000
            },
            {
              "uuid": "b480a629-9caf-42f4-8798-46bfbb9ec445",
              "title": "isPreRelease",
              "fullFile": "/home/runner/work/semantic-release-docker/semantic-release-docker/test/lib/index.ts",
              "file": "/test/lib/index.ts",
              "beforeHooks": [],
              "afterHooks": [],
              "tests": [
                {
                  "title": "with release",
                  "fullTitle": "@sebbo2002/semantic-release-docker isPreRelease with release",
                  "timedOut": false,
                  "duration": 0,
                  "state": "passed",
                  "speed": "fast",
                  "pass": true,
                  "fail": false,
                  "pending": false,
                  "context": null,
                  "code": "const result=isPreRelease({branch:{name:\"develop\"},env:{},logger:{await:__name(()=>{},\"await\"),complete:__name(()=>{},\"complete\"),debug:__name(()=>{},\"debug\"),error:__name(()=>{},\"error\"),fatal:__name(()=>{},\"fatal\"),fav:__name(()=>{},\"fav\"),info:__name(()=>{},\"info\"),log:__name(()=>{},\"log\"),note:__name(()=>{},\"note\"),pause:__name(()=>{},\"pause\"),pending:__name(()=>{},\"pending\"),star:__name(()=>{},\"star\"),start:__name(()=>{},\"start\"),success:__name(()=>{},\"success\"),wait:__name(()=>{},\"wait\"),warn:__name(()=>{},\"warn\"),watch:__name(()=>{},\"watch\")},nextRelease:{channel:\"\",gitHead:\"\",gitTag:\"\",notes:\"\",type:\"patch\",version:\"8.2.6\"}});assert.strictEqual(result,false)",
                  "err": {},
                  "uuid": "f5e8d60a-f96f-4a82-aff8-8bd892efd299",
                  "parentUUID": "b480a629-9caf-42f4-8798-46bfbb9ec445",
                  "isHook": false,
                  "skipped": false
                },
                {
                  "title": "with pre-release",
                  "fullTitle": "@sebbo2002/semantic-release-docker isPreRelease with pre-release",
                  "timedOut": false,
                  "duration": 0,
                  "state": "passed",
                  "speed": "fast",
                  "pass": true,
                  "fail": false,
                  "pending": false,
                  "context": null,
                  "code": "const result=isPreRelease({branch:{name:\"develop\"},env:{},logger:{await:__name(()=>{},\"await\"),complete:__name(()=>{},\"complete\"),debug:__name(()=>{},\"debug\"),error:__name(()=>{},\"error\"),fatal:__name(()=>{},\"fatal\"),fav:__name(()=>{},\"fav\"),info:__name(()=>{},\"info\"),log:__name(()=>{},\"log\"),note:__name(()=>{},\"note\"),pause:__name(()=>{},\"pause\"),pending:__name(()=>{},\"pending\"),star:__name(()=>{},\"star\"),start:__name(()=>{},\"start\"),success:__name(()=>{},\"success\"),wait:__name(()=>{},\"wait\"),warn:__name(()=>{},\"warn\"),watch:__name(()=>{},\"watch\")},nextRelease:{gitHead:\"\",gitTag:\"\",name:\"\",notes:\"\",type:\"prerelease\",version:\"8.2.6-develop.1\"}});assert.strictEqual(result,true)",
                  "err": {},
                  "uuid": "84c42116-e04f-46ef-98fd-d6d5e709719a",
                  "parentUUID": "b480a629-9caf-42f4-8798-46bfbb9ec445",
                  "isHook": false,
                  "skipped": false
                },
                {
                  "title": "without release",
                  "fullTitle": "@sebbo2002/semantic-release-docker isPreRelease without release",
                  "timedOut": false,
                  "duration": 0,
                  "state": "passed",
                  "speed": "fast",
                  "pass": true,
                  "fail": false,
                  "pending": false,
                  "context": null,
                  "code": "const result=isPreRelease({branch:{name:\"develop\"},env:{},logger:{await:__name(()=>{},\"await\"),complete:__name(()=>{},\"complete\"),debug:__name(()=>{},\"debug\"),error:__name(()=>{},\"error\"),fatal:__name(()=>{},\"fatal\"),fav:__name(()=>{},\"fav\"),info:__name(()=>{},\"info\"),log:__name(()=>{},\"log\"),note:__name(()=>{},\"note\"),pause:__name(()=>{},\"pause\"),pending:__name(()=>{},\"pending\"),star:__name(()=>{},\"star\"),start:__name(()=>{},\"start\"),success:__name(()=>{},\"success\"),wait:__name(()=>{},\"wait\"),warn:__name(()=>{},\"warn\"),watch:__name(()=>{},\"watch\")}});assert.strictEqual(result,false)",
                  "err": {},
                  "uuid": "175dd42d-1c2f-42bb-8cdb-57852c71e07b",
                  "parentUUID": "b480a629-9caf-42f4-8798-46bfbb9ec445",
                  "isHook": false,
                  "skipped": false
                }
              ],
              "suites": [],
              "passes": [
                "f5e8d60a-f96f-4a82-aff8-8bd892efd299",
                "84c42116-e04f-46ef-98fd-d6d5e709719a",
                "175dd42d-1c2f-42bb-8cdb-57852c71e07b"
              ],
              "failures": [],
              "pending": [],
              "skipped": [],
              "duration": 0,
              "root": false,
              "rootEmpty": false,
              "_timeout": 2000
            },
            {
              "uuid": "4880866d-3a0e-41ec-81d2-a68439c602b8",
              "title": "getMajorAndMinorPart",
              "fullFile": "/home/runner/work/semantic-release-docker/semantic-release-docker/test/lib/index.ts",
              "file": "/test/lib/index.ts",
              "beforeHooks": [],
              "afterHooks": [],
              "tests": [
                {
                  "title": "undefined",
                  "fullTitle": "@sebbo2002/semantic-release-docker getMajorAndMinorPart undefined",
                  "timedOut": false,
                  "duration": 0,
                  "state": "passed",
                  "speed": "fast",
                  "pass": true,
                  "fail": false,
                  "pending": false,
                  "context": null,
                  "code": "assert.deepStrictEqual(getMajorAndMinorPart(void 0),{major:null,minor:null})",
                  "err": {},
                  "uuid": "e508f2f3-1cb8-4723-babd-a7d8d50ea6c6",
                  "parentUUID": "4880866d-3a0e-41ec-81d2-a68439c602b8",
                  "isHook": false,
                  "skipped": false
                },
                {
                  "title": "4.6.1",
                  "fullTitle": "@sebbo2002/semantic-release-docker getMajorAndMinorPart 4.6.1",
                  "timedOut": false,
                  "duration": 0,
                  "state": "passed",
                  "speed": "fast",
                  "pass": true,
                  "fail": false,
                  "pending": false,
                  "context": null,
                  "code": "assert.deepStrictEqual(getMajorAndMinorPart(\"4.6.1\"),{major:\"4\",minor:\"6\"})",
                  "err": {},
                  "uuid": "31cd8c27-a406-447c-ba5b-6d6303006b61",
                  "parentUUID": "4880866d-3a0e-41ec-81d2-a68439c602b8",
                  "isHook": false,
                  "skipped": false
                },
                {
                  "title": "4.6.1-develop.12",
                  "fullTitle": "@sebbo2002/semantic-release-docker getMajorAndMinorPart 4.6.1-develop.12",
                  "timedOut": false,
                  "duration": 0,
                  "state": "passed",
                  "speed": "fast",
                  "pass": true,
                  "fail": false,
                  "pending": false,
                  "context": null,
                  "code": "assert.deepStrictEqual(getMajorAndMinorPart(\"4.6.1-develop.12\"),{major:\"4\",minor:\"6\"})",
                  "err": {},
                  "uuid": "11e473f1-8fcc-4ede-aeaa-d6cfb0c9c2c3",
                  "parentUUID": "4880866d-3a0e-41ec-81d2-a68439c602b8",
                  "isHook": false,
                  "skipped": false
                }
              ],
              "suites": [],
              "passes": [
                "e508f2f3-1cb8-4723-babd-a7d8d50ea6c6",
                "31cd8c27-a406-447c-ba5b-6d6303006b61",
                "11e473f1-8fcc-4ede-aeaa-d6cfb0c9c2c3"
              ],
              "failures": [],
              "pending": [],
              "skipped": [],
              "duration": 0,
              "root": false,
              "rootEmpty": false,
              "_timeout": 2000
            },
            {
              "uuid": "c0c5cc58-6ab8-42d3-9dbe-98e0bd334399",
              "title": "getTagTasks",
              "fullFile": "/home/runner/work/semantic-release-docker/semantic-release-docker/test/lib/index.ts",
              "file": "/test/lib/index.ts",
              "beforeHooks": [],
              "afterHooks": [],
              "tests": [
                {
                  "title": "should quietly abort if no release should be triggered",
                  "fullTitle": "@sebbo2002/semantic-release-docker getTagTasks should quietly abort if no release should be triggered",
                  "timedOut": false,
                  "duration": 1,
                  "state": "passed",
                  "speed": "fast",
                  "pass": true,
                  "fail": false,
                  "pending": false,
                  "context": null,
                  "code": "getTagTasks({images:[\"ubuntu\"],tag:{channel:true,latest:true,major:true,minor:true,version:true}},{branch:{name:\"develop\"},env:{},logger:{await:__name(()=>{},\"await\"),complete:__name(()=>{},\"complete\"),debug:__name(()=>{},\"debug\"),error:__name(()=>{},\"error\"),fatal:__name(()=>{},\"fatal\"),fav:__name(()=>{},\"fav\"),info:__name(()=>{},\"info\"),log:__name(()=>{},\"log\"),note:__name(()=>{},\"note\"),pause:__name(()=>{},\"pause\"),pending:__name(()=>{},\"pending\"),star:__name(()=>{},\"star\"),start:__name(()=>{},\"start\"),success:__name(()=>{},\"success\"),wait:__name(()=>{},\"wait\"),warn:__name(()=>{},\"warn\"),watch:__name(()=>{},\"watch\")}})",
                  "err": {},
                  "uuid": "594d20c4-9825-4404-b459-5b023f14df92",
                  "parentUUID": "c0c5cc58-6ab8-42d3-9dbe-98e0bd334399",
                  "isHook": false,
                  "skipped": false
                },
                {
                  "title": "patch release",
                  "fullTitle": "@sebbo2002/semantic-release-docker getTagTasks patch release",
                  "timedOut": false,
                  "duration": 0,
                  "state": "passed",
                  "speed": "fast",
                  "pass": true,
                  "fail": false,
                  "pending": false,
                  "context": null,
                  "code": "const result=getTagTasks({images:[\"alpine@sha256:aaaaf56b44807c64d294e6c8059b479f35350b454492398225034174808d1726\",\"sebbo2002/test:1234567\"],tag:{channel:true,latest:true,major:true,minor:true,version:true}},{branch:{name:\"develop\"},env:{},logger:{await:__name(()=>{},\"await\"),complete:__name(()=>{},\"complete\"),debug:__name(()=>{},\"debug\"),error:__name(()=>{},\"error\"),fatal:__name(()=>{},\"fatal\"),fav:__name(()=>{},\"fav\"),info:__name(()=>{},\"info\"),log:__name(()=>{},\"log\"),note:__name(()=>{},\"note\"),pause:__name(()=>{},\"pause\"),pending:__name(()=>{},\"pending\"),star:__name(()=>{},\"star\"),start:__name(()=>{},\"start\"),success:__name(()=>{},\"success\"),wait:__name(()=>{},\"wait\"),warn:__name(()=>{},\"warn\"),watch:__name(()=>{},\"watch\")},nextRelease:{gitHead:\"\",gitTag:\"\",name:\"\",notes:\"\",type:\"patch\",version:\"8.2.6\"}});assert.deepStrictEqual(result,[{input:\"alpine@sha256:aaaaf56b44807c64d294e6c8059b479f35350b454492398225034174808d1726\",output:\"alpine:8.2.6\"},{input:\"alpine@sha256:aaaaf56b44807c64d294e6c8059b479f35350b454492398225034174808d1726\",output:\"alpine:latest\"},{input:\"alpine@sha256:aaaaf56b44807c64d294e6c8059b479f35350b454492398225034174808d1726\",output:\"alpine:8\"},{input:\"alpine@sha256:aaaaf56b44807c64d294e6c8059b479f35350b454492398225034174808d1726\",output:\"alpine:8.2\"},{input:\"sebbo2002/test:1234567\",output:\"sebbo2002/test:8.2.6\"},{input:\"sebbo2002/test:1234567\",output:\"sebbo2002/test:latest\"},{input:\"sebbo2002/test:1234567\",output:\"sebbo2002/test:8\"},{input:\"sebbo2002/test:1234567\",output:\"sebbo2002/test:8.2\"}])",
                  "err": {},
                  "uuid": "1b467a2f-7a3b-419e-96d1-ede4a9747f60",
                  "parentUUID": "c0c5cc58-6ab8-42d3-9dbe-98e0bd334399",
                  "isHook": false,
                  "skipped": false
                },
                {
                  "title": "pre release",
                  "fullTitle": "@sebbo2002/semantic-release-docker getTagTasks pre release",
                  "timedOut": false,
                  "duration": 0,
                  "state": "passed",
                  "speed": "fast",
                  "pass": true,
                  "fail": false,
                  "pending": false,
                  "context": null,
                  "code": "const result=getTagTasks({images:[\"alpine@sha256:aaaaf56b44807c64d294e6c8059b479f35350b454492398225034174808d1726\",\"sebbo2002/test:1234567\"],tag:{channel:true,latest:true,major:true,minor:true,version:true}},{branch:{name:\"develop\"},env:{},logger:{await:__name(()=>{},\"await\"),complete:__name(()=>{},\"complete\"),debug:__name(()=>{},\"debug\"),error:__name(()=>{},\"error\"),fatal:__name(()=>{},\"fatal\"),fav:__name(()=>{},\"fav\"),info:__name(()=>{},\"info\"),log:__name(()=>{},\"log\"),note:__name(()=>{},\"note\"),pause:__name(()=>{},\"pause\"),pending:__name(()=>{},\"pending\"),star:__name(()=>{},\"star\"),start:__name(()=>{},\"start\"),success:__name(()=>{},\"success\"),wait:__name(()=>{},\"wait\"),warn:__name(()=>{},\"warn\"),watch:__name(()=>{},\"watch\")},nextRelease:{channel:\"next\",gitHead:\"\",gitTag:\"\",name:\"\",notes:\"\",type:\"prerelease\",version:\"8.2.6-develop.3\"}});assert.deepStrictEqual(result,[{input:\"alpine@sha256:aaaaf56b44807c64d294e6c8059b479f35350b454492398225034174808d1726\",output:\"alpine:8.2.6-develop.3\"},{input:\"alpine@sha256:aaaaf56b44807c64d294e6c8059b479f35350b454492398225034174808d1726\",output:\"alpine:next\"},{input:\"sebbo2002/test:1234567\",output:\"sebbo2002/test:8.2.6-develop.3\"},{input:\"sebbo2002/test:1234567\",output:\"sebbo2002/test:next\"}])",
                  "err": {},
                  "uuid": "26690a88-779b-4239-9d98-6afaf1d56b54",
                  "parentUUID": "c0c5cc58-6ab8-42d3-9dbe-98e0bd334399",
                  "isHook": false,
                  "skipped": false
                }
              ],
              "suites": [],
              "passes": [
                "594d20c4-9825-4404-b459-5b023f14df92",
                "1b467a2f-7a3b-419e-96d1-ede4a9747f60",
                "26690a88-779b-4239-9d98-6afaf1d56b54"
              ],
              "failures": [],
              "pending": [],
              "skipped": [],
              "duration": 1,
              "root": false,
              "rootEmpty": false,
              "_timeout": 2000
            },
            {
              "uuid": "bbcad4c0-1b20-4d8b-a690-02a987052c0a",
              "title": "getUrlFromImage",
              "fullFile": "/home/runner/work/semantic-release-docker/semantic-release-docker/test/lib/index.ts",
              "file": "/test/lib/index.ts",
              "beforeHooks": [],
              "afterHooks": [],
              "tests": [
                {
                  "title": "alpine",
                  "fullTitle": "@sebbo2002/semantic-release-docker getUrlFromImage alpine",
                  "timedOut": false,
                  "duration": 0,
                  "state": "passed",
                  "speed": "fast",
                  "pass": true,
                  "fail": false,
                  "pending": false,
                  "context": null,
                  "code": "assert.strictEqual(getUrlFromImage(\"alpine\"),\"https://hub.docker.com/_/alpine/tags\")",
                  "err": {},
                  "uuid": "0a93dfd9-1447-4dd3-ac5d-026397b11167",
                  "parentUUID": "bbcad4c0-1b20-4d8b-a690-02a987052c0a",
                  "isHook": false,
                  "skipped": false
                },
                {
                  "title": "ubuntu:14",
                  "fullTitle": "@sebbo2002/semantic-release-docker getUrlFromImage ubuntu:14",
                  "timedOut": false,
                  "duration": 0,
                  "state": "passed",
                  "speed": "fast",
                  "pass": true,
                  "fail": false,
                  "pending": false,
                  "context": null,
                  "code": "assert.strictEqual(getUrlFromImage(\"ubuntu:14\"),\"https://hub.docker.com/_/ubuntu/tags\")",
                  "err": {},
                  "uuid": "a37ee09e-6047-4ff7-877b-d3f8a3560bfa",
                  "parentUUID": "bbcad4c0-1b20-4d8b-a690-02a987052c0a",
                  "isHook": false,
                  "skipped": false
                },
                {
                  "title": "sebbo2002/gitlab-badges:14.04",
                  "fullTitle": "@sebbo2002/semantic-release-docker getUrlFromImage sebbo2002/gitlab-badges:14.04",
                  "timedOut": false,
                  "duration": 0,
                  "state": "passed",
                  "speed": "fast",
                  "pass": true,
                  "fail": false,
                  "pending": false,
                  "context": null,
                  "code": "assert.strictEqual(getUrlFromImage(\"sebbo2002/gitlab-badges:14.04\"),\"https://hub.docker.com/r/sebbo2002/gitlab-badges/tags\")",
                  "err": {},
                  "uuid": "5d17cbab-e77a-4f9c-8e25-2a72d897d270",
                  "parentUUID": "bbcad4c0-1b20-4d8b-a690-02a987052c0a",
                  "isHook": false,
                  "skipped": false
                },
                {
                  "title": "ubuntu@14",
                  "fullTitle": "@sebbo2002/semantic-release-docker getUrlFromImage ubuntu@14",
                  "timedOut": false,
                  "duration": 0,
                  "state": "passed",
                  "speed": "fast",
                  "pass": true,
                  "fail": false,
                  "pending": false,
                  "context": null,
                  "code": "assert.strictEqual(getUrlFromImage(\"ubuntu@14\"),\"https://hub.docker.com/_/ubuntu/tags\")",
                  "err": {},
                  "uuid": "7750d678-4496-4d3c-9767-1c0d78888820",
                  "parentUUID": "bbcad4c0-1b20-4d8b-a690-02a987052c0a",
                  "isHook": false,
                  "skipped": false
                },
                {
                  "title": "sebbo2002/gitlab-badges@14.04",
                  "fullTitle": "@sebbo2002/semantic-release-docker getUrlFromImage sebbo2002/gitlab-badges@14.04",
                  "timedOut": false,
                  "duration": 0,
                  "state": "passed",
                  "speed": "fast",
                  "pass": true,
                  "fail": false,
                  "pending": false,
                  "context": null,
                  "code": "assert.strictEqual(getUrlFromImage(\"sebbo2002/gitlab-badges@14.04\"),\"https://hub.docker.com/r/sebbo2002/gitlab-badges/tags\")",
                  "err": {},
                  "uuid": "a6de3c1c-bc62-4226-be66-474370a3dfd9",
                  "parentUUID": "bbcad4c0-1b20-4d8b-a690-02a987052c0a",
                  "isHook": false,
                  "skipped": false
                },
                {
                  "title": "alpine@sha256:aaaaf56b44807c64d294e6c8059b479f35350b454492398225034174808d1726",
                  "fullTitle": "@sebbo2002/semantic-release-docker getUrlFromImage alpine@sha256:aaaaf56b44807c64d294e6c8059b479f35350b454492398225034174808d1726",
                  "timedOut": false,
                  "duration": 0,
                  "state": "passed",
                  "speed": "fast",
                  "pass": true,
                  "fail": false,
                  "pending": false,
                  "context": null,
                  "code": "assert.strictEqual(getUrlFromImage(\"alpine@sha256:aaaaf56b44807c64d294e6c8059b479f35350b454492398225034174808d1726\"),\"https://hub.docker.com/_/alpine/tags\")",
                  "err": {},
                  "uuid": "1b4a96d4-6ae2-41d1-ac37-bfafc9f3899c",
                  "parentUUID": "bbcad4c0-1b20-4d8b-a690-02a987052c0a",
                  "isHook": false,
                  "skipped": false
                },
                {
                  "title": "ghcr.io/sebbo2002/ble2mqtt:ecf33e870c318e4f8a17555aeac14ab1dfaaaddd",
                  "fullTitle": "@sebbo2002/semantic-release-docker getUrlFromImage ghcr.io/sebbo2002/ble2mqtt:ecf33e870c318e4f8a17555aeac14ab1dfaaaddd",
                  "timedOut": false,
                  "duration": 0,
                  "state": "passed",
                  "speed": "fast",
                  "pass": true,
                  "fail": false,
                  "pending": false,
                  "context": null,
                  "code": "assert.strictEqual(getUrlFromImage(\"ghcr.io/sebbo2002/ble2mqtt:ecf33e870c318e4f8a17555aeac14ab1dfaaaddd\"),\"https://github.com/sebbo2002/ble2mqtt/pkgs/container/ble2mqtt\")",
                  "err": {},
                  "uuid": "2e7bf064-83af-425f-b6a5-996f77cd2ab8",
                  "parentUUID": "bbcad4c0-1b20-4d8b-a690-02a987052c0a",
                  "isHook": false,
                  "skipped": false
                },
                {
                  "title": "ghcr.io/sebbo2002/ble2mqtt@sha256:175c648b777d70f829196d67019ded98d74cf28f3fef08b00998b10485705e68",
                  "fullTitle": "@sebbo2002/semantic-release-docker getUrlFromImage ghcr.io/sebbo2002/ble2mqtt@sha256:175c648b777d70f829196d67019ded98d74cf28f3fef08b00998b10485705e68",
                  "timedOut": false,
                  "duration": 0,
                  "state": "passed",
                  "speed": "fast",
                  "pass": true,
                  "fail": false,
                  "pending": false,
                  "context": null,
                  "code": "assert.strictEqual(getUrlFromImage(\"ghcr.io/sebbo2002/ble2mqtt@sha256:175c648b777d70f829196d67019ded98d74cf28f3fef08b00998b10485705e68\"),\"https://github.com/sebbo2002/ble2mqtt/pkgs/container/ble2mqtt\")",
                  "err": {},
                  "uuid": "89aebbd9-d646-4b2f-8479-35722ddf36ad",
                  "parentUUID": "bbcad4c0-1b20-4d8b-a690-02a987052c0a",
                  "isHook": false,
                  "skipped": false
                },
                {
                  "title": "registry.gitlab.com/gitlab-org/gitlab-runner/ci:1.10.8-1",
                  "fullTitle": "@sebbo2002/semantic-release-docker getUrlFromImage registry.gitlab.com/gitlab-org/gitlab-runner/ci:1.10.8-1",
                  "timedOut": false,
                  "duration": 0,
                  "state": "passed",
                  "speed": "fast",
                  "pass": true,
                  "fail": false,
                  "pending": false,
                  "context": null,
                  "code": "assert.strictEqual(getUrlFromImage(\"registry.gitlab.com/gitlab-org/gitlab-runner/ci:1.10.8-1\"),\"https://gitlab.com/gitlab-org/gitlab-runner/container_registry\")",
                  "err": {},
                  "uuid": "e17ded08-27b8-4cc3-b6a8-074faabd9e1c",
                  "parentUUID": "bbcad4c0-1b20-4d8b-a690-02a987052c0a",
                  "isHook": false,
                  "skipped": false
                },
                {
                  "title": "registry.gitlab.com/gitlab-org/gitlab-runner/ci@sha256:5abfd2a06fbc535581350290e5067cf49f908199b60e850015066f38c549622e",
                  "fullTitle": "@sebbo2002/semantic-release-docker getUrlFromImage registry.gitlab.com/gitlab-org/gitlab-runner/ci@sha256:5abfd2a06fbc535581350290e5067cf49f908199b60e850015066f38c549622e",
                  "timedOut": false,
                  "duration": 0,
                  "state": "passed",
                  "speed": "fast",
                  "pass": true,
                  "fail": false,
                  "pending": false,
                  "context": null,
                  "code": "assert.strictEqual(getUrlFromImage(\"registry.gitlab.com/gitlab-org/gitlab-runner/ci@sha256:5abfd2a06fbc535581350290e5067cf49f908199b60e850015066f38c549622e\"),\"https://gitlab.com/gitlab-org/gitlab-runner/container_registry\")",
                  "err": {},
                  "uuid": "78c2aba7-bde9-479f-9cd2-c9314e74a0e5",
                  "parentUUID": "bbcad4c0-1b20-4d8b-a690-02a987052c0a",
                  "isHook": false,
                  "skipped": false
                },
                {
                  "title": "containers.topsecret.evil.corp/server:2",
                  "fullTitle": "@sebbo2002/semantic-release-docker getUrlFromImage containers.topsecret.evil.corp/server:2",
                  "timedOut": false,
                  "duration": 0,
                  "state": "passed",
                  "speed": "fast",
                  "pass": true,
                  "fail": false,
                  "pending": false,
                  "context": null,
                  "code": "assert.strictEqual(getUrlFromImage(\"containers.topsecret.evil.corp/server:2\"),void 0)",
                  "err": {},
                  "uuid": "418bdcec-af10-408f-be10-9dded7db1edb",
                  "parentUUID": "bbcad4c0-1b20-4d8b-a690-02a987052c0a",
                  "isHook": false,
                  "skipped": false
                }
              ],
              "suites": [],
              "passes": [
                "0a93dfd9-1447-4dd3-ac5d-026397b11167",
                "a37ee09e-6047-4ff7-877b-d3f8a3560bfa",
                "5d17cbab-e77a-4f9c-8e25-2a72d897d270",
                "7750d678-4496-4d3c-9767-1c0d78888820",
                "a6de3c1c-bc62-4226-be66-474370a3dfd9",
                "1b4a96d4-6ae2-41d1-ac37-bfafc9f3899c",
                "2e7bf064-83af-425f-b6a5-996f77cd2ab8",
                "89aebbd9-d646-4b2f-8479-35722ddf36ad",
                "e17ded08-27b8-4cc3-b6a8-074faabd9e1c",
                "78c2aba7-bde9-479f-9cd2-c9314e74a0e5",
                "418bdcec-af10-408f-be10-9dded7db1edb"
              ],
              "failures": [],
              "pending": [],
              "skipped": [],
              "duration": 0,
              "root": false,
              "rootEmpty": false,
              "_timeout": 2000
            },
            {
              "uuid": "23aa16e5-822d-450b-afc8-700b9fd3c90e",
              "title": "exec",
              "fullFile": "/home/runner/work/semantic-release-docker/semantic-release-docker/test/lib/index.ts",
              "file": "/test/lib/index.ts",
              "beforeHooks": [],
              "afterHooks": [],
              "tests": [
                {
                  "title": "should run commands",
                  "fullTitle": "@sebbo2002/semantic-release-docker exec should run commands",
                  "timedOut": false,
                  "duration": 14,
                  "state": "passed",
                  "speed": "fast",
                  "pass": true,
                  "fail": false,
                  "pending": false,
                  "context": null,
                  "code": "assert.strictEqual(await exec(\"echo\",[\"hello\"]),void 0)",
                  "err": {},
                  "uuid": "dfbff780-ca6a-4ff5-a6c0-2f4e70d7eb17",
                  "parentUUID": "23aa16e5-822d-450b-afc8-700b9fd3c90e",
                  "isHook": false,
                  "skipped": false
                },
                {
                  "title": "should fail on exit code > 0",
                  "fullTitle": "@sebbo2002/semantic-release-docker exec should fail on exit code > 0",
                  "timedOut": false,
                  "duration": 4,
                  "state": "passed",
                  "speed": "fast",
                  "pass": true,
                  "fail": false,
                  "pending": false,
                  "context": null,
                  "code": "assert.rejects(async()=>{assert.strictEqual(await exec(\"exit\",[\"1\"]),void 0)},/Unable to run \"exit 1\": Command failed with ENOENT: exit 1/)",
                  "err": {},
                  "uuid": "7533c1ba-e6bd-4109-9819-56523e2e3d50",
                  "parentUUID": "23aa16e5-822d-450b-afc8-700b9fd3c90e",
                  "isHook": false,
                  "skipped": false
                }
              ],
              "suites": [],
              "passes": [
                "dfbff780-ca6a-4ff5-a6c0-2f4e70d7eb17",
                "7533c1ba-e6bd-4109-9819-56523e2e3d50"
              ],
              "failures": [],
              "pending": [],
              "skipped": [],
              "duration": 18,
              "root": false,
              "rootEmpty": false,
              "_timeout": 2000
            },
            {
              "uuid": "a873e681-d15f-48f8-accb-828eef8febd7",
              "title": "isRegCtlAvailable",
              "fullFile": "/home/runner/work/semantic-release-docker/semantic-release-docker/test/lib/index.ts",
              "file": "/test/lib/index.ts",
              "beforeHooks": [],
              "afterHooks": [],
              "tests": [
                {
                  "title": "should run command without failing (result unknown)",
                  "fullTitle": "@sebbo2002/semantic-release-docker isRegCtlAvailable should run command without failing (result unknown)",
                  "timedOut": false,
                  "duration": 6,
                  "state": "passed",
                  "speed": "fast",
                  "pass": true,
                  "fail": false,
                  "pending": false,
                  "context": null,
                  "code": "const result=await isRegCtlAvailable();assert.ok(typeof result,\"boolean\");assert.strictEqual(await isRegCtlAvailable(),result)",
                  "err": {},
                  "uuid": "bf9337ce-8fd2-441f-bf8c-b505cd8c8b9d",
                  "parentUUID": "a873e681-d15f-48f8-accb-828eef8febd7",
                  "isHook": false,
                  "skipped": false
                }
              ],
              "suites": [],
              "passes": [
                "bf9337ce-8fd2-441f-bf8c-b505cd8c8b9d"
              ],
              "failures": [],
              "pending": [],
              "skipped": [],
              "duration": 6,
              "root": false,
              "rootEmpty": false,
              "_timeout": 2000
            },
            {
              "uuid": "01d9971f-061d-4104-812d-d2a8a9ce0513",
              "title": "tagImage",
              "fullFile": "/home/runner/work/semantic-release-docker/semantic-release-docker/test/lib/index.ts",
              "file": "/test/lib/index.ts",
              "beforeHooks": [],
              "afterHooks": [],
              "tests": [
                {
                  "title": "tag ubuntu",
                  "fullTitle": "@sebbo2002/semantic-release-docker tagImage tag ubuntu",
                  "timedOut": false,
                  "duration": 22,
                  "state": "passed",
                  "speed": "fast",
                  "pass": true,
                  "fail": false,
                  "pending": false,
                  "context": null,
                  "code": "await tagImage(\"alpine\",\"alpine:tagging-test\")",
                  "err": {},
                  "uuid": "824fcb48-2941-4eaa-9859-0d58755251ce",
                  "parentUUID": "01d9971f-061d-4104-812d-d2a8a9ce0513",
                  "isHook": false,
                  "skipped": false
                }
              ],
              "suites": [],
              "passes": [
                "824fcb48-2941-4eaa-9859-0d58755251ce"
              ],
              "failures": [],
              "pending": [],
              "skipped": [],
              "duration": 22,
              "root": false,
              "rootEmpty": false,
              "_timeout": 2000
            },
            {
              "uuid": "2031d984-2a1b-46d4-9d6e-4a5b85c41c0a",
              "title": "publish",
              "fullFile": "/home/runner/work/semantic-release-docker/semantic-release-docker/test/lib/index.ts",
              "file": "/test/lib/index.ts",
              "beforeHooks": [],
              "afterHooks": [],
              "tests": [
                {
                  "title": "should return false if no release is scheduled",
                  "fullTitle": "@sebbo2002/semantic-release-docker publish should return false if no release is scheduled",
                  "timedOut": false,
                  "duration": 0,
                  "state": "passed",
                  "speed": "fast",
                  "pass": true,
                  "fail": false,
                  "pending": false,
                  "context": null,
                  "code": "const result=await publish({images:[]},{branch:{name:\"develop\"},env:{},logger:{await:__name(()=>{},\"await\"),complete:__name(()=>{},\"complete\"),debug:__name(()=>{},\"debug\"),error:__name(()=>{},\"error\"),fatal:__name(()=>{},\"fatal\"),fav:__name(()=>{},\"fav\"),info:__name(()=>{},\"info\"),log:__name(()=>{},\"log\"),note:__name(()=>{},\"note\"),pause:__name(()=>{},\"pause\"),pending:__name(()=>{},\"pending\"),star:__name(()=>{},\"star\"),start:__name(()=>{},\"start\"),success:__name(()=>{},\"success\"),wait:__name(()=>{},\"wait\"),warn:__name(()=>{},\"warn\"),watch:__name(()=>{},\"watch\")}});assert.strictEqual(result,false)",
                  "err": {},
                  "uuid": "e684a70b-f833-41e2-92fa-e9aeb6ec2a85",
                  "parentUUID": "2031d984-2a1b-46d4-9d6e-4a5b85c41c0a",
                  "isHook": false,
                  "skipped": false
                },
                {
                  "title": "should return false if there's nothing to do",
                  "fullTitle": "@sebbo2002/semantic-release-docker publish should return false if there's nothing to do",
                  "timedOut": false,
                  "duration": 0,
                  "state": "passed",
                  "speed": "fast",
                  "pass": true,
                  "fail": false,
                  "pending": false,
                  "context": null,
                  "code": "const result=await publish({images:\"foo/bar:1234\",tag:{channel:false,latest:false,major:false,minor:false,version:false}},{branch:{name:\"develop\"},env:{},logger:{await:__name(()=>{},\"await\"),complete:__name(()=>{},\"complete\"),debug:__name(()=>{},\"debug\"),error:__name(()=>{},\"error\"),fatal:__name(()=>{},\"fatal\"),fav:__name(()=>{},\"fav\"),info:__name(()=>{},\"info\"),log:__name(()=>{},\"log\"),note:__name(()=>{},\"note\"),pause:__name(()=>{},\"pause\"),pending:__name(()=>{},\"pending\"),star:__name(()=>{},\"star\"),start:__name(()=>{},\"start\"),success:__name(()=>{},\"success\"),wait:__name(()=>{},\"wait\"),warn:__name(()=>{},\"warn\"),watch:__name(()=>{},\"watch\")},nextRelease:{gitHead:\"\",gitTag:\"\",name:\"\",notes:\"\",type:\"patch\",version:\"8.2.7\"}});assert.strictEqual(result,false)",
                  "err": {},
                  "uuid": "45190be4-d159-4bbb-b5d6-4baaefc31c1b",
                  "parentUUID": "2031d984-2a1b-46d4-9d6e-4a5b85c41c0a",
                  "isHook": false,
                  "skipped": false
                }
              ],
              "suites": [],
              "passes": [
                "e684a70b-f833-41e2-92fa-e9aeb6ec2a85",
                "45190be4-d159-4bbb-b5d6-4baaefc31c1b"
              ],
              "failures": [],
              "pending": [],
              "skipped": [],
              "duration": 0,
              "root": false,
              "rootEmpty": false,
              "_timeout": 2000
            }
          ],
          "passes": [],
          "failures": [],
          "pending": [],
          "skipped": [],
          "duration": 0,
          "root": false,
          "rootEmpty": false,
          "_timeout": 2000
        }
      ],
      "passes": [],
      "failures": [],
      "pending": [],
      "skipped": [],
      "duration": 0,
      "root": true,
      "rootEmpty": true,
      "_timeout": 2000
    }
  ],
  "meta": {
    "mocha": {
      "version": "11.2.2"
    },
    "mochawesome": {
      "options": {
        "quiet": false,
        "reportFilename": "mochawesome",
        "saveHtml": true,
        "saveJson": true,
        "consoleReporter": "spec",
        "useInlineDiffs": false,
        "code": true
      },
      "version": "7.1.3"
    },
    "marge": {
      "options": null,
      "version": "6.2.0"
    }
  }
}