{
  "stats": {
    "suites": 11,
    "tests": 39,
    "passes": 39,
    "pending": 0,
    "failures": 0,
    "start": "2025-01-09T17:02:54.573Z",
    "end": "2025-01-09T17:02:54.643Z",
    "duration": 70,
    "testsRegistered": 39,
    "passPercent": 100,
    "pendingPercent": 0,
    "other": 0,
    "hasOther": false,
    "skipped": 0,
    "hasSkipped": false
  },
  "results": [
    {
      "uuid": "6effdb9d-5b9d-464b-9905-f3ae86c5773d",
      "title": "",
      "fullFile": "/home/runner/work/semantic-release-docker/semantic-release-docker/test/lib/index.ts",
      "file": "/test/lib/index.ts",
      "beforeHooks": [],
      "afterHooks": [],
      "tests": [],
      "suites": [
        {
          "uuid": "5d2dcd8b-2c9d-4ddf-aafb-2765a9c681fd",
          "title": "@sebbo2002/semantic-release-docker",
          "fullFile": "/home/runner/work/semantic-release-docker/semantic-release-docker/test/lib/index.ts",
          "file": "/test/lib/index.ts",
          "beforeHooks": [],
          "afterHooks": [],
          "tests": [],
          "suites": [
            {
              "uuid": "71e62014-d506-4397-a126-a612b4c66f87",
              "title": "parseConfig",
              "fullFile": "/home/runner/work/semantic-release-docker/semantic-release-docker/test/lib/index.ts",
              "file": "/test/lib/index.ts",
              "beforeHooks": [],
              "afterHooks": [],
              "tests": [
                {
                  "title": "should work without any tags",
                  "fullTitle": "@sebbo2002/semantic-release-docker parseConfig should work without any tags",
                  "timedOut": false,
                  "duration": 1,
                  "state": "passed",
                  "speed": "fast",
                  "pass": true,
                  "fail": false,
                  "pending": false,
                  "context": null,
                  "code": "const result=parseConfig({images:[\"ubuntu\"]});assert.deepStrictEqual(result,{images:[\"ubuntu\"],tag:{latest:true,major:true,minor:true,version:true,channel:true}})",
                  "err": {},
                  "uuid": "d5883aa2-d6ff-463b-b6ea-88083d73cf6b",
                  "parentUUID": "71e62014-d506-4397-a126-a612b4c66f87",
                  "isHook": false,
                  "skipped": false
                },
                {
                  "title": "should work with images string",
                  "fullTitle": "@sebbo2002/semantic-release-docker parseConfig should work with images string",
                  "timedOut": false,
                  "duration": 0,
                  "state": "passed",
                  "speed": "fast",
                  "pass": true,
                  "fail": false,
                  "pending": false,
                  "context": null,
                  "code": "const result=parseConfig({images:\"ubuntu\"});assert.deepStrictEqual(result,{images:[\"ubuntu\"],tag:{latest:true,major:true,minor:true,version:true,channel:true}})",
                  "err": {},
                  "uuid": "bb923bda-f139-47ec-bd08-c4e0d0404597",
                  "parentUUID": "71e62014-d506-4397-a126-a612b4c66f87",
                  "isHook": false,
                  "skipped": false
                },
                {
                  "title": "should merge tags",
                  "fullTitle": "@sebbo2002/semantic-release-docker parseConfig should merge tags",
                  "timedOut": false,
                  "duration": 0,
                  "state": "passed",
                  "speed": "fast",
                  "pass": true,
                  "fail": false,
                  "pending": false,
                  "context": null,
                  "code": "const result=parseConfig({images:[\"ubuntu\"],tag:{minor:false}});assert.deepStrictEqual(result,{images:[\"ubuntu\"],tag:{latest:true,major:true,minor:false,version:true,channel:true}})",
                  "err": {},
                  "uuid": "d2e3e2eb-b1b2-4aea-88ad-e73510b115b5",
                  "parentUUID": "71e62014-d506-4397-a126-a612b4c66f87",
                  "isHook": false,
                  "skipped": false
                },
                {
                  "title": "should throw error without image defined",
                  "fullTitle": "@sebbo2002/semantic-release-docker parseConfig should throw error without image defined",
                  "timedOut": false,
                  "duration": 1,
                  "state": "passed",
                  "speed": "fast",
                  "pass": true,
                  "fail": false,
                  "pending": false,
                  "context": null,
                  "code": "assert.throws(()=>{parseConfig({})},/Configuration invalid: No image defined!/)",
                  "err": {},
                  "uuid": "7498f865-c9ce-49dc-97c1-0374a790370f",
                  "parentUUID": "71e62014-d506-4397-a126-a612b4c66f87",
                  "isHook": false,
                  "skipped": false
                }
              ],
              "suites": [],
              "passes": [
                "d5883aa2-d6ff-463b-b6ea-88083d73cf6b",
                "bb923bda-f139-47ec-bd08-c4e0d0404597",
                "d2e3e2eb-b1b2-4aea-88ad-e73510b115b5",
                "7498f865-c9ce-49dc-97c1-0374a790370f"
              ],
              "failures": [],
              "pending": [],
              "skipped": [],
              "duration": 2,
              "root": false,
              "rootEmpty": false,
              "_timeout": 2000
            },
            {
              "uuid": "cd3cb228-18c1-4869-8813-d806d4be8089",
              "title": "getBaseImage",
              "fullFile": "/home/runner/work/semantic-release-docker/semantic-release-docker/test/lib/index.ts",
              "file": "/test/lib/index.ts",
              "beforeHooks": [],
              "afterHooks": [],
              "tests": [
                {
                  "title": "alpine",
                  "fullTitle": "@sebbo2002/semantic-release-docker getBaseImage alpine",
                  "timedOut": false,
                  "duration": 0,
                  "state": "passed",
                  "speed": "fast",
                  "pass": true,
                  "fail": false,
                  "pending": false,
                  "context": null,
                  "code": "assert.strictEqual(getBaseImage(\"alpine\"),\"alpine\")",
                  "err": {},
                  "uuid": "15d66b90-d49c-47d7-b453-3abbb5ddbcdc",
                  "parentUUID": "cd3cb228-18c1-4869-8813-d806d4be8089",
                  "isHook": false,
                  "skipped": false
                },
                {
                  "title": "ubuntu:14",
                  "fullTitle": "@sebbo2002/semantic-release-docker getBaseImage ubuntu:14",
                  "timedOut": false,
                  "duration": 0,
                  "state": "passed",
                  "speed": "fast",
                  "pass": true,
                  "fail": false,
                  "pending": false,
                  "context": null,
                  "code": "assert.strictEqual(getBaseImage(\"ubuntu:14\"),\"ubuntu\")",
                  "err": {},
                  "uuid": "24d845cc-57a3-462f-a0d7-5981a6c3d0f4",
                  "parentUUID": "cd3cb228-18c1-4869-8813-d806d4be8089",
                  "isHook": false,
                  "skipped": false
                },
                {
                  "title": "sebbo2002/test:14.04",
                  "fullTitle": "@sebbo2002/semantic-release-docker getBaseImage sebbo2002/test:14.04",
                  "timedOut": false,
                  "duration": 0,
                  "state": "passed",
                  "speed": "fast",
                  "pass": true,
                  "fail": false,
                  "pending": false,
                  "context": null,
                  "code": "assert.strictEqual(getBaseImage(\"sebbo2002/test:14.04\"),\"sebbo2002/test\")",
                  "err": {},
                  "uuid": "c69d8633-6ac1-4621-9bab-90a3239b0c7b",
                  "parentUUID": "cd3cb228-18c1-4869-8813-d806d4be8089",
                  "isHook": false,
                  "skipped": false
                },
                {
                  "title": "ubuntu@14",
                  "fullTitle": "@sebbo2002/semantic-release-docker getBaseImage ubuntu@14",
                  "timedOut": false,
                  "duration": 0,
                  "state": "passed",
                  "speed": "fast",
                  "pass": true,
                  "fail": false,
                  "pending": false,
                  "context": null,
                  "code": "assert.strictEqual(getBaseImage(\"ubuntu@14\"),\"ubuntu\")",
                  "err": {},
                  "uuid": "c68e216d-3e5f-47f8-8ff9-e17a9ffd53e1",
                  "parentUUID": "cd3cb228-18c1-4869-8813-d806d4be8089",
                  "isHook": false,
                  "skipped": false
                },
                {
                  "title": "sebbo2002/test@14.04",
                  "fullTitle": "@sebbo2002/semantic-release-docker getBaseImage sebbo2002/test@14.04",
                  "timedOut": false,
                  "duration": 0,
                  "state": "passed",
                  "speed": "fast",
                  "pass": true,
                  "fail": false,
                  "pending": false,
                  "context": null,
                  "code": "assert.strictEqual(getBaseImage(\"sebbo2002/test@14.04\"),\"sebbo2002/test\")",
                  "err": {},
                  "uuid": "69f83a8c-06a4-458c-9f51-1f3bef68c1d7",
                  "parentUUID": "cd3cb228-18c1-4869-8813-d806d4be8089",
                  "isHook": false,
                  "skipped": false
                },
                {
                  "title": "alpine@sha256:aaaaf56b44807c64d294e6c8059b479f35350b454492398225034174808d1726",
                  "fullTitle": "@sebbo2002/semantic-release-docker getBaseImage alpine@sha256:aaaaf56b44807c64d294e6c8059b479f35350b454492398225034174808d1726",
                  "timedOut": false,
                  "duration": 0,
                  "state": "passed",
                  "speed": "fast",
                  "pass": true,
                  "fail": false,
                  "pending": false,
                  "context": null,
                  "code": "assert.strictEqual(getBaseImage(\"alpine@sha256:aaaaf56b44807c64d294e6c8059b479f35350b454492398225034174808d1726\"),\"alpine\")",
                  "err": {},
                  "uuid": "ba5b2a2e-a1ea-45e2-9ce8-53c771b76664",
                  "parentUUID": "cd3cb228-18c1-4869-8813-d806d4be8089",
                  "isHook": false,
                  "skipped": false
                },
                {
                  "title": "quay.io/signalfuse/zookeeper",
                  "fullTitle": "@sebbo2002/semantic-release-docker getBaseImage quay.io/signalfuse/zookeeper",
                  "timedOut": false,
                  "duration": 0,
                  "state": "passed",
                  "speed": "fast",
                  "pass": true,
                  "fail": false,
                  "pending": false,
                  "context": null,
                  "code": "assert.strictEqual(getBaseImage(\"quay.io/signalfuse/zookeeper\"),\"quay.io/signalfuse/zookeeper\")",
                  "err": {},
                  "uuid": "c72d05a0-d055-45f5-9ce6-d3c8bd530fe0",
                  "parentUUID": "cd3cb228-18c1-4869-8813-d806d4be8089",
                  "isHook": false,
                  "skipped": false
                },
                {
                  "title": "internal.mycorp.com:5000/revealjs",
                  "fullTitle": "@sebbo2002/semantic-release-docker getBaseImage internal.mycorp.com:5000/revealjs",
                  "timedOut": false,
                  "duration": 0,
                  "state": "passed",
                  "speed": "fast",
                  "pass": true,
                  "fail": false,
                  "pending": false,
                  "context": null,
                  "code": "assert.strictEqual(getBaseImage(\"internal.mycorp.com:5000/revealjs\"),\"internal.mycorp.com:5000/revealjs\")",
                  "err": {},
                  "uuid": "91dd0eb4-a8ed-4724-bbce-af30b3d93dfa",
                  "parentUUID": "cd3cb228-18c1-4869-8813-d806d4be8089",
                  "isHook": false,
                  "skipped": false
                },
                {
                  "title": "internal.mycorp.com:5000/revealjs:3.4.5-3-develop.5",
                  "fullTitle": "@sebbo2002/semantic-release-docker getBaseImage internal.mycorp.com:5000/revealjs:3.4.5-3-develop.5",
                  "timedOut": false,
                  "duration": 1,
                  "state": "passed",
                  "speed": "fast",
                  "pass": true,
                  "fail": false,
                  "pending": false,
                  "context": null,
                  "code": "assert.strictEqual(getBaseImage(\"internal.mycorp.com:5000/revealjs:3.4.5-3-develop.5\"),\"internal.mycorp.com:5000/revealjs\")",
                  "err": {},
                  "uuid": "0c81fab3-77dd-4594-9afe-be3d7f9b93e2",
                  "parentUUID": "cd3cb228-18c1-4869-8813-d806d4be8089",
                  "isHook": false,
                  "skipped": false
                }
              ],
              "suites": [],
              "passes": [
                "15d66b90-d49c-47d7-b453-3abbb5ddbcdc",
                "24d845cc-57a3-462f-a0d7-5981a6c3d0f4",
                "c69d8633-6ac1-4621-9bab-90a3239b0c7b",
                "c68e216d-3e5f-47f8-8ff9-e17a9ffd53e1",
                "69f83a8c-06a4-458c-9f51-1f3bef68c1d7",
                "ba5b2a2e-a1ea-45e2-9ce8-53c771b76664",
                "c72d05a0-d055-45f5-9ce6-d3c8bd530fe0",
                "91dd0eb4-a8ed-4724-bbce-af30b3d93dfa",
                "0c81fab3-77dd-4594-9afe-be3d7f9b93e2"
              ],
              "failures": [],
              "pending": [],
              "skipped": [],
              "duration": 1,
              "root": false,
              "rootEmpty": false,
              "_timeout": 2000
            },
            {
              "uuid": "59858a00-948f-474b-8b60-b5fa02c5be21",
              "title": "isPreRelease",
              "fullFile": "/home/runner/work/semantic-release-docker/semantic-release-docker/test/lib/index.ts",
              "file": "/test/lib/index.ts",
              "beforeHooks": [],
              "afterHooks": [],
              "tests": [
                {
                  "title": "with release",
                  "fullTitle": "@sebbo2002/semantic-release-docker isPreRelease with release",
                  "timedOut": false,
                  "duration": 0,
                  "state": "passed",
                  "speed": "fast",
                  "pass": true,
                  "fail": false,
                  "pending": false,
                  "context": null,
                  "code": "const result=isPreRelease({logger:{await:__name(()=>{},\"await\"),complete:__name(()=>{},\"complete\"),debug:__name(()=>{},\"debug\"),error:__name(()=>{},\"error\"),fatal:__name(()=>{},\"fatal\"),fav:__name(()=>{},\"fav\"),info:__name(()=>{},\"info\"),log:__name(()=>{},\"log\"),note:__name(()=>{},\"note\"),pause:__name(()=>{},\"pause\"),pending:__name(()=>{},\"pending\"),star:__name(()=>{},\"star\"),start:__name(()=>{},\"start\"),success:__name(()=>{},\"success\"),wait:__name(()=>{},\"wait\"),warn:__name(()=>{},\"warn\"),watch:__name(()=>{},\"watch\")},env:{},branch:{name:\"develop\"},nextRelease:{type:\"patch\",version:\"8.2.6\",channel:\"\",notes:\"\",gitHead:\"\",gitTag:\"\"}});assert.strictEqual(result,false)",
                  "err": {},
                  "uuid": "db568ef2-838f-4863-a513-b687f3ec7292",
                  "parentUUID": "59858a00-948f-474b-8b60-b5fa02c5be21",
                  "isHook": false,
                  "skipped": false
                },
                {
                  "title": "with pre-release",
                  "fullTitle": "@sebbo2002/semantic-release-docker isPreRelease with pre-release",
                  "timedOut": false,
                  "duration": 0,
                  "state": "passed",
                  "speed": "fast",
                  "pass": true,
                  "fail": false,
                  "pending": false,
                  "context": null,
                  "code": "const result=isPreRelease({logger:{await:__name(()=>{},\"await\"),complete:__name(()=>{},\"complete\"),debug:__name(()=>{},\"debug\"),error:__name(()=>{},\"error\"),fatal:__name(()=>{},\"fatal\"),fav:__name(()=>{},\"fav\"),info:__name(()=>{},\"info\"),log:__name(()=>{},\"log\"),note:__name(()=>{},\"note\"),pause:__name(()=>{},\"pause\"),pending:__name(()=>{},\"pending\"),star:__name(()=>{},\"star\"),start:__name(()=>{},\"start\"),success:__name(()=>{},\"success\"),wait:__name(()=>{},\"wait\"),warn:__name(()=>{},\"warn\"),watch:__name(()=>{},\"watch\")},env:{},branch:{name:\"develop\"},nextRelease:{type:\"prerelease\",version:\"8.2.6-develop.1\",notes:\"\",gitHead:\"\",gitTag:\"\",name:\"\"}});assert.strictEqual(result,true)",
                  "err": {},
                  "uuid": "4f8e5aa9-939a-40b0-907a-654da62f9256",
                  "parentUUID": "59858a00-948f-474b-8b60-b5fa02c5be21",
                  "isHook": false,
                  "skipped": false
                },
                {
                  "title": "without release",
                  "fullTitle": "@sebbo2002/semantic-release-docker isPreRelease without release",
                  "timedOut": false,
                  "duration": 0,
                  "state": "passed",
                  "speed": "fast",
                  "pass": true,
                  "fail": false,
                  "pending": false,
                  "context": null,
                  "code": "const result=isPreRelease({logger:{await:__name(()=>{},\"await\"),complete:__name(()=>{},\"complete\"),debug:__name(()=>{},\"debug\"),error:__name(()=>{},\"error\"),fatal:__name(()=>{},\"fatal\"),fav:__name(()=>{},\"fav\"),info:__name(()=>{},\"info\"),log:__name(()=>{},\"log\"),note:__name(()=>{},\"note\"),pause:__name(()=>{},\"pause\"),pending:__name(()=>{},\"pending\"),star:__name(()=>{},\"star\"),start:__name(()=>{},\"start\"),success:__name(()=>{},\"success\"),wait:__name(()=>{},\"wait\"),warn:__name(()=>{},\"warn\"),watch:__name(()=>{},\"watch\")},env:{},branch:{name:\"develop\"}});assert.strictEqual(result,false)",
                  "err": {},
                  "uuid": "c29aad60-8c9a-4f8e-9520-1c7d342f4dc0",
                  "parentUUID": "59858a00-948f-474b-8b60-b5fa02c5be21",
                  "isHook": false,
                  "skipped": false
                }
              ],
              "suites": [],
              "passes": [
                "db568ef2-838f-4863-a513-b687f3ec7292",
                "4f8e5aa9-939a-40b0-907a-654da62f9256",
                "c29aad60-8c9a-4f8e-9520-1c7d342f4dc0"
              ],
              "failures": [],
              "pending": [],
              "skipped": [],
              "duration": 0,
              "root": false,
              "rootEmpty": false,
              "_timeout": 2000
            },
            {
              "uuid": "a81b65f2-a16c-4776-ba80-c51e3c476349",
              "title": "getMajorAndMinorPart",
              "fullFile": "/home/runner/work/semantic-release-docker/semantic-release-docker/test/lib/index.ts",
              "file": "/test/lib/index.ts",
              "beforeHooks": [],
              "afterHooks": [],
              "tests": [
                {
                  "title": "undefined",
                  "fullTitle": "@sebbo2002/semantic-release-docker getMajorAndMinorPart undefined",
                  "timedOut": false,
                  "duration": 0,
                  "state": "passed",
                  "speed": "fast",
                  "pass": true,
                  "fail": false,
                  "pending": false,
                  "context": null,
                  "code": "assert.deepStrictEqual(getMajorAndMinorPart(void 0),{major:null,minor:null})",
                  "err": {},
                  "uuid": "f3215748-4406-4ac6-a832-7829448ea9e9",
                  "parentUUID": "a81b65f2-a16c-4776-ba80-c51e3c476349",
                  "isHook": false,
                  "skipped": false
                },
                {
                  "title": "4.6.1",
                  "fullTitle": "@sebbo2002/semantic-release-docker getMajorAndMinorPart 4.6.1",
                  "timedOut": false,
                  "duration": 0,
                  "state": "passed",
                  "speed": "fast",
                  "pass": true,
                  "fail": false,
                  "pending": false,
                  "context": null,
                  "code": "assert.deepStrictEqual(getMajorAndMinorPart(\"4.6.1\"),{major:\"4\",minor:\"6\"})",
                  "err": {},
                  "uuid": "a2f72c06-77ec-49b4-8f8b-a4128987426f",
                  "parentUUID": "a81b65f2-a16c-4776-ba80-c51e3c476349",
                  "isHook": false,
                  "skipped": false
                },
                {
                  "title": "4.6.1-develop.12",
                  "fullTitle": "@sebbo2002/semantic-release-docker getMajorAndMinorPart 4.6.1-develop.12",
                  "timedOut": false,
                  "duration": 0,
                  "state": "passed",
                  "speed": "fast",
                  "pass": true,
                  "fail": false,
                  "pending": false,
                  "context": null,
                  "code": "assert.deepStrictEqual(getMajorAndMinorPart(\"4.6.1-develop.12\"),{major:\"4\",minor:\"6\"})",
                  "err": {},
                  "uuid": "7a1d7d5a-76cb-41a4-89c7-52bd2e515861",
                  "parentUUID": "a81b65f2-a16c-4776-ba80-c51e3c476349",
                  "isHook": false,
                  "skipped": false
                }
              ],
              "suites": [],
              "passes": [
                "f3215748-4406-4ac6-a832-7829448ea9e9",
                "a2f72c06-77ec-49b4-8f8b-a4128987426f",
                "7a1d7d5a-76cb-41a4-89c7-52bd2e515861"
              ],
              "failures": [],
              "pending": [],
              "skipped": [],
              "duration": 0,
              "root": false,
              "rootEmpty": false,
              "_timeout": 2000
            },
            {
              "uuid": "f0ce96ab-bb4f-41b2-8c82-58e7ca14cae6",
              "title": "getTagTasks",
              "fullFile": "/home/runner/work/semantic-release-docker/semantic-release-docker/test/lib/index.ts",
              "file": "/test/lib/index.ts",
              "beforeHooks": [],
              "afterHooks": [],
              "tests": [
                {
                  "title": "should quietly abort if no release should be triggered",
                  "fullTitle": "@sebbo2002/semantic-release-docker getTagTasks should quietly abort if no release should be triggered",
                  "timedOut": false,
                  "duration": 0,
                  "state": "passed",
                  "speed": "fast",
                  "pass": true,
                  "fail": false,
                  "pending": false,
                  "context": null,
                  "code": "getTagTasks({images:[\"ubuntu\"],tag:{latest:true,major:true,minor:true,version:true,channel:true}},{logger:{await:__name(()=>{},\"await\"),complete:__name(()=>{},\"complete\"),debug:__name(()=>{},\"debug\"),error:__name(()=>{},\"error\"),fatal:__name(()=>{},\"fatal\"),fav:__name(()=>{},\"fav\"),info:__name(()=>{},\"info\"),log:__name(()=>{},\"log\"),note:__name(()=>{},\"note\"),pause:__name(()=>{},\"pause\"),pending:__name(()=>{},\"pending\"),star:__name(()=>{},\"star\"),start:__name(()=>{},\"start\"),success:__name(()=>{},\"success\"),wait:__name(()=>{},\"wait\"),warn:__name(()=>{},\"warn\"),watch:__name(()=>{},\"watch\")},env:{},branch:{name:\"develop\"}})",
                  "err": {},
                  "uuid": "8fe4dbf8-b9e5-4dc0-bf1e-10706a3997aa",
                  "parentUUID": "f0ce96ab-bb4f-41b2-8c82-58e7ca14cae6",
                  "isHook": false,
                  "skipped": false
                },
                {
                  "title": "patch release",
                  "fullTitle": "@sebbo2002/semantic-release-docker getTagTasks patch release",
                  "timedOut": false,
                  "duration": 0,
                  "state": "passed",
                  "speed": "fast",
                  "pass": true,
                  "fail": false,
                  "pending": false,
                  "context": null,
                  "code": "const result=getTagTasks({images:[\"alpine@sha256:aaaaf56b44807c64d294e6c8059b479f35350b454492398225034174808d1726\",\"sebbo2002/test:1234567\"],tag:{latest:true,major:true,minor:true,version:true,channel:true}},{logger:{await:__name(()=>{},\"await\"),complete:__name(()=>{},\"complete\"),debug:__name(()=>{},\"debug\"),error:__name(()=>{},\"error\"),fatal:__name(()=>{},\"fatal\"),fav:__name(()=>{},\"fav\"),info:__name(()=>{},\"info\"),log:__name(()=>{},\"log\"),note:__name(()=>{},\"note\"),pause:__name(()=>{},\"pause\"),pending:__name(()=>{},\"pending\"),star:__name(()=>{},\"star\"),start:__name(()=>{},\"start\"),success:__name(()=>{},\"success\"),wait:__name(()=>{},\"wait\"),warn:__name(()=>{},\"warn\"),watch:__name(()=>{},\"watch\")},env:{},branch:{name:\"develop\"},nextRelease:{type:\"patch\",version:\"8.2.6\",notes:\"\",gitHead:\"\",gitTag:\"\",name:\"\"}});assert.deepStrictEqual(result,[{input:\"alpine@sha256:aaaaf56b44807c64d294e6c8059b479f35350b454492398225034174808d1726\",output:\"alpine:8.2.6\"},{input:\"alpine@sha256:aaaaf56b44807c64d294e6c8059b479f35350b454492398225034174808d1726\",output:\"alpine:latest\"},{input:\"alpine@sha256:aaaaf56b44807c64d294e6c8059b479f35350b454492398225034174808d1726\",output:\"alpine:8\"},{input:\"alpine@sha256:aaaaf56b44807c64d294e6c8059b479f35350b454492398225034174808d1726\",output:\"alpine:8.2\"},{input:\"sebbo2002/test:1234567\",output:\"sebbo2002/test:8.2.6\"},{input:\"sebbo2002/test:1234567\",output:\"sebbo2002/test:latest\"},{input:\"sebbo2002/test:1234567\",output:\"sebbo2002/test:8\"},{input:\"sebbo2002/test:1234567\",output:\"sebbo2002/test:8.2\"}])",
                  "err": {},
                  "uuid": "dfe03efb-aeb1-4a2e-a5b3-109c777b35a1",
                  "parentUUID": "f0ce96ab-bb4f-41b2-8c82-58e7ca14cae6",
                  "isHook": false,
                  "skipped": false
                },
                {
                  "title": "pre release",
                  "fullTitle": "@sebbo2002/semantic-release-docker getTagTasks pre release",
                  "timedOut": false,
                  "duration": 0,
                  "state": "passed",
                  "speed": "fast",
                  "pass": true,
                  "fail": false,
                  "pending": false,
                  "context": null,
                  "code": "const result=getTagTasks({images:[\"alpine@sha256:aaaaf56b44807c64d294e6c8059b479f35350b454492398225034174808d1726\",\"sebbo2002/test:1234567\"],tag:{latest:true,major:true,minor:true,version:true,channel:true}},{logger:{await:__name(()=>{},\"await\"),complete:__name(()=>{},\"complete\"),debug:__name(()=>{},\"debug\"),error:__name(()=>{},\"error\"),fatal:__name(()=>{},\"fatal\"),fav:__name(()=>{},\"fav\"),info:__name(()=>{},\"info\"),log:__name(()=>{},\"log\"),note:__name(()=>{},\"note\"),pause:__name(()=>{},\"pause\"),pending:__name(()=>{},\"pending\"),star:__name(()=>{},\"star\"),start:__name(()=>{},\"start\"),success:__name(()=>{},\"success\"),wait:__name(()=>{},\"wait\"),warn:__name(()=>{},\"warn\"),watch:__name(()=>{},\"watch\")},env:{},branch:{name:\"develop\"},nextRelease:{type:\"prerelease\",version:\"8.2.6-develop.3\",notes:\"\",name:\"\",gitHead:\"\",gitTag:\"\",channel:\"next\"}});assert.deepStrictEqual(result,[{input:\"alpine@sha256:aaaaf56b44807c64d294e6c8059b479f35350b454492398225034174808d1726\",output:\"alpine:8.2.6-develop.3\"},{input:\"alpine@sha256:aaaaf56b44807c64d294e6c8059b479f35350b454492398225034174808d1726\",output:\"alpine:next\"},{input:\"sebbo2002/test:1234567\",output:\"sebbo2002/test:8.2.6-develop.3\"},{input:\"sebbo2002/test:1234567\",output:\"sebbo2002/test:next\"}])",
                  "err": {},
                  "uuid": "b37fccdc-de78-4b7a-925f-a3a604730d66",
                  "parentUUID": "f0ce96ab-bb4f-41b2-8c82-58e7ca14cae6",
                  "isHook": false,
                  "skipped": false
                }
              ],
              "suites": [],
              "passes": [
                "8fe4dbf8-b9e5-4dc0-bf1e-10706a3997aa",
                "dfe03efb-aeb1-4a2e-a5b3-109c777b35a1",
                "b37fccdc-de78-4b7a-925f-a3a604730d66"
              ],
              "failures": [],
              "pending": [],
              "skipped": [],
              "duration": 0,
              "root": false,
              "rootEmpty": false,
              "_timeout": 2000
            },
            {
              "uuid": "91679ac3-cd1e-4180-9498-34acb8ccd9d9",
              "title": "getUrlFromImage",
              "fullFile": "/home/runner/work/semantic-release-docker/semantic-release-docker/test/lib/index.ts",
              "file": "/test/lib/index.ts",
              "beforeHooks": [],
              "afterHooks": [],
              "tests": [
                {
                  "title": "alpine",
                  "fullTitle": "@sebbo2002/semantic-release-docker getUrlFromImage alpine",
                  "timedOut": false,
                  "duration": 0,
                  "state": "passed",
                  "speed": "fast",
                  "pass": true,
                  "fail": false,
                  "pending": false,
                  "context": null,
                  "code": "assert.strictEqual(getUrlFromImage(\"alpine\"),\"https://hub.docker.com/_/alpine/tags\")",
                  "err": {},
                  "uuid": "758dbd80-bcf1-481e-b4f2-e05061caf45f",
                  "parentUUID": "91679ac3-cd1e-4180-9498-34acb8ccd9d9",
                  "isHook": false,
                  "skipped": false
                },
                {
                  "title": "ubuntu:14",
                  "fullTitle": "@sebbo2002/semantic-release-docker getUrlFromImage ubuntu:14",
                  "timedOut": false,
                  "duration": 0,
                  "state": "passed",
                  "speed": "fast",
                  "pass": true,
                  "fail": false,
                  "pending": false,
                  "context": null,
                  "code": "assert.strictEqual(getUrlFromImage(\"ubuntu:14\"),\"https://hub.docker.com/_/ubuntu/tags\")",
                  "err": {},
                  "uuid": "138d7529-cb0c-4545-aaed-b2c423183c0d",
                  "parentUUID": "91679ac3-cd1e-4180-9498-34acb8ccd9d9",
                  "isHook": false,
                  "skipped": false
                },
                {
                  "title": "sebbo2002/gitlab-badges:14.04",
                  "fullTitle": "@sebbo2002/semantic-release-docker getUrlFromImage sebbo2002/gitlab-badges:14.04",
                  "timedOut": false,
                  "duration": 0,
                  "state": "passed",
                  "speed": "fast",
                  "pass": true,
                  "fail": false,
                  "pending": false,
                  "context": null,
                  "code": "assert.strictEqual(getUrlFromImage(\"sebbo2002/gitlab-badges:14.04\"),\"https://hub.docker.com/r/sebbo2002/gitlab-badges/tags\")",
                  "err": {},
                  "uuid": "3bc26907-69f8-4bc1-9ec1-4bb00f34cdc7",
                  "parentUUID": "91679ac3-cd1e-4180-9498-34acb8ccd9d9",
                  "isHook": false,
                  "skipped": false
                },
                {
                  "title": "ubuntu@14",
                  "fullTitle": "@sebbo2002/semantic-release-docker getUrlFromImage ubuntu@14",
                  "timedOut": false,
                  "duration": 0,
                  "state": "passed",
                  "speed": "fast",
                  "pass": true,
                  "fail": false,
                  "pending": false,
                  "context": null,
                  "code": "assert.strictEqual(getUrlFromImage(\"ubuntu@14\"),\"https://hub.docker.com/_/ubuntu/tags\")",
                  "err": {},
                  "uuid": "bd7a5754-f4d0-4091-8d3a-8eef6875dcb7",
                  "parentUUID": "91679ac3-cd1e-4180-9498-34acb8ccd9d9",
                  "isHook": false,
                  "skipped": false
                },
                {
                  "title": "sebbo2002/gitlab-badges@14.04",
                  "fullTitle": "@sebbo2002/semantic-release-docker getUrlFromImage sebbo2002/gitlab-badges@14.04",
                  "timedOut": false,
                  "duration": 0,
                  "state": "passed",
                  "speed": "fast",
                  "pass": true,
                  "fail": false,
                  "pending": false,
                  "context": null,
                  "code": "assert.strictEqual(getUrlFromImage(\"sebbo2002/gitlab-badges@14.04\"),\"https://hub.docker.com/r/sebbo2002/gitlab-badges/tags\")",
                  "err": {},
                  "uuid": "e3799b0a-8c18-4509-b4c3-71f0628d6383",
                  "parentUUID": "91679ac3-cd1e-4180-9498-34acb8ccd9d9",
                  "isHook": false,
                  "skipped": false
                },
                {
                  "title": "alpine@sha256:aaaaf56b44807c64d294e6c8059b479f35350b454492398225034174808d1726",
                  "fullTitle": "@sebbo2002/semantic-release-docker getUrlFromImage alpine@sha256:aaaaf56b44807c64d294e6c8059b479f35350b454492398225034174808d1726",
                  "timedOut": false,
                  "duration": 0,
                  "state": "passed",
                  "speed": "fast",
                  "pass": true,
                  "fail": false,
                  "pending": false,
                  "context": null,
                  "code": "assert.strictEqual(getUrlFromImage(\"alpine@sha256:aaaaf56b44807c64d294e6c8059b479f35350b454492398225034174808d1726\"),\"https://hub.docker.com/_/alpine/tags\")",
                  "err": {},
                  "uuid": "5f48bf14-d879-483f-a252-88f85b8def54",
                  "parentUUID": "91679ac3-cd1e-4180-9498-34acb8ccd9d9",
                  "isHook": false,
                  "skipped": false
                },
                {
                  "title": "ghcr.io/sebbo2002/ble2mqtt:ecf33e870c318e4f8a17555aeac14ab1dfaaaddd",
                  "fullTitle": "@sebbo2002/semantic-release-docker getUrlFromImage ghcr.io/sebbo2002/ble2mqtt:ecf33e870c318e4f8a17555aeac14ab1dfaaaddd",
                  "timedOut": false,
                  "duration": 0,
                  "state": "passed",
                  "speed": "fast",
                  "pass": true,
                  "fail": false,
                  "pending": false,
                  "context": null,
                  "code": "assert.strictEqual(getUrlFromImage(\"ghcr.io/sebbo2002/ble2mqtt:ecf33e870c318e4f8a17555aeac14ab1dfaaaddd\"),\"https://github.com/sebbo2002/ble2mqtt/pkgs/container/ble2mqtt\")",
                  "err": {},
                  "uuid": "5c0e8141-b4bb-4d52-a831-4cae3b29867e",
                  "parentUUID": "91679ac3-cd1e-4180-9498-34acb8ccd9d9",
                  "isHook": false,
                  "skipped": false
                },
                {
                  "title": "ghcr.io/sebbo2002/ble2mqtt@sha256:175c648b777d70f829196d67019ded98d74cf28f3fef08b00998b10485705e68",
                  "fullTitle": "@sebbo2002/semantic-release-docker getUrlFromImage ghcr.io/sebbo2002/ble2mqtt@sha256:175c648b777d70f829196d67019ded98d74cf28f3fef08b00998b10485705e68",
                  "timedOut": false,
                  "duration": 0,
                  "state": "passed",
                  "speed": "fast",
                  "pass": true,
                  "fail": false,
                  "pending": false,
                  "context": null,
                  "code": "assert.strictEqual(getUrlFromImage(\"ghcr.io/sebbo2002/ble2mqtt@sha256:175c648b777d70f829196d67019ded98d74cf28f3fef08b00998b10485705e68\"),\"https://github.com/sebbo2002/ble2mqtt/pkgs/container/ble2mqtt\")",
                  "err": {},
                  "uuid": "1516785a-eec3-4832-983f-5e47f1ed8eff",
                  "parentUUID": "91679ac3-cd1e-4180-9498-34acb8ccd9d9",
                  "isHook": false,
                  "skipped": false
                },
                {
                  "title": "registry.gitlab.com/gitlab-org/gitlab-runner/ci:1.10.8-1",
                  "fullTitle": "@sebbo2002/semantic-release-docker getUrlFromImage registry.gitlab.com/gitlab-org/gitlab-runner/ci:1.10.8-1",
                  "timedOut": false,
                  "duration": 0,
                  "state": "passed",
                  "speed": "fast",
                  "pass": true,
                  "fail": false,
                  "pending": false,
                  "context": null,
                  "code": "assert.strictEqual(getUrlFromImage(\"registry.gitlab.com/gitlab-org/gitlab-runner/ci:1.10.8-1\"),\"https://gitlab.com/gitlab-org/gitlab-runner/container_registry\")",
                  "err": {},
                  "uuid": "3b34bedd-5357-4b0f-99f2-926913aadc0b",
                  "parentUUID": "91679ac3-cd1e-4180-9498-34acb8ccd9d9",
                  "isHook": false,
                  "skipped": false
                },
                {
                  "title": "registry.gitlab.com/gitlab-org/gitlab-runner/ci@sha256:5abfd2a06fbc535581350290e5067cf49f908199b60e850015066f38c549622e",
                  "fullTitle": "@sebbo2002/semantic-release-docker getUrlFromImage registry.gitlab.com/gitlab-org/gitlab-runner/ci@sha256:5abfd2a06fbc535581350290e5067cf49f908199b60e850015066f38c549622e",
                  "timedOut": false,
                  "duration": 0,
                  "state": "passed",
                  "speed": "fast",
                  "pass": true,
                  "fail": false,
                  "pending": false,
                  "context": null,
                  "code": "assert.strictEqual(getUrlFromImage(\"registry.gitlab.com/gitlab-org/gitlab-runner/ci@sha256:5abfd2a06fbc535581350290e5067cf49f908199b60e850015066f38c549622e\"),\"https://gitlab.com/gitlab-org/gitlab-runner/container_registry\")",
                  "err": {},
                  "uuid": "04c8de91-2f5f-40da-b255-c942afc4402a",
                  "parentUUID": "91679ac3-cd1e-4180-9498-34acb8ccd9d9",
                  "isHook": false,
                  "skipped": false
                },
                {
                  "title": "containers.topsecret.evil.corp/server:2",
                  "fullTitle": "@sebbo2002/semantic-release-docker getUrlFromImage containers.topsecret.evil.corp/server:2",
                  "timedOut": false,
                  "duration": 0,
                  "state": "passed",
                  "speed": "fast",
                  "pass": true,
                  "fail": false,
                  "pending": false,
                  "context": null,
                  "code": "assert.strictEqual(getUrlFromImage(\"containers.topsecret.evil.corp/server:2\"),void 0)",
                  "err": {},
                  "uuid": "1bb624eb-3f11-4d2a-a251-85f74b6bca6e",
                  "parentUUID": "91679ac3-cd1e-4180-9498-34acb8ccd9d9",
                  "isHook": false,
                  "skipped": false
                }
              ],
              "suites": [],
              "passes": [
                "758dbd80-bcf1-481e-b4f2-e05061caf45f",
                "138d7529-cb0c-4545-aaed-b2c423183c0d",
                "3bc26907-69f8-4bc1-9ec1-4bb00f34cdc7",
                "bd7a5754-f4d0-4091-8d3a-8eef6875dcb7",
                "e3799b0a-8c18-4509-b4c3-71f0628d6383",
                "5f48bf14-d879-483f-a252-88f85b8def54",
                "5c0e8141-b4bb-4d52-a831-4cae3b29867e",
                "1516785a-eec3-4832-983f-5e47f1ed8eff",
                "3b34bedd-5357-4b0f-99f2-926913aadc0b",
                "04c8de91-2f5f-40da-b255-c942afc4402a",
                "1bb624eb-3f11-4d2a-a251-85f74b6bca6e"
              ],
              "failures": [],
              "pending": [],
              "skipped": [],
              "duration": 0,
              "root": false,
              "rootEmpty": false,
              "_timeout": 2000
            },
            {
              "uuid": "4d6612d2-7438-4006-86c3-ee03b41d3b5b",
              "title": "exec",
              "fullFile": "/home/runner/work/semantic-release-docker/semantic-release-docker/test/lib/index.ts",
              "file": "/test/lib/index.ts",
              "beforeHooks": [],
              "afterHooks": [],
              "tests": [
                {
                  "title": "should run commands",
                  "fullTitle": "@sebbo2002/semantic-release-docker exec should run commands",
                  "timedOut": false,
                  "duration": 15,
                  "state": "passed",
                  "speed": "fast",
                  "pass": true,
                  "fail": false,
                  "pending": false,
                  "context": null,
                  "code": "assert.strictEqual(await exec(\"echo\",[\"hello\"]),void 0)",
                  "err": {},
                  "uuid": "d370385e-6545-4e34-be19-897e548d5115",
                  "parentUUID": "4d6612d2-7438-4006-86c3-ee03b41d3b5b",
                  "isHook": false,
                  "skipped": false
                },
                {
                  "title": "should fail on exit code > 0",
                  "fullTitle": "@sebbo2002/semantic-release-docker exec should fail on exit code > 0",
                  "timedOut": false,
                  "duration": 5,
                  "state": "passed",
                  "speed": "fast",
                  "pass": true,
                  "fail": false,
                  "pending": false,
                  "context": null,
                  "code": "assert.rejects(async()=>{assert.strictEqual(await exec(\"exit\",[\"1\"]),void 0)},/Unable to run \"exit 1\": Command failed with ENOENT: exit 1/)",
                  "err": {},
                  "uuid": "ad4f7964-0da4-4567-a5dc-fcd2ddeca67b",
                  "parentUUID": "4d6612d2-7438-4006-86c3-ee03b41d3b5b",
                  "isHook": false,
                  "skipped": false
                }
              ],
              "suites": [],
              "passes": [
                "d370385e-6545-4e34-be19-897e548d5115",
                "ad4f7964-0da4-4567-a5dc-fcd2ddeca67b"
              ],
              "failures": [],
              "pending": [],
              "skipped": [],
              "duration": 20,
              "root": false,
              "rootEmpty": false,
              "_timeout": 2000
            },
            {
              "uuid": "fc4a396e-669a-49d8-bd6b-bae7aab07e43",
              "title": "isRegCtlAvailable",
              "fullFile": "/home/runner/work/semantic-release-docker/semantic-release-docker/test/lib/index.ts",
              "file": "/test/lib/index.ts",
              "beforeHooks": [],
              "afterHooks": [],
              "tests": [
                {
                  "title": "should run command without failing (result unknown)",
                  "fullTitle": "@sebbo2002/semantic-release-docker isRegCtlAvailable should run command without failing (result unknown)",
                  "timedOut": false,
                  "duration": 7,
                  "state": "passed",
                  "speed": "fast",
                  "pass": true,
                  "fail": false,
                  "pending": false,
                  "context": null,
                  "code": "const result=await isRegCtlAvailable();assert.ok(typeof result,\"boolean\");assert.strictEqual(await isRegCtlAvailable(),result)",
                  "err": {},
                  "uuid": "c5ee19a2-31ea-4e5b-b91c-c05797b50476",
                  "parentUUID": "fc4a396e-669a-49d8-bd6b-bae7aab07e43",
                  "isHook": false,
                  "skipped": false
                }
              ],
              "suites": [],
              "passes": [
                "c5ee19a2-31ea-4e5b-b91c-c05797b50476"
              ],
              "failures": [],
              "pending": [],
              "skipped": [],
              "duration": 7,
              "root": false,
              "rootEmpty": false,
              "_timeout": 2000
            },
            {
              "uuid": "752443b4-0766-45ff-ba8d-d32e9e46ddce",
              "title": "tagImage",
              "fullFile": "/home/runner/work/semantic-release-docker/semantic-release-docker/test/lib/index.ts",
              "file": "/test/lib/index.ts",
              "beforeHooks": [],
              "afterHooks": [],
              "tests": [
                {
                  "title": "tag ubuntu",
                  "fullTitle": "@sebbo2002/semantic-release-docker tagImage tag ubuntu",
                  "timedOut": false,
                  "duration": 25,
                  "state": "passed",
                  "speed": "fast",
                  "pass": true,
                  "fail": false,
                  "pending": false,
                  "context": null,
                  "code": "await tagImage(\"alpine\",\"alpine:tagging-test\")",
                  "err": {},
                  "uuid": "7088c019-8ee0-4549-bb54-710cbaaed089",
                  "parentUUID": "752443b4-0766-45ff-ba8d-d32e9e46ddce",
                  "isHook": false,
                  "skipped": false
                }
              ],
              "suites": [],
              "passes": [
                "7088c019-8ee0-4549-bb54-710cbaaed089"
              ],
              "failures": [],
              "pending": [],
              "skipped": [],
              "duration": 25,
              "root": false,
              "rootEmpty": false,
              "_timeout": 2000
            },
            {
              "uuid": "d456d238-30b7-4533-807a-a511a57ac56d",
              "title": "publish",
              "fullFile": "/home/runner/work/semantic-release-docker/semantic-release-docker/test/lib/index.ts",
              "file": "/test/lib/index.ts",
              "beforeHooks": [],
              "afterHooks": [],
              "tests": [
                {
                  "title": "should return false if no release is scheduled",
                  "fullTitle": "@sebbo2002/semantic-release-docker publish should return false if no release is scheduled",
                  "timedOut": false,
                  "duration": 0,
                  "state": "passed",
                  "speed": "fast",
                  "pass": true,
                  "fail": false,
                  "pending": false,
                  "context": null,
                  "code": "const result=await publish({images:[]},{logger:{await:__name(()=>{},\"await\"),complete:__name(()=>{},\"complete\"),debug:__name(()=>{},\"debug\"),error:__name(()=>{},\"error\"),fatal:__name(()=>{},\"fatal\"),fav:__name(()=>{},\"fav\"),info:__name(()=>{},\"info\"),log:__name(()=>{},\"log\"),note:__name(()=>{},\"note\"),pause:__name(()=>{},\"pause\"),pending:__name(()=>{},\"pending\"),star:__name(()=>{},\"star\"),start:__name(()=>{},\"start\"),success:__name(()=>{},\"success\"),wait:__name(()=>{},\"wait\"),warn:__name(()=>{},\"warn\"),watch:__name(()=>{},\"watch\")},env:{},branch:{name:\"develop\"}});assert.strictEqual(result,false)",
                  "err": {},
                  "uuid": "f5a25385-d409-4f1c-b193-83ddd817d913",
                  "parentUUID": "d456d238-30b7-4533-807a-a511a57ac56d",
                  "isHook": false,
                  "skipped": false
                },
                {
                  "title": "should return false if there's nothing to do",
                  "fullTitle": "@sebbo2002/semantic-release-docker publish should return false if there's nothing to do",
                  "timedOut": false,
                  "duration": 0,
                  "state": "passed",
                  "speed": "fast",
                  "pass": true,
                  "fail": false,
                  "pending": false,
                  "context": null,
                  "code": "const result=await publish({images:\"foo/bar:1234\",tag:{latest:false,major:false,minor:false,version:false,channel:false}},{logger:{await:__name(()=>{},\"await\"),complete:__name(()=>{},\"complete\"),debug:__name(()=>{},\"debug\"),error:__name(()=>{},\"error\"),fatal:__name(()=>{},\"fatal\"),fav:__name(()=>{},\"fav\"),info:__name(()=>{},\"info\"),log:__name(()=>{},\"log\"),note:__name(()=>{},\"note\"),pause:__name(()=>{},\"pause\"),pending:__name(()=>{},\"pending\"),star:__name(()=>{},\"star\"),start:__name(()=>{},\"start\"),success:__name(()=>{},\"success\"),wait:__name(()=>{},\"wait\"),warn:__name(()=>{},\"warn\"),watch:__name(()=>{},\"watch\")},env:{},branch:{name:\"develop\"},nextRelease:{type:\"patch\",version:\"8.2.7\",notes:\"\",gitHead:\"\",gitTag:\"\",name:\"\"}});assert.strictEqual(result,false)",
                  "err": {},
                  "uuid": "67d40c0c-a083-4a16-8906-3f90ce57aa0d",
                  "parentUUID": "d456d238-30b7-4533-807a-a511a57ac56d",
                  "isHook": false,
                  "skipped": false
                }
              ],
              "suites": [],
              "passes": [
                "f5a25385-d409-4f1c-b193-83ddd817d913",
                "67d40c0c-a083-4a16-8906-3f90ce57aa0d"
              ],
              "failures": [],
              "pending": [],
              "skipped": [],
              "duration": 0,
              "root": false,
              "rootEmpty": false,
              "_timeout": 2000
            }
          ],
          "passes": [],
          "failures": [],
          "pending": [],
          "skipped": [],
          "duration": 0,
          "root": false,
          "rootEmpty": false,
          "_timeout": 2000
        }
      ],
      "passes": [],
      "failures": [],
      "pending": [],
      "skipped": [],
      "duration": 0,
      "root": true,
      "rootEmpty": true,
      "_timeout": 2000
    }
  ],
  "meta": {
    "mocha": {
      "version": "11.0.1"
    },
    "mochawesome": {
      "options": {
        "quiet": false,
        "reportFilename": "mochawesome",
        "saveHtml": true,
        "saveJson": true,
        "consoleReporter": "spec",
        "useInlineDiffs": false,
        "code": true
      },
      "version": "7.1.3"
    },
    "marge": {
      "options": null,
      "version": "6.2.0"
    }
  }
}