{
  "stats": {
    "suites": 11,
    "tests": 39,
    "passes": 39,
    "pending": 0,
    "failures": 0,
    "start": "2023-03-31T16:32:25.271Z",
    "end": "2023-03-31T16:32:25.421Z",
    "duration": 150,
    "testsRegistered": 39,
    "passPercent": 100,
    "pendingPercent": 0,
    "other": 0,
    "hasOther": false,
    "skipped": 0,
    "hasSkipped": false
  },
  "results": [
    {
      "uuid": "ed314518-ce5c-4052-a4d0-40c62577272e",
      "title": "",
      "fullFile": "/home/runner/work/semantic-release-docker/semantic-release-docker/test/lib/index.ts",
      "file": "/test/lib/index.ts",
      "beforeHooks": [],
      "afterHooks": [],
      "tests": [],
      "suites": [
        {
          "uuid": "589f5306-f4f2-431b-af8e-9e95144a5681",
          "title": "@sebbo2002/semantic-release-docker",
          "fullFile": "/home/runner/work/semantic-release-docker/semantic-release-docker/test/lib/index.ts",
          "file": "/test/lib/index.ts",
          "beforeHooks": [],
          "afterHooks": [],
          "tests": [],
          "suites": [
            {
              "uuid": "4df7b968-af0a-4498-95ab-53d6c31b156f",
              "title": "parseConfig",
              "fullFile": "/home/runner/work/semantic-release-docker/semantic-release-docker/test/lib/index.ts",
              "file": "/test/lib/index.ts",
              "beforeHooks": [],
              "afterHooks": [],
              "tests": [
                {
                  "title": "should work without any tags",
                  "fullTitle": "@sebbo2002/semantic-release-docker parseConfig should work without any tags",
                  "timedOut": false,
                  "duration": 1,
                  "state": "passed",
                  "speed": "fast",
                  "pass": true,
                  "fail": false,
                  "pending": false,
                  "context": null,
                  "code": "const result = parseConfig({\n    images: ['ubuntu']\n});\nassert.deepStrictEqual(result, {\n    images: ['ubuntu'],\n    tag: {\n        latest: true,\n        major: true,\n        minor: true,\n        version: true,\n        channel: true\n    }\n});",
                  "err": {},
                  "uuid": "536d3cc0-2c19-4e6a-8a59-bb7ca52b2c72",
                  "parentUUID": "4df7b968-af0a-4498-95ab-53d6c31b156f",
                  "isHook": false,
                  "skipped": false
                },
                {
                  "title": "should work with images string",
                  "fullTitle": "@sebbo2002/semantic-release-docker parseConfig should work with images string",
                  "timedOut": false,
                  "duration": 0,
                  "state": "passed",
                  "speed": "fast",
                  "pass": true,
                  "fail": false,
                  "pending": false,
                  "context": null,
                  "code": "const result = parseConfig({\n    images: 'ubuntu'\n});\nassert.deepStrictEqual(result, {\n    images: ['ubuntu'],\n    tag: {\n        latest: true,\n        major: true,\n        minor: true,\n        version: true,\n        channel: true\n    }\n});",
                  "err": {},
                  "uuid": "7c9bf118-ee80-4dcd-8379-c7cab88df973",
                  "parentUUID": "4df7b968-af0a-4498-95ab-53d6c31b156f",
                  "isHook": false,
                  "skipped": false
                },
                {
                  "title": "should merge tags",
                  "fullTitle": "@sebbo2002/semantic-release-docker parseConfig should merge tags",
                  "timedOut": false,
                  "duration": 0,
                  "state": "passed",
                  "speed": "fast",
                  "pass": true,
                  "fail": false,
                  "pending": false,
                  "context": null,
                  "code": "const result = parseConfig({\n    images: ['ubuntu'],\n    tag: {\n        minor: false\n    }\n});\nassert.deepStrictEqual(result, {\n    images: ['ubuntu'],\n    tag: {\n        latest: true,\n        major: true,\n        minor: false,\n        version: true,\n        channel: true\n    }\n});",
                  "err": {},
                  "uuid": "377f5edf-cb96-4373-9370-4afe0513481b",
                  "parentUUID": "4df7b968-af0a-4498-95ab-53d6c31b156f",
                  "isHook": false,
                  "skipped": false
                },
                {
                  "title": "should throw error without image defined",
                  "fullTitle": "@sebbo2002/semantic-release-docker parseConfig should throw error without image defined",
                  "timedOut": false,
                  "duration": 0,
                  "state": "passed",
                  "speed": "fast",
                  "pass": true,
                  "fail": false,
                  "pending": false,
                  "context": null,
                  "code": "assert.throws(() => {\n    // @ts-ignore\n    parseConfig({});\n}, /Configuration invalid: No image defined!/);",
                  "err": {},
                  "uuid": "f85437e3-2347-4514-b7a1-aa78f263a0be",
                  "parentUUID": "4df7b968-af0a-4498-95ab-53d6c31b156f",
                  "isHook": false,
                  "skipped": false
                }
              ],
              "suites": [],
              "passes": [
                "536d3cc0-2c19-4e6a-8a59-bb7ca52b2c72",
                "7c9bf118-ee80-4dcd-8379-c7cab88df973",
                "377f5edf-cb96-4373-9370-4afe0513481b",
                "f85437e3-2347-4514-b7a1-aa78f263a0be"
              ],
              "failures": [],
              "pending": [],
              "skipped": [],
              "duration": 1,
              "root": false,
              "rootEmpty": false,
              "_timeout": 2000
            },
            {
              "uuid": "425364f4-c8e4-42ca-904a-a9311ee24ccf",
              "title": "getBaseImage",
              "fullFile": "/home/runner/work/semantic-release-docker/semantic-release-docker/test/lib/index.ts",
              "file": "/test/lib/index.ts",
              "beforeHooks": [],
              "afterHooks": [],
              "tests": [
                {
                  "title": "alpine",
                  "fullTitle": "@sebbo2002/semantic-release-docker getBaseImage alpine",
                  "timedOut": false,
                  "duration": 0,
                  "state": "passed",
                  "speed": "fast",
                  "pass": true,
                  "fail": false,
                  "pending": false,
                  "context": null,
                  "code": "assert.strictEqual(getBaseImage('alpine'), 'alpine');",
                  "err": {},
                  "uuid": "82c5feb8-9736-4bc7-be69-644995ed8bf2",
                  "parentUUID": "425364f4-c8e4-42ca-904a-a9311ee24ccf",
                  "isHook": false,
                  "skipped": false
                },
                {
                  "title": "ubuntu:14",
                  "fullTitle": "@sebbo2002/semantic-release-docker getBaseImage ubuntu:14",
                  "timedOut": false,
                  "duration": 0,
                  "state": "passed",
                  "speed": "fast",
                  "pass": true,
                  "fail": false,
                  "pending": false,
                  "context": null,
                  "code": "assert.strictEqual(getBaseImage('ubuntu:14'), 'ubuntu');",
                  "err": {},
                  "uuid": "8989b374-3d1f-4828-aa83-1d82b99515e9",
                  "parentUUID": "425364f4-c8e4-42ca-904a-a9311ee24ccf",
                  "isHook": false,
                  "skipped": false
                },
                {
                  "title": "sebbo2002/test:14.04",
                  "fullTitle": "@sebbo2002/semantic-release-docker getBaseImage sebbo2002/test:14.04",
                  "timedOut": false,
                  "duration": 0,
                  "state": "passed",
                  "speed": "fast",
                  "pass": true,
                  "fail": false,
                  "pending": false,
                  "context": null,
                  "code": "assert.strictEqual(getBaseImage('sebbo2002/test:14.04'), 'sebbo2002/test');",
                  "err": {},
                  "uuid": "f7b758b1-6a1f-42a8-9276-34fc142256d6",
                  "parentUUID": "425364f4-c8e4-42ca-904a-a9311ee24ccf",
                  "isHook": false,
                  "skipped": false
                },
                {
                  "title": "ubuntu@14",
                  "fullTitle": "@sebbo2002/semantic-release-docker getBaseImage ubuntu@14",
                  "timedOut": false,
                  "duration": 0,
                  "state": "passed",
                  "speed": "fast",
                  "pass": true,
                  "fail": false,
                  "pending": false,
                  "context": null,
                  "code": "assert.strictEqual(getBaseImage('ubuntu@14'), 'ubuntu');",
                  "err": {},
                  "uuid": "e882334b-6d83-4378-88f1-b8847b7a924f",
                  "parentUUID": "425364f4-c8e4-42ca-904a-a9311ee24ccf",
                  "isHook": false,
                  "skipped": false
                },
                {
                  "title": "sebbo2002/test@14.04",
                  "fullTitle": "@sebbo2002/semantic-release-docker getBaseImage sebbo2002/test@14.04",
                  "timedOut": false,
                  "duration": 0,
                  "state": "passed",
                  "speed": "fast",
                  "pass": true,
                  "fail": false,
                  "pending": false,
                  "context": null,
                  "code": "assert.strictEqual(getBaseImage('sebbo2002/test@14.04'), 'sebbo2002/test');",
                  "err": {},
                  "uuid": "c64d0ef5-845e-4698-871d-dc9852fe45fb",
                  "parentUUID": "425364f4-c8e4-42ca-904a-a9311ee24ccf",
                  "isHook": false,
                  "skipped": false
                },
                {
                  "title": "alpine@sha256:aaaaf56b44807c64d294e6c8059b479f35350b454492398225034174808d1726",
                  "fullTitle": "@sebbo2002/semantic-release-docker getBaseImage alpine@sha256:aaaaf56b44807c64d294e6c8059b479f35350b454492398225034174808d1726",
                  "timedOut": false,
                  "duration": 0,
                  "state": "passed",
                  "speed": "fast",
                  "pass": true,
                  "fail": false,
                  "pending": false,
                  "context": null,
                  "code": "assert.strictEqual(getBaseImage('alpine@sha256:aaaaf56b44807c64d294e6c8059b479f35350b454492398225034174808d1726'), 'alpine');",
                  "err": {},
                  "uuid": "e2290290-10a0-441f-a9c9-09090780a84d",
                  "parentUUID": "425364f4-c8e4-42ca-904a-a9311ee24ccf",
                  "isHook": false,
                  "skipped": false
                },
                {
                  "title": "quay.io/signalfuse/zookeeper",
                  "fullTitle": "@sebbo2002/semantic-release-docker getBaseImage quay.io/signalfuse/zookeeper",
                  "timedOut": false,
                  "duration": 0,
                  "state": "passed",
                  "speed": "fast",
                  "pass": true,
                  "fail": false,
                  "pending": false,
                  "context": null,
                  "code": "assert.strictEqual(getBaseImage('quay.io/signalfuse/zookeeper'), 'quay.io/signalfuse/zookeeper');",
                  "err": {},
                  "uuid": "b0543769-b663-4594-b4ee-9df338171b28",
                  "parentUUID": "425364f4-c8e4-42ca-904a-a9311ee24ccf",
                  "isHook": false,
                  "skipped": false
                },
                {
                  "title": "internal.mycorp.com:5000/revealjs",
                  "fullTitle": "@sebbo2002/semantic-release-docker getBaseImage internal.mycorp.com:5000/revealjs",
                  "timedOut": false,
                  "duration": 1,
                  "state": "passed",
                  "speed": "fast",
                  "pass": true,
                  "fail": false,
                  "pending": false,
                  "context": null,
                  "code": "assert.strictEqual(getBaseImage('internal.mycorp.com:5000/revealjs'), 'internal.mycorp.com:5000/revealjs');",
                  "err": {},
                  "uuid": "eaa43de7-7d14-4698-8ae0-6352d66f52b7",
                  "parentUUID": "425364f4-c8e4-42ca-904a-a9311ee24ccf",
                  "isHook": false,
                  "skipped": false
                },
                {
                  "title": "internal.mycorp.com:5000/revealjs:3.4.5-3-develop.5",
                  "fullTitle": "@sebbo2002/semantic-release-docker getBaseImage internal.mycorp.com:5000/revealjs:3.4.5-3-develop.5",
                  "timedOut": false,
                  "duration": 0,
                  "state": "passed",
                  "speed": "fast",
                  "pass": true,
                  "fail": false,
                  "pending": false,
                  "context": null,
                  "code": "assert.strictEqual(getBaseImage('internal.mycorp.com:5000/revealjs:3.4.5-3-develop.5'), 'internal.mycorp.com:5000/revealjs');",
                  "err": {},
                  "uuid": "95e1f7a7-ae2a-45c8-a707-99063493ae8e",
                  "parentUUID": "425364f4-c8e4-42ca-904a-a9311ee24ccf",
                  "isHook": false,
                  "skipped": false
                }
              ],
              "suites": [],
              "passes": [
                "82c5feb8-9736-4bc7-be69-644995ed8bf2",
                "8989b374-3d1f-4828-aa83-1d82b99515e9",
                "f7b758b1-6a1f-42a8-9276-34fc142256d6",
                "e882334b-6d83-4378-88f1-b8847b7a924f",
                "c64d0ef5-845e-4698-871d-dc9852fe45fb",
                "e2290290-10a0-441f-a9c9-09090780a84d",
                "b0543769-b663-4594-b4ee-9df338171b28",
                "eaa43de7-7d14-4698-8ae0-6352d66f52b7",
                "95e1f7a7-ae2a-45c8-a707-99063493ae8e"
              ],
              "failures": [],
              "pending": [],
              "skipped": [],
              "duration": 1,
              "root": false,
              "rootEmpty": false,
              "_timeout": 2000
            },
            {
              "uuid": "46cb5b5e-c6ba-477b-a227-8beec7bcb27e",
              "title": "isPreRelease",
              "fullFile": "/home/runner/work/semantic-release-docker/semantic-release-docker/test/lib/index.ts",
              "file": "/test/lib/index.ts",
              "beforeHooks": [],
              "afterHooks": [],
              "tests": [
                {
                  "title": "with release",
                  "fullTitle": "@sebbo2002/semantic-release-docker isPreRelease with release",
                  "timedOut": false,
                  "duration": 0,
                  "state": "passed",
                  "speed": "fast",
                  "pass": true,
                  "fail": false,
                  "pending": false,
                  "context": null,
                  "code": "const result = isPreRelease({\n    logger: {\n        await: () => { },\n        complete: () => { },\n        debug: () => { },\n        error: () => { },\n        fatal: () => { },\n        fav: () => { },\n        info: () => { },\n        log: () => { },\n        note: () => { },\n        pause: () => { },\n        pending: () => { },\n        star: () => { },\n        start: () => { },\n        success: () => { },\n        wait: () => { },\n        warn: () => { },\n        watch: () => { }\n    },\n    env: {},\n    branch: {\n        name: 'develop'\n    },\n    nextRelease: {\n        type: 'patch',\n        version: '8.2.6',\n        notes: '',\n        gitHead: '',\n        gitTag: '',\n        name: ''\n    }\n});\nassert.strictEqual(result, false);",
                  "err": {},
                  "uuid": "cd4b4d9e-000a-4b55-8616-89641a5c6e14",
                  "parentUUID": "46cb5b5e-c6ba-477b-a227-8beec7bcb27e",
                  "isHook": false,
                  "skipped": false
                },
                {
                  "title": "with pre-release",
                  "fullTitle": "@sebbo2002/semantic-release-docker isPreRelease with pre-release",
                  "timedOut": false,
                  "duration": 0,
                  "state": "passed",
                  "speed": "fast",
                  "pass": true,
                  "fail": false,
                  "pending": false,
                  "context": null,
                  "code": "const result = isPreRelease({\n    logger: {\n        await: () => { },\n        complete: () => { },\n        debug: () => { },\n        error: () => { },\n        fatal: () => { },\n        fav: () => { },\n        info: () => { },\n        log: () => { },\n        note: () => { },\n        pause: () => { },\n        pending: () => { },\n        star: () => { },\n        start: () => { },\n        success: () => { },\n        wait: () => { },\n        warn: () => { },\n        watch: () => { }\n    },\n    env: {},\n    branch: {\n        name: 'develop'\n    },\n    nextRelease: {\n        type: 'prerelease',\n        version: '8.2.6-develop.1',\n        notes: '',\n        gitHead: '',\n        gitTag: '',\n        name: ''\n    }\n});\nassert.strictEqual(result, true);",
                  "err": {},
                  "uuid": "bba59d51-55c2-457b-af81-8ed57ca977ed",
                  "parentUUID": "46cb5b5e-c6ba-477b-a227-8beec7bcb27e",
                  "isHook": false,
                  "skipped": false
                },
                {
                  "title": "without release",
                  "fullTitle": "@sebbo2002/semantic-release-docker isPreRelease without release",
                  "timedOut": false,
                  "duration": 0,
                  "state": "passed",
                  "speed": "fast",
                  "pass": true,
                  "fail": false,
                  "pending": false,
                  "context": null,
                  "code": "const result = isPreRelease({\n    logger: {\n        await: () => { },\n        complete: () => { },\n        debug: () => { },\n        error: () => { },\n        fatal: () => { },\n        fav: () => { },\n        info: () => { },\n        log: () => { },\n        note: () => { },\n        pause: () => { },\n        pending: () => { },\n        star: () => { },\n        start: () => { },\n        success: () => { },\n        wait: () => { },\n        warn: () => { },\n        watch: () => { }\n    },\n    env: {},\n    branch: {\n        name: 'develop'\n    }\n});\nassert.strictEqual(result, false);",
                  "err": {},
                  "uuid": "60af85f6-7e25-4848-9271-23ba814c6567",
                  "parentUUID": "46cb5b5e-c6ba-477b-a227-8beec7bcb27e",
                  "isHook": false,
                  "skipped": false
                }
              ],
              "suites": [],
              "passes": [
                "cd4b4d9e-000a-4b55-8616-89641a5c6e14",
                "bba59d51-55c2-457b-af81-8ed57ca977ed",
                "60af85f6-7e25-4848-9271-23ba814c6567"
              ],
              "failures": [],
              "pending": [],
              "skipped": [],
              "duration": 0,
              "root": false,
              "rootEmpty": false,
              "_timeout": 2000
            },
            {
              "uuid": "7a04f647-54db-4d58-8058-6d2afec7184f",
              "title": "getMajorAndMinorPart",
              "fullFile": "/home/runner/work/semantic-release-docker/semantic-release-docker/test/lib/index.ts",
              "file": "/test/lib/index.ts",
              "beforeHooks": [],
              "afterHooks": [],
              "tests": [
                {
                  "title": "undefined",
                  "fullTitle": "@sebbo2002/semantic-release-docker getMajorAndMinorPart undefined",
                  "timedOut": false,
                  "duration": 0,
                  "state": "passed",
                  "speed": "fast",
                  "pass": true,
                  "fail": false,
                  "pending": false,
                  "context": null,
                  "code": "assert.deepStrictEqual(getMajorAndMinorPart(undefined), {\n    major: null,\n    minor: null\n});",
                  "err": {},
                  "uuid": "558b6ab5-dc3a-4376-bb82-a86cdcf6db9c",
                  "parentUUID": "7a04f647-54db-4d58-8058-6d2afec7184f",
                  "isHook": false,
                  "skipped": false
                },
                {
                  "title": "4.6.1",
                  "fullTitle": "@sebbo2002/semantic-release-docker getMajorAndMinorPart 4.6.1",
                  "timedOut": false,
                  "duration": 1,
                  "state": "passed",
                  "speed": "fast",
                  "pass": true,
                  "fail": false,
                  "pending": false,
                  "context": null,
                  "code": "assert.deepStrictEqual(getMajorAndMinorPart('4.6.1'), {\n    major: '4',\n    minor: '6'\n});",
                  "err": {},
                  "uuid": "a190f0cb-6f58-4464-8605-1e3bc3f7d983",
                  "parentUUID": "7a04f647-54db-4d58-8058-6d2afec7184f",
                  "isHook": false,
                  "skipped": false
                },
                {
                  "title": "4.6.1-develop.12",
                  "fullTitle": "@sebbo2002/semantic-release-docker getMajorAndMinorPart 4.6.1-develop.12",
                  "timedOut": false,
                  "duration": 0,
                  "state": "passed",
                  "speed": "fast",
                  "pass": true,
                  "fail": false,
                  "pending": false,
                  "context": null,
                  "code": "assert.deepStrictEqual(getMajorAndMinorPart('4.6.1-develop.12'), {\n    major: '4',\n    minor: '6'\n});",
                  "err": {},
                  "uuid": "a8f1796a-0130-4fcf-a43e-df20ff4d98cb",
                  "parentUUID": "7a04f647-54db-4d58-8058-6d2afec7184f",
                  "isHook": false,
                  "skipped": false
                }
              ],
              "suites": [],
              "passes": [
                "558b6ab5-dc3a-4376-bb82-a86cdcf6db9c",
                "a190f0cb-6f58-4464-8605-1e3bc3f7d983",
                "a8f1796a-0130-4fcf-a43e-df20ff4d98cb"
              ],
              "failures": [],
              "pending": [],
              "skipped": [],
              "duration": 1,
              "root": false,
              "rootEmpty": false,
              "_timeout": 2000
            },
            {
              "uuid": "5793a70a-9aad-42a1-b46b-1448bd4b9565",
              "title": "getTagTasks",
              "fullFile": "/home/runner/work/semantic-release-docker/semantic-release-docker/test/lib/index.ts",
              "file": "/test/lib/index.ts",
              "beforeHooks": [],
              "afterHooks": [],
              "tests": [
                {
                  "title": "should quietly abort if no release should be triggered",
                  "fullTitle": "@sebbo2002/semantic-release-docker getTagTasks should quietly abort if no release should be triggered",
                  "timedOut": false,
                  "duration": 0,
                  "state": "passed",
                  "speed": "fast",
                  "pass": true,
                  "fail": false,
                  "pending": false,
                  "context": null,
                  "code": "getTagTasks({\n    images: ['ubuntu'],\n    tag: {\n        latest: true,\n        major: true,\n        minor: true,\n        version: true,\n        channel: true\n    }\n}, {\n    logger: {\n        await: () => { },\n        complete: () => { },\n        debug: () => { },\n        error: () => { },\n        fatal: () => { },\n        fav: () => { },\n        info: () => { },\n        log: () => { },\n        note: () => { },\n        pause: () => { },\n        pending: () => { },\n        star: () => { },\n        start: () => { },\n        success: () => { },\n        wait: () => { },\n        warn: () => { },\n        watch: () => { }\n    },\n    env: {},\n    branch: {\n        name: 'develop'\n    }\n});",
                  "err": {},
                  "uuid": "a9bf1d34-df0a-4799-9c29-736885daa7f5",
                  "parentUUID": "5793a70a-9aad-42a1-b46b-1448bd4b9565",
                  "isHook": false,
                  "skipped": false
                },
                {
                  "title": "patch release",
                  "fullTitle": "@sebbo2002/semantic-release-docker getTagTasks patch release",
                  "timedOut": false,
                  "duration": 1,
                  "state": "passed",
                  "speed": "fast",
                  "pass": true,
                  "fail": false,
                  "pending": false,
                  "context": null,
                  "code": "const result = getTagTasks({\n    images: [\n        'alpine@sha256:aaaaf56b44807c64d294e6c8059b479f35350b454492398225034174808d1726',\n        'sebbo2002/test:1234567'\n    ],\n    tag: {\n        latest: true,\n        major: true,\n        minor: true,\n        version: true,\n        channel: true\n    }\n}, {\n    logger: {\n        await: () => { },\n        complete: () => { },\n        debug: () => { },\n        error: () => { },\n        fatal: () => { },\n        fav: () => { },\n        info: () => { },\n        log: () => { },\n        note: () => { },\n        pause: () => { },\n        pending: () => { },\n        star: () => { },\n        start: () => { },\n        success: () => { },\n        wait: () => { },\n        warn: () => { },\n        watch: () => { }\n    },\n    env: {},\n    branch: {\n        name: 'develop'\n    },\n    nextRelease: {\n        type: 'patch',\n        version: '8.2.6',\n        notes: '',\n        gitHead: '',\n        gitTag: '',\n        name: ''\n    }\n});\nassert.deepStrictEqual(result, [\n    {\n        input: 'alpine@sha256:aaaaf56b44807c64d294e6c8059b479f35350b454492398225034174808d1726',\n        output: 'alpine:8.2.6'\n    },\n    {\n        input: 'alpine@sha256:aaaaf56b44807c64d294e6c8059b479f35350b454492398225034174808d1726',\n        output: 'alpine:latest'\n    },\n    {\n        input: 'alpine@sha256:aaaaf56b44807c64d294e6c8059b479f35350b454492398225034174808d1726',\n        output: 'alpine:8'\n    },\n    {\n        input: 'alpine@sha256:aaaaf56b44807c64d294e6c8059b479f35350b454492398225034174808d1726',\n        output: 'alpine:8.2'\n    },\n    {\n        input: 'sebbo2002/test:1234567',\n        output: 'sebbo2002/test:8.2.6'\n    },\n    {\n        input: 'sebbo2002/test:1234567',\n        output: 'sebbo2002/test:latest'\n    },\n    {\n        input: 'sebbo2002/test:1234567',\n        output: 'sebbo2002/test:8'\n    },\n    {\n        input: 'sebbo2002/test:1234567',\n        output: 'sebbo2002/test:8.2'\n    }\n]);",
                  "err": {},
                  "uuid": "cb9c355d-2ed3-4938-ae11-ee32bf68584b",
                  "parentUUID": "5793a70a-9aad-42a1-b46b-1448bd4b9565",
                  "isHook": false,
                  "skipped": false
                },
                {
                  "title": "pre release",
                  "fullTitle": "@sebbo2002/semantic-release-docker getTagTasks pre release",
                  "timedOut": false,
                  "duration": 0,
                  "state": "passed",
                  "speed": "fast",
                  "pass": true,
                  "fail": false,
                  "pending": false,
                  "context": null,
                  "code": "const result = getTagTasks({\n    images: [\n        'alpine@sha256:aaaaf56b44807c64d294e6c8059b479f35350b454492398225034174808d1726',\n        'sebbo2002/test:1234567'\n    ],\n    tag: {\n        latest: true,\n        major: true,\n        minor: true,\n        version: true,\n        channel: true\n    }\n}, {\n    logger: {\n        await: () => { },\n        complete: () => { },\n        debug: () => { },\n        error: () => { },\n        fatal: () => { },\n        fav: () => { },\n        info: () => { },\n        log: () => { },\n        note: () => { },\n        pause: () => { },\n        pending: () => { },\n        star: () => { },\n        start: () => { },\n        success: () => { },\n        wait: () => { },\n        warn: () => { },\n        watch: () => { }\n    },\n    env: {},\n    branch: {\n        name: 'develop'\n    },\n    nextRelease: {\n        type: 'prerelease',\n        version: '8.2.6-develop.3',\n        notes: '',\n        name: '',\n        gitHead: '',\n        gitTag: '',\n        channel: 'next'\n    }\n});\nassert.deepStrictEqual(result, [\n    {\n        input: 'alpine@sha256:aaaaf56b44807c64d294e6c8059b479f35350b454492398225034174808d1726',\n        output: 'alpine:8.2.6-develop.3'\n    },\n    {\n        input: 'alpine@sha256:aaaaf56b44807c64d294e6c8059b479f35350b454492398225034174808d1726',\n        output: 'alpine:next'\n    },\n    {\n        input: 'sebbo2002/test:1234567',\n        output: 'sebbo2002/test:8.2.6-develop.3'\n    },\n    {\n        input: 'sebbo2002/test:1234567',\n        output: 'sebbo2002/test:next'\n    }\n]);",
                  "err": {},
                  "uuid": "8e150eea-1bdc-4674-86c6-1a6d36a391ad",
                  "parentUUID": "5793a70a-9aad-42a1-b46b-1448bd4b9565",
                  "isHook": false,
                  "skipped": false
                }
              ],
              "suites": [],
              "passes": [
                "a9bf1d34-df0a-4799-9c29-736885daa7f5",
                "cb9c355d-2ed3-4938-ae11-ee32bf68584b",
                "8e150eea-1bdc-4674-86c6-1a6d36a391ad"
              ],
              "failures": [],
              "pending": [],
              "skipped": [],
              "duration": 1,
              "root": false,
              "rootEmpty": false,
              "_timeout": 2000
            },
            {
              "uuid": "1ce69c93-d361-4b60-99de-c8e1dcfdd5b9",
              "title": "getUrlFromImage",
              "fullFile": "/home/runner/work/semantic-release-docker/semantic-release-docker/test/lib/index.ts",
              "file": "/test/lib/index.ts",
              "beforeHooks": [],
              "afterHooks": [],
              "tests": [
                {
                  "title": "alpine",
                  "fullTitle": "@sebbo2002/semantic-release-docker getUrlFromImage alpine",
                  "timedOut": false,
                  "duration": 0,
                  "state": "passed",
                  "speed": "fast",
                  "pass": true,
                  "fail": false,
                  "pending": false,
                  "context": null,
                  "code": "assert.strictEqual(getUrlFromImage('alpine'), 'https://hub.docker.com/_/alpine/tags');",
                  "err": {},
                  "uuid": "e2c530f3-4be4-4fa7-871b-b728d85a1ab3",
                  "parentUUID": "1ce69c93-d361-4b60-99de-c8e1dcfdd5b9",
                  "isHook": false,
                  "skipped": false
                },
                {
                  "title": "ubuntu:14",
                  "fullTitle": "@sebbo2002/semantic-release-docker getUrlFromImage ubuntu:14",
                  "timedOut": false,
                  "duration": 0,
                  "state": "passed",
                  "speed": "fast",
                  "pass": true,
                  "fail": false,
                  "pending": false,
                  "context": null,
                  "code": "assert.strictEqual(getUrlFromImage('ubuntu:14'), 'https://hub.docker.com/_/ubuntu/tags');",
                  "err": {},
                  "uuid": "29e695aa-1b4b-43d6-ba50-778f95e71fae",
                  "parentUUID": "1ce69c93-d361-4b60-99de-c8e1dcfdd5b9",
                  "isHook": false,
                  "skipped": false
                },
                {
                  "title": "sebbo2002/gitlab-badges:14.04",
                  "fullTitle": "@sebbo2002/semantic-release-docker getUrlFromImage sebbo2002/gitlab-badges:14.04",
                  "timedOut": false,
                  "duration": 0,
                  "state": "passed",
                  "speed": "fast",
                  "pass": true,
                  "fail": false,
                  "pending": false,
                  "context": null,
                  "code": "assert.strictEqual(getUrlFromImage('sebbo2002/gitlab-badges:14.04'), 'https://hub.docker.com/r/sebbo2002/gitlab-badges/tags');",
                  "err": {},
                  "uuid": "abda5916-58e1-468c-869d-195ad2986d96",
                  "parentUUID": "1ce69c93-d361-4b60-99de-c8e1dcfdd5b9",
                  "isHook": false,
                  "skipped": false
                },
                {
                  "title": "ubuntu@14",
                  "fullTitle": "@sebbo2002/semantic-release-docker getUrlFromImage ubuntu@14",
                  "timedOut": false,
                  "duration": 0,
                  "state": "passed",
                  "speed": "fast",
                  "pass": true,
                  "fail": false,
                  "pending": false,
                  "context": null,
                  "code": "assert.strictEqual(getUrlFromImage('ubuntu@14'), 'https://hub.docker.com/_/ubuntu/tags');",
                  "err": {},
                  "uuid": "7a427ce7-61b5-4ef2-933d-26db90fc0c92",
                  "parentUUID": "1ce69c93-d361-4b60-99de-c8e1dcfdd5b9",
                  "isHook": false,
                  "skipped": false
                },
                {
                  "title": "sebbo2002/gitlab-badges@14.04",
                  "fullTitle": "@sebbo2002/semantic-release-docker getUrlFromImage sebbo2002/gitlab-badges@14.04",
                  "timedOut": false,
                  "duration": 0,
                  "state": "passed",
                  "speed": "fast",
                  "pass": true,
                  "fail": false,
                  "pending": false,
                  "context": null,
                  "code": "assert.strictEqual(getUrlFromImage('sebbo2002/gitlab-badges@14.04'), 'https://hub.docker.com/r/sebbo2002/gitlab-badges/tags');",
                  "err": {},
                  "uuid": "b14f0201-a1f3-4e38-9845-dee08e13c003",
                  "parentUUID": "1ce69c93-d361-4b60-99de-c8e1dcfdd5b9",
                  "isHook": false,
                  "skipped": false
                },
                {
                  "title": "alpine@sha256:aaaaf56b44807c64d294e6c8059b479f35350b454492398225034174808d1726",
                  "fullTitle": "@sebbo2002/semantic-release-docker getUrlFromImage alpine@sha256:aaaaf56b44807c64d294e6c8059b479f35350b454492398225034174808d1726",
                  "timedOut": false,
                  "duration": 0,
                  "state": "passed",
                  "speed": "fast",
                  "pass": true,
                  "fail": false,
                  "pending": false,
                  "context": null,
                  "code": "assert.strictEqual(getUrlFromImage('alpine@sha256:aaaaf56b44807c64d294e6c8059b479f35350b454492398225034174808d1726'), 'https://hub.docker.com/_/alpine/tags');",
                  "err": {},
                  "uuid": "98e42b98-18d3-4524-ab78-0330841acea7",
                  "parentUUID": "1ce69c93-d361-4b60-99de-c8e1dcfdd5b9",
                  "isHook": false,
                  "skipped": false
                },
                {
                  "title": "ghcr.io/sebbo2002/ble2mqtt:ecf33e870c318e4f8a17555aeac14ab1dfaaaddd",
                  "fullTitle": "@sebbo2002/semantic-release-docker getUrlFromImage ghcr.io/sebbo2002/ble2mqtt:ecf33e870c318e4f8a17555aeac14ab1dfaaaddd",
                  "timedOut": false,
                  "duration": 0,
                  "state": "passed",
                  "speed": "fast",
                  "pass": true,
                  "fail": false,
                  "pending": false,
                  "context": null,
                  "code": "assert.strictEqual(getUrlFromImage('ghcr.io/sebbo2002/ble2mqtt:ecf33e870c318e4f8a17555aeac14ab1dfaaaddd'), 'https://github.com/sebbo2002/ble2mqtt/pkgs/container/ble2mqtt');",
                  "err": {},
                  "uuid": "3160c49d-66e2-4075-a2f3-fd8bca689c8b",
                  "parentUUID": "1ce69c93-d361-4b60-99de-c8e1dcfdd5b9",
                  "isHook": false,
                  "skipped": false
                },
                {
                  "title": "ghcr.io/sebbo2002/ble2mqtt@sha256:175c648b777d70f829196d67019ded98d74cf28f3fef08b00998b10485705e68",
                  "fullTitle": "@sebbo2002/semantic-release-docker getUrlFromImage ghcr.io/sebbo2002/ble2mqtt@sha256:175c648b777d70f829196d67019ded98d74cf28f3fef08b00998b10485705e68",
                  "timedOut": false,
                  "duration": 0,
                  "state": "passed",
                  "speed": "fast",
                  "pass": true,
                  "fail": false,
                  "pending": false,
                  "context": null,
                  "code": "assert.strictEqual(getUrlFromImage('ghcr.io/sebbo2002/ble2mqtt@sha256:175c648b777d70f829196d67019ded98d74cf28f3fef08b00998b10485705e68'), 'https://github.com/sebbo2002/ble2mqtt/pkgs/container/ble2mqtt');",
                  "err": {},
                  "uuid": "f9fb6b93-43c1-4e9c-86d7-a40b41c49ceb",
                  "parentUUID": "1ce69c93-d361-4b60-99de-c8e1dcfdd5b9",
                  "isHook": false,
                  "skipped": false
                },
                {
                  "title": "registry.gitlab.com/gitlab-org/gitlab-runner/ci:1.10.8-1",
                  "fullTitle": "@sebbo2002/semantic-release-docker getUrlFromImage registry.gitlab.com/gitlab-org/gitlab-runner/ci:1.10.8-1",
                  "timedOut": false,
                  "duration": 1,
                  "state": "passed",
                  "speed": "fast",
                  "pass": true,
                  "fail": false,
                  "pending": false,
                  "context": null,
                  "code": "assert.strictEqual(getUrlFromImage('registry.gitlab.com/gitlab-org/gitlab-runner/ci:1.10.8-1'), 'https://gitlab.com/gitlab-org/gitlab-runner/container_registry');",
                  "err": {},
                  "uuid": "fda79c77-da8b-4608-ac72-f155846e0d19",
                  "parentUUID": "1ce69c93-d361-4b60-99de-c8e1dcfdd5b9",
                  "isHook": false,
                  "skipped": false
                },
                {
                  "title": "registry.gitlab.com/gitlab-org/gitlab-runner/ci@sha256:5abfd2a06fbc535581350290e5067cf49f908199b60e850015066f38c549622e",
                  "fullTitle": "@sebbo2002/semantic-release-docker getUrlFromImage registry.gitlab.com/gitlab-org/gitlab-runner/ci@sha256:5abfd2a06fbc535581350290e5067cf49f908199b60e850015066f38c549622e",
                  "timedOut": false,
                  "duration": 0,
                  "state": "passed",
                  "speed": "fast",
                  "pass": true,
                  "fail": false,
                  "pending": false,
                  "context": null,
                  "code": "assert.strictEqual(getUrlFromImage('registry.gitlab.com/gitlab-org/gitlab-runner/ci@sha256:5abfd2a06fbc535581350290e5067cf49f908199b60e850015066f38c549622e'), 'https://gitlab.com/gitlab-org/gitlab-runner/container_registry');",
                  "err": {},
                  "uuid": "b2f2640f-2279-4579-a096-f5e39c137452",
                  "parentUUID": "1ce69c93-d361-4b60-99de-c8e1dcfdd5b9",
                  "isHook": false,
                  "skipped": false
                },
                {
                  "title": "containers.topsecret.evil.corp/server:2",
                  "fullTitle": "@sebbo2002/semantic-release-docker getUrlFromImage containers.topsecret.evil.corp/server:2",
                  "timedOut": false,
                  "duration": 0,
                  "state": "passed",
                  "speed": "fast",
                  "pass": true,
                  "fail": false,
                  "pending": false,
                  "context": null,
                  "code": "assert.strictEqual(getUrlFromImage('containers.topsecret.evil.corp/server:2'), undefined);",
                  "err": {},
                  "uuid": "38280127-4029-46d6-90f6-59dfaf383686",
                  "parentUUID": "1ce69c93-d361-4b60-99de-c8e1dcfdd5b9",
                  "isHook": false,
                  "skipped": false
                }
              ],
              "suites": [],
              "passes": [
                "e2c530f3-4be4-4fa7-871b-b728d85a1ab3",
                "29e695aa-1b4b-43d6-ba50-778f95e71fae",
                "abda5916-58e1-468c-869d-195ad2986d96",
                "7a427ce7-61b5-4ef2-933d-26db90fc0c92",
                "b14f0201-a1f3-4e38-9845-dee08e13c003",
                "98e42b98-18d3-4524-ab78-0330841acea7",
                "3160c49d-66e2-4075-a2f3-fd8bca689c8b",
                "f9fb6b93-43c1-4e9c-86d7-a40b41c49ceb",
                "fda79c77-da8b-4608-ac72-f155846e0d19",
                "b2f2640f-2279-4579-a096-f5e39c137452",
                "38280127-4029-46d6-90f6-59dfaf383686"
              ],
              "failures": [],
              "pending": [],
              "skipped": [],
              "duration": 1,
              "root": false,
              "rootEmpty": false,
              "_timeout": 2000
            },
            {
              "uuid": "42fe058c-f536-42fb-b817-7f6e2d91b500",
              "title": "exec",
              "fullFile": "/home/runner/work/semantic-release-docker/semantic-release-docker/test/lib/index.ts",
              "file": "/test/lib/index.ts",
              "beforeHooks": [],
              "afterHooks": [],
              "tests": [
                {
                  "title": "should run commands",
                  "fullTitle": "@sebbo2002/semantic-release-docker exec should run commands",
                  "timedOut": false,
                  "duration": 26,
                  "state": "passed",
                  "speed": "fast",
                  "pass": true,
                  "fail": false,
                  "pending": false,
                  "context": null,
                  "code": "return __awaiter(this, void 0, void 0, function* () {\n    assert.strictEqual(yield exec('echo', ['hello']), undefined);\n});",
                  "err": {},
                  "uuid": "5a58f9bd-5c08-4945-ad97-1aa95c6611d8",
                  "parentUUID": "42fe058c-f536-42fb-b817-7f6e2d91b500",
                  "isHook": false,
                  "skipped": false
                },
                {
                  "title": "should fail on exit code > 0",
                  "fullTitle": "@sebbo2002/semantic-release-docker exec should fail on exit code > 0",
                  "timedOut": false,
                  "duration": 14,
                  "state": "passed",
                  "speed": "fast",
                  "pass": true,
                  "fail": false,
                  "pending": false,
                  "context": null,
                  "code": "return __awaiter(this, void 0, void 0, function* () {\n    assert.rejects(() => __awaiter(this, void 0, void 0, function* () {\n        assert.strictEqual(yield exec('exit', ['1']), undefined);\n    }), /Unable to run \"exit 1\": Command failed with ENOENT: exit 1/);\n});",
                  "err": {},
                  "uuid": "eb8d31d9-a6e3-41f9-9288-489bef6e160c",
                  "parentUUID": "42fe058c-f536-42fb-b817-7f6e2d91b500",
                  "isHook": false,
                  "skipped": false
                }
              ],
              "suites": [],
              "passes": [
                "5a58f9bd-5c08-4945-ad97-1aa95c6611d8",
                "eb8d31d9-a6e3-41f9-9288-489bef6e160c"
              ],
              "failures": [],
              "pending": [],
              "skipped": [],
              "duration": 40,
              "root": false,
              "rootEmpty": false,
              "_timeout": 2000
            },
            {
              "uuid": "943cc54a-f48c-4873-9ea8-f8abdf20153b",
              "title": "isRegCtlAvailable",
              "fullFile": "/home/runner/work/semantic-release-docker/semantic-release-docker/test/lib/index.ts",
              "file": "/test/lib/index.ts",
              "beforeHooks": [],
              "afterHooks": [],
              "tests": [
                {
                  "title": "should run command without failing (result unknown)",
                  "fullTitle": "@sebbo2002/semantic-release-docker isRegCtlAvailable should run command without failing (result unknown)",
                  "timedOut": false,
                  "duration": 13,
                  "state": "passed",
                  "speed": "fast",
                  "pass": true,
                  "fail": false,
                  "pending": false,
                  "context": null,
                  "code": "return __awaiter(this, void 0, void 0, function* () {\n    const result = yield isRegCtlAvailable();\n    assert.ok(typeof result, 'boolean');\n    assert.strictEqual(yield isRegCtlAvailable(), result);\n});",
                  "err": {},
                  "uuid": "b9979c1d-04a1-4b1d-af0c-1a7acdeb98dd",
                  "parentUUID": "943cc54a-f48c-4873-9ea8-f8abdf20153b",
                  "isHook": false,
                  "skipped": false
                }
              ],
              "suites": [],
              "passes": [
                "b9979c1d-04a1-4b1d-af0c-1a7acdeb98dd"
              ],
              "failures": [],
              "pending": [],
              "skipped": [],
              "duration": 13,
              "root": false,
              "rootEmpty": false,
              "_timeout": 2000
            },
            {
              "uuid": "72d94257-f88b-4451-9c91-812632b35626",
              "title": "tagImage",
              "fullFile": "/home/runner/work/semantic-release-docker/semantic-release-docker/test/lib/index.ts",
              "file": "/test/lib/index.ts",
              "beforeHooks": [],
              "afterHooks": [],
              "tests": [
                {
                  "title": "tag ubuntu",
                  "fullTitle": "@sebbo2002/semantic-release-docker tagImage tag ubuntu",
                  "timedOut": false,
                  "duration": 45,
                  "state": "passed",
                  "speed": "medium",
                  "pass": true,
                  "fail": false,
                  "pending": false,
                  "context": null,
                  "code": "return __awaiter(this, void 0, void 0, function* () {\n    yield tagImage('alpine', 'alpine:tagging-test');\n});",
                  "err": {},
                  "uuid": "2f5d71a6-7a7d-4c9b-abb0-9be1af2a2a1e",
                  "parentUUID": "72d94257-f88b-4451-9c91-812632b35626",
                  "isHook": false,
                  "skipped": false
                }
              ],
              "suites": [],
              "passes": [
                "2f5d71a6-7a7d-4c9b-abb0-9be1af2a2a1e"
              ],
              "failures": [],
              "pending": [],
              "skipped": [],
              "duration": 45,
              "root": false,
              "rootEmpty": false,
              "_timeout": 2000
            },
            {
              "uuid": "2fe4840b-0315-45a3-b407-2b0748e50fd4",
              "title": "publish",
              "fullFile": "/home/runner/work/semantic-release-docker/semantic-release-docker/test/lib/index.ts",
              "file": "/test/lib/index.ts",
              "beforeHooks": [],
              "afterHooks": [],
              "tests": [
                {
                  "title": "should return false if no release is scheduled",
                  "fullTitle": "@sebbo2002/semantic-release-docker publish should return false if no release is scheduled",
                  "timedOut": false,
                  "duration": 0,
                  "state": "passed",
                  "speed": "fast",
                  "pass": true,
                  "fail": false,
                  "pending": false,
                  "context": null,
                  "code": "return __awaiter(this, void 0, void 0, function* () {\n    const result = yield publish({\n        images: []\n    }, {\n        logger: {\n            await: () => { },\n            complete: () => { },\n            debug: () => { },\n            error: () => { },\n            fatal: () => { },\n            fav: () => { },\n            info: () => { },\n            log: () => { },\n            note: () => { },\n            pause: () => { },\n            pending: () => { },\n            star: () => { },\n            start: () => { },\n            success: () => { },\n            wait: () => { },\n            warn: () => { },\n            watch: () => { }\n        },\n        env: {},\n        branch: {\n            name: 'develop'\n        }\n    });\n    assert.strictEqual(result, false);\n});",
                  "err": {},
                  "uuid": "9ceb213a-8fdd-4060-a3d4-c1c1fad9319b",
                  "parentUUID": "2fe4840b-0315-45a3-b407-2b0748e50fd4",
                  "isHook": false,
                  "skipped": false
                },
                {
                  "title": "should return false if there's nothing to do",
                  "fullTitle": "@sebbo2002/semantic-release-docker publish should return false if there's nothing to do",
                  "timedOut": false,
                  "duration": 0,
                  "state": "passed",
                  "speed": "fast",
                  "pass": true,
                  "fail": false,
                  "pending": false,
                  "context": null,
                  "code": "return __awaiter(this, void 0, void 0, function* () {\n    const result = yield publish({\n        images: 'foo/bar:1234',\n        tag: {\n            latest: false,\n            major: false,\n            minor: false,\n            version: false,\n            channel: false\n        }\n    }, {\n        logger: {\n            await: () => { },\n            complete: () => { },\n            debug: () => { },\n            error: () => { },\n            fatal: () => { },\n            fav: () => { },\n            info: () => { },\n            log: () => { },\n            note: () => { },\n            pause: () => { },\n            pending: () => { },\n            star: () => { },\n            start: () => { },\n            success: () => { },\n            wait: () => { },\n            warn: () => { },\n            watch: () => { }\n        },\n        env: {},\n        branch: {\n            name: 'develop'\n        },\n        nextRelease: {\n            type: 'patch',\n            version: '8.2.7',\n            notes: '',\n            gitHead: '',\n            gitTag: '',\n            name: ''\n        }\n    });\n    assert.strictEqual(result, false);\n});",
                  "err": {},
                  "uuid": "b0f8152b-2041-41b7-b2f0-51fa883b2555",
                  "parentUUID": "2fe4840b-0315-45a3-b407-2b0748e50fd4",
                  "isHook": false,
                  "skipped": false
                }
              ],
              "suites": [],
              "passes": [
                "9ceb213a-8fdd-4060-a3d4-c1c1fad9319b",
                "b0f8152b-2041-41b7-b2f0-51fa883b2555"
              ],
              "failures": [],
              "pending": [],
              "skipped": [],
              "duration": 0,
              "root": false,
              "rootEmpty": false,
              "_timeout": 2000
            }
          ],
          "passes": [],
          "failures": [],
          "pending": [],
          "skipped": [],
          "duration": 0,
          "root": false,
          "rootEmpty": false,
          "_timeout": 2000
        }
      ],
      "passes": [],
      "failures": [],
      "pending": [],
      "skipped": [],
      "duration": 0,
      "root": true,
      "rootEmpty": true,
      "_timeout": 2000
    }
  ],
  "meta": {
    "mocha": {
      "version": "10.2.0"
    },
    "mochawesome": {
      "options": {
        "quiet": false,
        "reportFilename": "mochawesome",
        "saveHtml": true,
        "saveJson": true,
        "consoleReporter": "spec",
        "useInlineDiffs": false,
        "code": true
      },
      "version": "7.1.3"
    },
    "marge": {
      "options": null,
      "version": "6.2.0"
    }
  }
}