<?xml version="1.0" ?>
<!DOCTYPE coverage SYSTEM "http://cobertura.sourceforge.net/xml/coverage-04.dtd">
<coverage lines-valid="76" lines-covered="64" line-rate="0.8421" branches-valid="59" branches-covered="47" branch-rate="0.7966" timestamp="1638817169454" complexity="0" version="0.1">
  <sources>
    <source>/home/runner/work/semantic-release-docker/semantic-release-docker</source>
  </sources>
  <packages>
    <class name="index.ts" filename="src/lib/index.ts" line-rate="0.8421" branch-rate="0.7966">
      <methods>
        <method name="parseConfig" hits="5" signature="()V">
          <lines>
            <line number="22" hits="5"/>
          </lines>
        </method>
        <method name="(anonymous_9)" hits="2" signature="()V">
          <lines>
            <line number="39" hits="2"/>
          </lines>
        </method>
        <method name="(anonymous_10)" hits="2" signature="()V">
          <lines>
            <line number="40" hits="2"/>
          </lines>
        </method>
        <method name="(anonymous_11)" hits="20" signature="()V">
          <lines>
            <line number="47" hits="20"/>
          </lines>
        </method>
        <method name="getBaseImage" hits="14" signature="()V">
          <lines>
            <line number="57" hits="14"/>
          </lines>
        </method>
        <method name="isPreRelease" hits="8" signature="()V">
          <lines>
            <line number="68" hits="8"/>
          </lines>
        </method>
        <method name="getMajorAndMinorPart" hits="6" signature="()V">
          <lines>
            <line number="72" hits="6"/>
          </lines>
        </method>
        <method name="getTagTasks" hits="4" signature="()V">
          <lines>
            <line number="87" hits="4"/>
          </lines>
        </method>
        <method name="(anonymous_16)" hits="5" signature="()V">
          <lines>
            <line number="95" hits="5"/>
          </lines>
        </method>
        <method name="docker" hits="1" signature="()V">
          <lines>
            <line number="147" hits="1"/>
          </lines>
        </method>
        <method name="tagImage" hits="1" signature="()V">
          <lines>
            <line number="163" hits="1"/>
          </lines>
        </method>
        <method name="pushImage" hits="0" signature="()V">
          <lines>
            <line number="167" hits="0"/>
          </lines>
        </method>
        <method name="publish" hits="2" signature="()V">
          <lines>
            <line number="171" hits="2"/>
          </lines>
        </method>
      </methods>
      <lines>
        <line number="11" hits="1" branch="false"/>
        <line number="22" hits="1" branch="false"/>
        <line number="23" hits="5" branch="false"/>
        <line number="34" hits="5" branch="true" condition-coverage="100% (2/2)"/>
        <line number="35" hits="2" branch="false"/>
        <line number="37" hits="3" branch="true" condition-coverage="100% (2/2)"/>
        <line number="38" hits="2" branch="false"/>
        <line number="39" hits="2" branch="false"/>
        <line number="40" hits="2" branch="false"/>
        <line number="43" hits="1" branch="false"/>
        <line number="46" hits="4" branch="false"/>
        <line number="47" hits="4" branch="false"/>
        <line number="48" hits="20" branch="true" condition-coverage="100% (2/2)"/>
        <line number="49" hits="20" branch="true" condition-coverage="100% (4/4)"/>
        <line number="50" hits="6" branch="false"/>
        <line number="54" hits="4" branch="false"/>
        <line number="57" hits="1" branch="false"/>
        <line number="58" hits="14" branch="false"/>
        <line number="61" hits="14" branch="true" condition-coverage="100% (4/4)"/>
        <line number="62" hits="2" branch="false"/>
        <line number="65" hits="14" branch="false"/>
        <line number="68" hits="1" branch="false"/>
        <line number="69" hits="8" branch="true" condition-coverage="100% (2/2)"/>
        <line number="72" hits="1" branch="false"/>
        <line number="73" hits="6" branch="true" condition-coverage="100% (2/2)"/>
        <line number="74" hits="1" branch="false"/>
        <line number="80" hits="5" branch="false"/>
        <line number="81" hits="5" branch="false"/>
        <line number="87" hits="1" branch="false"/>
        <line number="88" hits="4" branch="false"/>
        <line number="90" hits="4" branch="true" condition-coverage="100% (2/2)"/>
        <line number="91" hits="1" branch="false"/>
        <line number="94" hits="3" branch="false"/>
        <line number="95" hits="3" branch="false"/>
        <line number="96" hits="5" branch="false"/>
        <line number="99" hits="5" branch="true" condition-coverage="100% (4/4)"/>
        <line number="100" hits="4" branch="false"/>
        <line number="106" hits="5" branch="true" condition-coverage="100% (2/2)"/>
        <line number="107" hits="3" branch="false"/>
        <line number="110" hits="3" branch="true" condition-coverage="100% (2/2)"/>
        <line number="111" hits="2" branch="false"/>
        <line number="118" hits="3" branch="true" condition-coverage="100% (4/4)"/>
        <line number="119" hits="2" branch="false"/>
        <line number="126" hits="3" branch="true" condition-coverage="100% (5/5)"/>
        <line number="127" hits="2" branch="false"/>
        <line number="135" hits="5" branch="true" condition-coverage="75% (3/4)"/>
        <line number="136" hits="5" branch="true" condition-coverage="100% (4/4)"/>
        <line number="137" hits="2" branch="false"/>
        <line number="144" hits="3" branch="false"/>
        <line number="147" hits="1" branch="false"/>
        <line number="148" hits="1" branch="false"/>
        <line number="149" hits="1" branch="false"/>
        <line number="152" hits="0" branch="true" condition-coverage="0% (0/6)"/>
        <line number="156" hits="0" branch="false"/>
        <line number="158" hits="0" branch="false"/>
        <line number="163" hits="1" branch="false"/>
        <line number="164" hits="1" branch="false"/>
        <line number="167" hits="1" branch="false"/>
        <line number="168" hits="0" branch="false"/>
        <line number="171" hits="1" branch="false"/>
        <line number="172" hits="2" branch="true" condition-coverage="100% (2/2)"/>
        <line number="173" hits="1" branch="false"/>
        <line number="174" hits="1" branch="false"/>
        <line number="177" hits="1" branch="false"/>
        <line number="178" hits="1" branch="false"/>
        <line number="179" hits="1" branch="true" condition-coverage="50% (1/2)"/>
        <line number="180" hits="1" branch="false"/>
        <line number="183" hits="0" branch="false"/>
        <line number="184" hits="0" branch="false"/>
        <line number="185" hits="0" branch="false"/>
        <line number="187" hits="0" branch="false"/>
        <line number="188" hits="0" branch="false"/>
        <line number="191" hits="0" branch="true" condition-coverage="0% (0/4)"/>
        <line number="192" hits="0" branch="false"/>
        <line number="193" hits="0" branch="false"/>
        <line number="200" hits="1" branch="false"/>
      </lines>
    </class>
  </packages>
</coverage>
